<html>
<head>
<title>TestNG:  ADAT</title>
<link href="../testng.css" rel="stylesheet" type="text/css" />
<link href="../my-testng.css" rel="stylesheet" type="text/css" />

<style type="text/css">
.log { display: none;} 
.stack-trace { display: none;} 
</style>
<script type="text/javascript">
<!--
function flip(e) {
  current = e.style.display;
  if (current == 'block') {
    e.style.display = 'none';
    return 0;
  }
  else {
    e.style.display = 'block';
    return 1;
  }
}

function toggleBox(szDivId, elem, msg1, msg2)
{
  var res = -1;  if (document.getElementById) {
    res = flip(document.getElementById(szDivId));
  }
  else if (document.all) {
    // this is the way old msie versions work
    res = flip(document.all[szDivId]);
  }
  if(elem) {
    if(res == 0) elem.innerHTML = msg1; else elem.innerHTML = msg2;
  }

}

function toggleAllBoxes() {
  if (document.getElementsByTagName) {
    d = document.getElementsByTagName('div');
    for (i = 0; i < d.length; i++) {
      if (d[i].className == 'log') {
        flip(d[i]);
      }
    }
  }
}

// -->
</script>

</head>
<body>
<h2 align='center'>ADAT</h2><table border='1' align="center">
<tr>
<td>Tests passed/Failed/Skipped:</td><td>14/10/0</td>
</tr><tr>
<td>Started on:</td><td>Wed May 22 17:39:03 CDT 2019</td>
</tr>
<tr><td>Total time:</td><td>480 seconds (480667 ms)</td>
</tr><tr>
<td>Included groups:</td><td></td>
</tr><tr>
<td>Excluded groups:</td><td></td>
</tr>
</table><p/>
<small><i>(Hover the method name to see the test class name)</i></small><p/>
<table width='100%' border='1' class='invocation-failed'>
<tr><td colspan='4' align='center'><b>FAILED TESTS</b></td></tr>
<tr><td><b>Test method</b></td>
<td width="30%"><b>Exception</b></td>
<td width="10%"><b>Time (seconds)</b></td>
<td><b>Instance</b></td>
</tr>
<tr>
<td title='WCRV_Application.WCRV_SmokeTest.WCRV_Generate_RateSheet()'><b>WCRV_Generate_RateSheet</b><br>Test class: WCRV_Application.WCRV_SmokeTest<br>Parameters: 3, US, L3usCC20170101611379, Test1234, IMPORT, 1</td>
<td><div><pre>java.lang.AssertionError: Text not present.  By.cssSelector: div.fx-inner-grid.fx-cf &gt; h5 -  FedEx Services available from your country TO other countries.
	at WCRV_Application.WCRV_SmokeTest.WCRV_Generate_RateSheet(WCRV_SmokeTest.java:91)
	at java.util.concurrent.FutureTask.run(Unknown Source)
	at java.util.concurrent.Executors$RunnableAdapter.call(Unknown Source)
	at java.util.concurrent.FutureTask.run(Unknown Source)
	at java.util.concurrent.ThreadPoolExecutor.runWorker(Unknown Source)
	at java.util.concurrent.ThreadPoolExecutor$Worker.run(Unknown Source)
	at java.lang.Thread.run(Unknown Source)
... Removed 10 stack frames</pre></div><a href='#' onClick='toggleBox("stack-trace468289774", this, "Click to show all stack frames", "Click to hide stack frames")'>Click to show all stack frames</a>
<div class='stack-trace' id='stack-trace468289774'><pre>java.lang.AssertionError: Text not present.  By.cssSelector: div.fx-inner-grid.fx-cf &gt; h5 -  FedEx Services available from your country TO other countries.
	at org.testng.Assert.fail(Assert.java:96)
	at WCRV_Application.WCRV_SmokeTest.WCRV_Generate_RateSheet(WCRV_SmokeTest.java:91)
	at sun.reflect.NativeMethodAccessorImpl.invoke0(Native Method)
	at sun.reflect.NativeMethodAccessorImpl.invoke(Unknown Source)
	at sun.reflect.DelegatingMethodAccessorImpl.invoke(Unknown Source)
	at java.lang.reflect.Method.invoke(Unknown Source)
	at org.testng.internal.MethodInvocationHelper.invokeMethod(MethodInvocationHelper.java:124)
	at org.testng.internal.Invoker.invokeMethod(Invoker.java:580)
	at org.testng.internal.Invoker.invokeTestMethod(Invoker.java:716)
	at org.testng.internal.TestMethodWithDataProviderMethodWorker.call(TestMethodWithDataProviderMethodWorker.java:71)
	at org.testng.internal.TestMethodWithDataProviderMethodWorker.call(TestMethodWithDataProviderMethodWorker.java:14)
	at java.util.concurrent.FutureTask.run(Unknown Source)
	at java.util.concurrent.Executors$RunnableAdapter.call(Unknown Source)
	at java.util.concurrent.FutureTask.run(Unknown Source)
	at java.util.concurrent.ThreadPoolExecutor.runWorker(Unknown Source)
	at java.util.concurrent.ThreadPoolExecutor$Worker.run(Unknown Source)
	at java.lang.Thread.run(Unknown Source)
</pre></div></td>
<td>245</td>
<td>WCRV_Application.WCRV_SmokeTest@33cb5951</td></tr>
<tr>
<td title='WCRV_Application.WCRV_SmokeTest.WCRV_Generate_RateSheet()'><b>WCRV_Generate_RateSheet</b><br>Test class: WCRV_Application.WCRV_SmokeTest<br>Parameters: 3, US, L3usCC20170101611379, Test1234, INTRA_COUNTRY, 1</td>
<td><div><pre>java.lang.AssertionError: Element is not present on page.  By.id: account
	at WCRV_Application.WCRV_SmokeTest.WCRV_Generate_RateSheet(WCRV_SmokeTest.java:91)
	at java.util.concurrent.FutureTask.run(Unknown Source)
	at java.util.concurrent.Executors$RunnableAdapter.call(Unknown Source)
	at java.util.concurrent.FutureTask.run(Unknown Source)
	at java.util.concurrent.ThreadPoolExecutor.runWorker(Unknown Source)
	at java.util.concurrent.ThreadPoolExecutor$Worker.run(Unknown Source)
	at java.lang.Thread.run(Unknown Source)
... Removed 10 stack frames</pre></div><a href='#' onClick='toggleBox("stack-trace447948249", this, "Click to show all stack frames", "Click to hide stack frames")'>Click to show all stack frames</a>
<div class='stack-trace' id='stack-trace447948249'><pre>java.lang.AssertionError: Element is not present on page.  By.id: account
	at org.testng.Assert.fail(Assert.java:96)
	at WCRV_Application.WCRV_SmokeTest.WCRV_Generate_RateSheet(WCRV_SmokeTest.java:91)
	at sun.reflect.NativeMethodAccessorImpl.invoke0(Native Method)
	at sun.reflect.NativeMethodAccessorImpl.invoke(Unknown Source)
	at sun.reflect.DelegatingMethodAccessorImpl.invoke(Unknown Source)
	at java.lang.reflect.Method.invoke(Unknown Source)
	at org.testng.internal.MethodInvocationHelper.invokeMethod(MethodInvocationHelper.java:124)
	at org.testng.internal.Invoker.invokeMethod(Invoker.java:580)
	at org.testng.internal.Invoker.invokeTestMethod(Invoker.java:716)
	at org.testng.internal.TestMethodWithDataProviderMethodWorker.call(TestMethodWithDataProviderMethodWorker.java:71)
	at org.testng.internal.TestMethodWithDataProviderMethodWorker.call(TestMethodWithDataProviderMethodWorker.java:14)
	at java.util.concurrent.FutureTask.run(Unknown Source)
	at java.util.concurrent.Executors$RunnableAdapter.call(Unknown Source)
	at java.util.concurrent.FutureTask.run(Unknown Source)
	at java.util.concurrent.ThreadPoolExecutor.runWorker(Unknown Source)
	at java.util.concurrent.ThreadPoolExecutor$Worker.run(Unknown Source)
	at java.lang.Thread.run(Unknown Source)
</pre></div></td>
<td>275</td>
<td>WCRV_Application.WCRV_SmokeTest@33cb5951</td></tr>
<tr>
<td title='WCRV_Application.WCRV_SmokeTest.WCRV_Generate_RateSheet()'><b>WCRV_Generate_RateSheet</b><br>Test class: WCRV_Application.WCRV_SmokeTest<br>Parameters: 3, US, L3usCC20170101611379, Test1234, EXPORT, 1</td>
<td><div><pre>java.lang.AssertionError: Text not present.  By.cssSelector: div.fx-inner-grid.fx-cf &gt; h5 -  FedEx Services available from your country TO other countries.
	at WCRV_Application.WCRV_SmokeTest.WCRV_Generate_RateSheet(WCRV_SmokeTest.java:91)
	at java.util.concurrent.FutureTask.run(Unknown Source)
	at java.util.concurrent.Executors$RunnableAdapter.call(Unknown Source)
	at java.util.concurrent.FutureTask.run(Unknown Source)
	at java.util.concurrent.ThreadPoolExecutor.runWorker(Unknown Source)
	at java.util.concurrent.ThreadPoolExecutor$Worker.run(Unknown Source)
	at java.lang.Thread.run(Unknown Source)
... Removed 10 stack frames</pre></div><a href='#' onClick='toggleBox("stack-trace778013244", this, "Click to show all stack frames", "Click to hide stack frames")'>Click to show all stack frames</a>
<div class='stack-trace' id='stack-trace778013244'><pre>java.lang.AssertionError: Text not present.  By.cssSelector: div.fx-inner-grid.fx-cf &gt; h5 -  FedEx Services available from your country TO other countries.
	at org.testng.Assert.fail(Assert.java:96)
	at WCRV_Application.WCRV_SmokeTest.WCRV_Generate_RateSheet(WCRV_SmokeTest.java:91)
	at sun.reflect.NativeMethodAccessorImpl.invoke0(Native Method)
	at sun.reflect.NativeMethodAccessorImpl.invoke(Unknown Source)
	at sun.reflect.DelegatingMethodAccessorImpl.invoke(Unknown Source)
	at java.lang.reflect.Method.invoke(Unknown Source)
	at org.testng.internal.MethodInvocationHelper.invokeMethod(MethodInvocationHelper.java:124)
	at org.testng.internal.Invoker.invokeMethod(Invoker.java:580)
	at org.testng.internal.Invoker.invokeTestMethod(Invoker.java:716)
	at org.testng.internal.TestMethodWithDataProviderMethodWorker.call(TestMethodWithDataProviderMethodWorker.java:71)
	at org.testng.internal.TestMethodWithDataProviderMethodWorker.call(TestMethodWithDataProviderMethodWorker.java:14)
	at java.util.concurrent.FutureTask.run(Unknown Source)
	at java.util.concurrent.Executors$RunnableAdapter.call(Unknown Source)
	at java.util.concurrent.FutureTask.run(Unknown Source)
	at java.util.concurrent.ThreadPoolExecutor.runWorker(Unknown Source)
	at java.util.concurrent.ThreadPoolExecutor$Worker.run(Unknown Source)
	at java.lang.Thread.run(Unknown Source)
</pre></div></td>
<td>290</td>
<td>WCRV_Application.WCRV_SmokeTest@33cb5951</td></tr>
<tr>
<td title='WCRV_Application.WCRV_SmokeTest.WCRV_Generate_RateSheet()'><b>WCRV_Generate_RateSheet</b><br>Test class: WCRV_Application.WCRV_SmokeTest<br>Parameters: 3, US, L3usCC20170101611379, Test1234, THIRD_PARTY, 1</td>
<td><div><pre>java.lang.AssertionError: Text not present.  By.cssSelector: div.fx-inner-grid.fx-cf &gt; h5 -  FedEx Services available from your country TO other countries.
	at WCRV_Application.WCRV_SmokeTest.WCRV_Generate_RateSheet(WCRV_SmokeTest.java:91)
	at java.util.concurrent.FutureTask.run(Unknown Source)
	at java.util.concurrent.Executors$RunnableAdapter.call(Unknown Source)
	at java.util.concurrent.FutureTask.run(Unknown Source)
	at java.util.concurrent.ThreadPoolExecutor.runWorker(Unknown Source)
	at java.util.concurrent.ThreadPoolExecutor$Worker.run(Unknown Source)
	at java.lang.Thread.run(Unknown Source)
... Removed 10 stack frames</pre></div><a href='#' onClick='toggleBox("stack-trace2007557904", this, "Click to show all stack frames", "Click to hide stack frames")'>Click to show all stack frames</a>
<div class='stack-trace' id='stack-trace2007557904'><pre>java.lang.AssertionError: Text not present.  By.cssSelector: div.fx-inner-grid.fx-cf &gt; h5 -  FedEx Services available from your country TO other countries.
	at org.testng.Assert.fail(Assert.java:96)
	at WCRV_Application.WCRV_SmokeTest.WCRV_Generate_RateSheet(WCRV_SmokeTest.java:91)
	at sun.reflect.NativeMethodAccessorImpl.invoke0(Native Method)
	at sun.reflect.NativeMethodAccessorImpl.invoke(Unknown Source)
	at sun.reflect.DelegatingMethodAccessorImpl.invoke(Unknown Source)
	at java.lang.reflect.Method.invoke(Unknown Source)
	at org.testng.internal.MethodInvocationHelper.invokeMethod(MethodInvocationHelper.java:124)
	at org.testng.internal.Invoker.invokeMethod(Invoker.java:580)
	at org.testng.internal.Invoker.invokeTestMethod(Invoker.java:716)
	at org.testng.internal.TestMethodWithDataProviderMethodWorker.call(TestMethodWithDataProviderMethodWorker.java:71)
	at org.testng.internal.TestMethodWithDataProviderMethodWorker.call(TestMethodWithDataProviderMethodWorker.java:14)
	at java.util.concurrent.FutureTask.run(Unknown Source)
	at java.util.concurrent.Executors$RunnableAdapter.call(Unknown Source)
	at java.util.concurrent.FutureTask.run(Unknown Source)
	at java.util.concurrent.ThreadPoolExecutor.runWorker(Unknown Source)
	at java.util.concurrent.ThreadPoolExecutor$Worker.run(Unknown Source)
	at java.lang.Thread.run(Unknown Source)
</pre></div></td>
<td>333</td>
<td>WCRV_Application.WCRV_SmokeTest@33cb5951</td></tr>
<tr>
<td title='WCRV_Application.WCRV_SmokeTest.WCRV_Generate_RateSheet_Passkey()'><b>WCRV_Generate_RateSheet_Passkey</b><br>Test class: WCRV_Application.WCRV_SmokeTest<br>Parameters: 3, US, L3usCC20170101611379, Test1234, EXPORT, 1</td>
<td><div><pre>java.lang.AssertionError: Element is not present on page.  By.id: account
	at WCRV_Application.WCRV_SmokeTest.WCRV_Generate_RateSheet_Passkey(WCRV_SmokeTest.java:101)
	at java.util.concurrent.FutureTask.run(Unknown Source)
	at java.util.concurrent.Executors$RunnableAdapter.call(Unknown Source)
	at java.util.concurrent.FutureTask.run(Unknown Source)
	at java.util.concurrent.ThreadPoolExecutor.runWorker(Unknown Source)
	at java.util.concurrent.ThreadPoolExecutor$Worker.run(Unknown Source)
	at java.lang.Thread.run(Unknown Source)
... Removed 10 stack frames</pre></div><a href='#' onClick='toggleBox("stack-trace483771210", this, "Click to show all stack frames", "Click to hide stack frames")'>Click to show all stack frames</a>
<div class='stack-trace' id='stack-trace483771210'><pre>java.lang.AssertionError: Element is not present on page.  By.id: account
	at org.testng.Assert.fail(Assert.java:96)
	at WCRV_Application.WCRV_SmokeTest.WCRV_Generate_RateSheet_Passkey(WCRV_SmokeTest.java:101)
	at sun.reflect.NativeMethodAccessorImpl.invoke0(Native Method)
	at sun.reflect.NativeMethodAccessorImpl.invoke(Unknown Source)
	at sun.reflect.DelegatingMethodAccessorImpl.invoke(Unknown Source)
	at java.lang.reflect.Method.invoke(Unknown Source)
	at org.testng.internal.MethodInvocationHelper.invokeMethod(MethodInvocationHelper.java:124)
	at org.testng.internal.Invoker.invokeMethod(Invoker.java:580)
	at org.testng.internal.Invoker.invokeTestMethod(Invoker.java:716)
	at org.testng.internal.TestMethodWithDataProviderMethodWorker.call(TestMethodWithDataProviderMethodWorker.java:71)
	at org.testng.internal.TestMethodWithDataProviderMethodWorker.call(TestMethodWithDataProviderMethodWorker.java:14)
	at java.util.concurrent.FutureTask.run(Unknown Source)
	at java.util.concurrent.Executors$RunnableAdapter.call(Unknown Source)
	at java.util.concurrent.FutureTask.run(Unknown Source)
	at java.util.concurrent.ThreadPoolExecutor.runWorker(Unknown Source)
	at java.util.concurrent.ThreadPoolExecutor$Worker.run(Unknown Source)
	at java.lang.Thread.run(Unknown Source)
</pre></div></td>
<td>103</td>
<td>WCRV_Application.WCRV_SmokeTest@33cb5951</td></tr>
<tr>
<td title='WCRV_Application.WCRV_SmokeTest.WCRV_Generate_RateSheet_Passkey()'><b>WCRV_Generate_RateSheet_Passkey</b><br>Test class: WCRV_Application.WCRV_SmokeTest<br>Parameters: 3, US, L3usCC20170101611379, Test1234, IMPORT, 1</td>
<td><div><pre>java.lang.AssertionError: Text not present.  By.cssSelector: div.fx-inner-grid.fx-cf &gt; h5 -  FedEx Services available from your country TO other countries.
	at WCRV_Application.WCRV_SmokeTest.WCRV_Generate_RateSheet_Passkey(WCRV_SmokeTest.java:101)
	at java.util.concurrent.FutureTask.run(Unknown Source)
	at java.util.concurrent.Executors$RunnableAdapter.call(Unknown Source)
	at java.util.concurrent.FutureTask.run(Unknown Source)
	at java.util.concurrent.ThreadPoolExecutor.runWorker(Unknown Source)
	at java.util.concurrent.ThreadPoolExecutor$Worker.run(Unknown Source)
	at java.lang.Thread.run(Unknown Source)
... Removed 10 stack frames</pre></div><a href='#' onClick='toggleBox("stack-trace144587707", this, "Click to show all stack frames", "Click to hide stack frames")'>Click to show all stack frames</a>
<div class='stack-trace' id='stack-trace144587707'><pre>java.lang.AssertionError: Text not present.  By.cssSelector: div.fx-inner-grid.fx-cf &gt; h5 -  FedEx Services available from your country TO other countries.
	at org.testng.Assert.fail(Assert.java:96)
	at WCRV_Application.WCRV_SmokeTest.WCRV_Generate_RateSheet_Passkey(WCRV_SmokeTest.java:101)
	at sun.reflect.NativeMethodAccessorImpl.invoke0(Native Method)
	at sun.reflect.NativeMethodAccessorImpl.invoke(Unknown Source)
	at sun.reflect.DelegatingMethodAccessorImpl.invoke(Unknown Source)
	at java.lang.reflect.Method.invoke(Unknown Source)
	at org.testng.internal.MethodInvocationHelper.invokeMethod(MethodInvocationHelper.java:124)
	at org.testng.internal.Invoker.invokeMethod(Invoker.java:580)
	at org.testng.internal.Invoker.invokeTestMethod(Invoker.java:716)
	at org.testng.internal.TestMethodWithDataProviderMethodWorker.call(TestMethodWithDataProviderMethodWorker.java:71)
	at org.testng.internal.TestMethodWithDataProviderMethodWorker.call(TestMethodWithDataProviderMethodWorker.java:14)
	at java.util.concurrent.FutureTask.run(Unknown Source)
	at java.util.concurrent.Executors$RunnableAdapter.call(Unknown Source)
	at java.util.concurrent.FutureTask.run(Unknown Source)
	at java.util.concurrent.ThreadPoolExecutor.runWorker(Unknown Source)
	at java.util.concurrent.ThreadPoolExecutor$Worker.run(Unknown Source)
	at java.lang.Thread.run(Unknown Source)
</pre></div></td>
<td>139</td>
<td>WCRV_Application.WCRV_SmokeTest@33cb5951</td></tr>
<tr>
<td title='WCRV_Application.WCRV_SmokeTest.WCRV_Generate_RateSheet_Passkey()'><b>WCRV_Generate_RateSheet_Passkey</b><br>Test class: WCRV_Application.WCRV_SmokeTest<br>Parameters: 3, US, L3usCC20170101611379, Test1234, INTRA_COUNTRY, 1</td>
<td><div><pre>java.lang.AssertionError: Text not present.  By.cssSelector: div.fx-inner-grid.fx-cf &gt; h5 -  FedEx Services available from your country TO other countries.
	at WCRV_Application.WCRV_SmokeTest.WCRV_Generate_RateSheet_Passkey(WCRV_SmokeTest.java:101)
	at java.util.concurrent.FutureTask.run(Unknown Source)
	at java.util.concurrent.Executors$RunnableAdapter.call(Unknown Source)
	at java.util.concurrent.FutureTask.run(Unknown Source)
	at java.util.concurrent.ThreadPoolExecutor.runWorker(Unknown Source)
	at java.util.concurrent.ThreadPoolExecutor$Worker.run(Unknown Source)
	at java.lang.Thread.run(Unknown Source)
... Removed 10 stack frames</pre></div><a href='#' onClick='toggleBox("stack-trace1744613366", this, "Click to show all stack frames", "Click to hide stack frames")'>Click to show all stack frames</a>
<div class='stack-trace' id='stack-trace1744613366'><pre>java.lang.AssertionError: Text not present.  By.cssSelector: div.fx-inner-grid.fx-cf &gt; h5 -  FedEx Services available from your country TO other countries.
	at org.testng.Assert.fail(Assert.java:96)
	at WCRV_Application.WCRV_SmokeTest.WCRV_Generate_RateSheet_Passkey(WCRV_SmokeTest.java:101)
	at sun.reflect.NativeMethodAccessorImpl.invoke0(Native Method)
	at sun.reflect.NativeMethodAccessorImpl.invoke(Unknown Source)
	at sun.reflect.DelegatingMethodAccessorImpl.invoke(Unknown Source)
	at java.lang.reflect.Method.invoke(Unknown Source)
	at org.testng.internal.MethodInvocationHelper.invokeMethod(MethodInvocationHelper.java:124)
	at org.testng.internal.Invoker.invokeMethod(Invoker.java:580)
	at org.testng.internal.Invoker.invokeTestMethod(Invoker.java:716)
	at org.testng.internal.TestMethodWithDataProviderMethodWorker.call(TestMethodWithDataProviderMethodWorker.java:71)
	at org.testng.internal.TestMethodWithDataProviderMethodWorker.call(TestMethodWithDataProviderMethodWorker.java:14)
	at java.util.concurrent.FutureTask.run(Unknown Source)
	at java.util.concurrent.Executors$RunnableAdapter.call(Unknown Source)
	at java.util.concurrent.FutureTask.run(Unknown Source)
	at java.util.concurrent.ThreadPoolExecutor.runWorker(Unknown Source)
	at java.util.concurrent.ThreadPoolExecutor$Worker.run(Unknown Source)
	at java.lang.Thread.run(Unknown Source)
</pre></div></td>
<td>179</td>
<td>WCRV_Application.WCRV_SmokeTest@33cb5951</td></tr>
<tr>
<td title='WCRV_Application.WCRV_SmokeTest.WCRV_Generate_RateSheet_Passkey()'><b>WCRV_Generate_RateSheet_Passkey</b><br>Test class: WCRV_Application.WCRV_SmokeTest<br>Parameters: 3, US, L3usCC20170101611379, Test1234, THIRD_PARTY, 1</td>
<td><div><pre>java.lang.AssertionError: Text not present.  By.cssSelector: div.fx-inner-grid.fx-cf &gt; h5 -  FedEx Services available from your country TO other countries.
	at WCRV_Application.WCRV_SmokeTest.WCRV_Generate_RateSheet_Passkey(WCRV_SmokeTest.java:101)
	at java.util.concurrent.FutureTask.run(Unknown Source)
	at java.util.concurrent.Executors$RunnableAdapter.call(Unknown Source)
	at java.util.concurrent.FutureTask.run(Unknown Source)
	at java.util.concurrent.ThreadPoolExecutor.runWorker(Unknown Source)
	at java.util.concurrent.ThreadPoolExecutor$Worker.run(Unknown Source)
	at java.lang.Thread.run(Unknown Source)
... Removed 10 stack frames</pre></div><a href='#' onClick='toggleBox("stack-trace619130173", this, "Click to show all stack frames", "Click to hide stack frames")'>Click to show all stack frames</a>
<div class='stack-trace' id='stack-trace619130173'><pre>java.lang.AssertionError: Text not present.  By.cssSelector: div.fx-inner-grid.fx-cf &gt; h5 -  FedEx Services available from your country TO other countries.
	at org.testng.Assert.fail(Assert.java:96)
	at WCRV_Application.WCRV_SmokeTest.WCRV_Generate_RateSheet_Passkey(WCRV_SmokeTest.java:101)
	at sun.reflect.NativeMethodAccessorImpl.invoke0(Native Method)
	at sun.reflect.NativeMethodAccessorImpl.invoke(Unknown Source)
	at sun.reflect.DelegatingMethodAccessorImpl.invoke(Unknown Source)
	at java.lang.reflect.Method.invoke(Unknown Source)
	at org.testng.internal.MethodInvocationHelper.invokeMethod(MethodInvocationHelper.java:124)
	at org.testng.internal.Invoker.invokeMethod(Invoker.java:580)
	at org.testng.internal.Invoker.invokeTestMethod(Invoker.java:716)
	at org.testng.internal.TestMethodWithDataProviderMethodWorker.call(TestMethodWithDataProviderMethodWorker.java:71)
	at org.testng.internal.TestMethodWithDataProviderMethodWorker.call(TestMethodWithDataProviderMethodWorker.java:14)
	at java.util.concurrent.FutureTask.run(Unknown Source)
	at java.util.concurrent.Executors$RunnableAdapter.call(Unknown Source)
	at java.util.concurrent.FutureTask.run(Unknown Source)
	at java.util.concurrent.ThreadPoolExecutor.runWorker(Unknown Source)
	at java.util.concurrent.ThreadPoolExecutor$Worker.run(Unknown Source)
	at java.lang.Thread.run(Unknown Source)
</pre></div></td>
<td>188</td>
<td>WCRV_Application.WCRV_SmokeTest@33cb5951</td></tr>
<tr>
<td title='WCRV_Application.WCRV_SmokeTest.WCRV_Help_Link()'><b>WCRV_Help_Link</b><br>Test class: WCRV_Application.WCRV_SmokeTest<br>Parameters: 3, Data_Structures.User_Data@3f0274b4, US</td>
<td><div><pre>java.lang.AssertionError: US Help page not loading correctly.
	at WCRV_Application.WCRV_SmokeTest.WCRV_Help_Link(WCRV_SmokeTest.java:116)
	at java.util.concurrent.FutureTask.run(Unknown Source)
	at java.util.concurrent.Executors$RunnableAdapter.call(Unknown Source)
	at java.util.concurrent.FutureTask.run(Unknown Source)
	at java.util.concurrent.ThreadPoolExecutor.runWorker(Unknown Source)
	at java.util.concurrent.ThreadPoolExecutor$Worker.run(Unknown Source)
	at java.lang.Thread.run(Unknown Source)
... Removed 10 stack frames</pre></div><a href='#' onClick='toggleBox("stack-trace1013153908", this, "Click to show all stack frames", "Click to hide stack frames")'>Click to show all stack frames</a>
<div class='stack-trace' id='stack-trace1013153908'><pre>java.lang.AssertionError: US Help page not loading correctly.
	at org.testng.Assert.fail(Assert.java:96)
	at WCRV_Application.WCRV_SmokeTest.WCRV_Help_Link(WCRV_SmokeTest.java:116)
	at sun.reflect.NativeMethodAccessorImpl.invoke0(Native Method)
	at sun.reflect.NativeMethodAccessorImpl.invoke(Unknown Source)
	at sun.reflect.DelegatingMethodAccessorImpl.invoke(Unknown Source)
	at java.lang.reflect.Method.invoke(Unknown Source)
	at org.testng.internal.MethodInvocationHelper.invokeMethod(MethodInvocationHelper.java:124)
	at org.testng.internal.Invoker.invokeMethod(Invoker.java:580)
	at org.testng.internal.Invoker.invokeTestMethod(Invoker.java:716)
	at org.testng.internal.TestMethodWithDataProviderMethodWorker.call(TestMethodWithDataProviderMethodWorker.java:71)
	at org.testng.internal.TestMethodWithDataProviderMethodWorker.call(TestMethodWithDataProviderMethodWorker.java:14)
	at java.util.concurrent.FutureTask.run(Unknown Source)
	at java.util.concurrent.Executors$RunnableAdapter.call(Unknown Source)
	at java.util.concurrent.FutureTask.run(Unknown Source)
	at java.util.concurrent.ThreadPoolExecutor.runWorker(Unknown Source)
	at java.util.concurrent.ThreadPoolExecutor$Worker.run(Unknown Source)
	at java.lang.Thread.run(Unknown Source)
</pre></div></td>
<td>87</td>
<td>WCRV_Application.WCRV_SmokeTest@33cb5951</td></tr>
<tr>
<td title='WIDM_Application.WIDM_SmokeTest.WIDM_ResetPassword_Email()'><b>WIDM_ResetPassword_Email</b><br>Test class: WIDM_Application.WIDM_SmokeTest<br>Parameters: 3, L3642210300US101118T153422, Test1234</td>
<td><div><pre>java.lang.AssertionError: Element is not present on page.  By.id: linkaction
	at WIDM_Application.WIDM_SmokeTest.WIDM_ResetPassword_Email(WIDM_SmokeTest.java:179)
	at java.util.concurrent.FutureTask.run(Unknown Source)
	at java.util.concurrent.Executors$RunnableAdapter.call(Unknown Source)
	at java.util.concurrent.FutureTask.run(Unknown Source)
	at java.util.concurrent.ThreadPoolExecutor.runWorker(Unknown Source)
	at java.util.concurrent.ThreadPoolExecutor$Worker.run(Unknown Source)
	at java.lang.Thread.run(Unknown Source)
... Removed 10 stack frames</pre></div><a href='#' onClick='toggleBox("stack-trace795770123", this, "Click to show all stack frames", "Click to hide stack frames")'>Click to show all stack frames</a>
<div class='stack-trace' id='stack-trace795770123'><pre>java.lang.AssertionError: Element is not present on page.  By.id: linkaction
	at org.testng.Assert.fail(Assert.java:96)
	at WIDM_Application.WIDM_SmokeTest.WIDM_ResetPassword_Email(WIDM_SmokeTest.java:179)
	at sun.reflect.NativeMethodAccessorImpl.invoke0(Native Method)
	at sun.reflect.NativeMethodAccessorImpl.invoke(Unknown Source)
	at sun.reflect.DelegatingMethodAccessorImpl.invoke(Unknown Source)
	at java.lang.reflect.Method.invoke(Unknown Source)
	at org.testng.internal.MethodInvocationHelper.invokeMethod(MethodInvocationHelper.java:124)
	at org.testng.internal.Invoker.invokeMethod(Invoker.java:580)
	at org.testng.internal.Invoker.invokeTestMethod(Invoker.java:716)
	at org.testng.internal.TestMethodWithDataProviderMethodWorker.call(TestMethodWithDataProviderMethodWorker.java:71)
	at org.testng.internal.TestMethodWithDataProviderMethodWorker.call(TestMethodWithDataProviderMethodWorker.java:14)
	at java.util.concurrent.FutureTask.run(Unknown Source)
	at java.util.concurrent.Executors$RunnableAdapter.call(Unknown Source)
	at java.util.concurrent.FutureTask.run(Unknown Source)
	at java.util.concurrent.ThreadPoolExecutor.runWorker(Unknown Source)
	at java.util.concurrent.ThreadPoolExecutor$Worker.run(Unknown Source)
	at java.lang.Thread.run(Unknown Source)
</pre></div></td>
<td>154</td>
<td>WIDM_Application.WIDM_SmokeTest@4e41089d</td></tr>
</table><p>
<table width='100%' border='1' class='invocation-passed'>
<tr><td colspan='4' align='center'><b>PASSED TESTS</b></td></tr>
<tr><td><b>Test method</b></td>
<td width="30%"><b>Exception</b></td>
<td width="10%"><b>Time (seconds)</b></td>
<td><b>Instance</b></td>
</tr>
<tr>
<td title='WIDM_Application.WIDM_SmokeTest.AAAUserCreate_Email_As_UserId()'><b>AAAUserCreate_Email_As_UserId</b><br>Test class: WIDM_Application.WIDM_SmokeTest<br>Parameters: 3, Data_Structures.Account_Data@1dd92089, true</td>
<td></td>
<td>7</td>
<td>WIDM_Application.WIDM_SmokeTest@4e41089d</td></tr>
<tr>
<td title='WIDM_Application.WIDM_SmokeTest.WIDM_ForgotUserID()'><b>WIDM_ForgotUserID</b><br>Test class: WIDM_Application.WIDM_SmokeTest<br>Parameters: 3, sean.kauffman.osv@fedex.com</td>
<td></td>
<td>58</td>
<td>WIDM_Application.WIDM_SmokeTest@4e41089d</td></tr>
<tr>
<td title='WIDM_Application.WIDM_SmokeTest.WIDM_Login()'><b>WIDM_Login</b><br>Test class: WIDM_Application.WIDM_SmokeTest<br>Parameters: 3, L3642210300US101118T153422, Test1234</td>
<td></td>
<td>193</td>
<td>WIDM_Application.WIDM_SmokeTest@4e41089d</td></tr>
<tr>
<td title='WIDM_Application.WIDM_SmokeTest.WIDM_Login()'><b>WIDM_Login</b><br>Test class: WIDM_Application.WIDM_SmokeTest<br>Parameters: 3, accept@fedex.com, Test1234</td>
<td></td>
<td>203</td>
<td>WIDM_Application.WIDM_SmokeTest@4e41089d</td></tr>
<tr>
<td title='WIDM_Application.WIDM_SmokeTest.WIDM_Registration()'><b>WIDM_Registration</b><br>Test class: WIDM_Application.WIDM_SmokeTest<br>Parameters: 3, US</td>
<td></td>
<td>144</td>
<td>WIDM_Application.WIDM_SmokeTest@4e41089d</td></tr>
<tr>
<td title='WIDM_Application.WIDM_SmokeTest.WIDM_RegistrationEFWS()'><b>WIDM_RegistrationEFWS</b><br>Test class: WIDM_Application.WIDM_SmokeTest<br>Parameters: 3, US</td>
<td></td>
<td>185</td>
<td>WIDM_Application.WIDM_SmokeTest@4e41089d</td></tr>
<tr>
<td title='WIDM_Application.WIDM_SmokeTest.WIDM_Registration_ErrorMessages()'><b>WIDM_Registration_ErrorMessages</b><br>Test class: WIDM_Application.WIDM_SmokeTest<br>Parameters: 3, US</td>
<td></td>
<td>184</td>
<td>WIDM_Application.WIDM_SmokeTest@4e41089d</td></tr>
<tr>
<td title='WIDM_Application.WIDM_SmokeTest.WIDM_ResetPasswordSecret()'><b>WIDM_ResetPasswordSecret</b><br>Test class: WIDM_Application.WIDM_SmokeTest<br>Parameters: 3, US, L3WIDMUS101218T120449, Test1234, mom</td>
<td></td>
<td>153</td>
<td>WIDM_Application.WIDM_SmokeTest@4e41089d</td></tr>
<tr>
<td title='WRTT_Application.WRTT_SmokeTest.WRTT_Rate_Sheet()'><b>WRTT_Rate_Sheet</b><br>Test class: WRTT_Application.WRTT_SmokeTest<br>Parameters: 3, 15, true, true, true</td>
<td></td>
<td>69</td>
<td>WRTT_Application.WRTT_SmokeTest@32a068d1</td></tr>
<tr>
<td title='WRTT_Application.WRTT_SmokeTest.WRTT_Rate_Sheet()'><b>WRTT_Rate_Sheet</b><br>Test class: WRTT_Application.WRTT_SmokeTest<br>Parameters: 3, 5, true, true, false</td>
<td></td>
<td>83</td>
<td>WRTT_Application.WRTT_SmokeTest@32a068d1</td></tr>
<tr>
<td title='WRTT_Application.WRTT_SmokeTest.WRTT_Rate_Sheet()'><b>WRTT_Rate_Sheet</b><br>Test class: WRTT_Application.WRTT_SmokeTest<br>Parameters: 3, 14, true, true, false</td>
<td></td>
<td>94</td>
<td>WRTT_Application.WRTT_SmokeTest@32a068d1</td></tr>
<tr>
<td title='WRTT_Application.WRTT_SmokeTest.WRTT_Rate_Sheet()'><b>WRTT_Rate_Sheet</b><br>Test class: WRTT_Application.WRTT_SmokeTest<br>Parameters: 3, 4, true, true, true</td>
<td></td>
<td>94</td>
<td>WRTT_Application.WRTT_SmokeTest@32a068d1</td></tr>
<tr>
<td title='WRTT_Application.WRTT_SmokeTest.WRTT_SpalshPage_eCRV()'><b>WRTT_SpalshPage_eCRV</b><br>Test class: WRTT_Application.WRTT_SmokeTest<br>Parameters: 3, US</td>
<td></td>
<td>389</td>
<td>WRTT_Application.WRTT_SmokeTest@32a068d1</td></tr>
<tr>
<td title='WRTT_Application.WRTT_SmokeTest.WRTT_eCRV_WRTTLink()'><b>WRTT_eCRV_WRTTLink</b><br>Test class: WRTT_Application.WRTT_SmokeTest<br>Parameters: 3, US</td>
<td></td>
<td>337</td>
<td>WRTT_Application.WRTT_SmokeTest@32a068d1</td></tr>
</table><p>
<table width='100%' border='1' class='invocation-skipped'>
<tr><td colspan='4' align='center'><b>SKIPPED TESTS</b></td></tr>
<tr><td><b>Test method</b></td>
<td width="30%"><b>Exception</b></td>
<td width="10%"><b>Time (seconds)</b></td>
<td><b>Instance</b></td>
</tr>
<tr>
<td title='SupportClasses.Environment.SetEvironmentLevel()'><b>SetEvironmentLevel</b><br>Test class: SupportClasses.Environment<br>Parameters: 3</td>
<td><div><pre>org.testng.SkipException: Forcing skip, will be deleted from report later
	at SupportClasses.Environment.SetEvironmentLevel(Environment.java:69)
	at java.util.concurrent.ThreadPoolExecutor.runWorker(Unknown Source)
	at java.util.concurrent.ThreadPoolExecutor$Worker.run(Unknown Source)
	at java.lang.Thread.run(Unknown Source)
... Removed 10 stack frames</pre></div><a href='#' onClick='toggleBox("stack-trace957319577", this, "Click to show all stack frames", "Click to hide stack frames")'>Click to show all stack frames</a>
<div class='stack-trace' id='stack-trace957319577'><pre>org.testng.SkipException: Forcing skip, will be deleted from report later
	at SupportClasses.Environment.SetEvironmentLevel(Environment.java:69)
	at sun.reflect.NativeMethodAccessorImpl.invoke0(Native Method)
	at sun.reflect.NativeMethodAccessorImpl.invoke(Unknown Source)
	at sun.reflect.DelegatingMethodAccessorImpl.invoke(Unknown Source)
	at java.lang.reflect.Method.invoke(Unknown Source)
	at org.testng.internal.MethodInvocationHelper.invokeMethod(MethodInvocationHelper.java:124)
	at org.testng.internal.Invoker.invokeMethod(Invoker.java:580)
	at org.testng.internal.Invoker.invokeTestMethod(Invoker.java:716)
	at org.testng.internal.Invoker.invokeTestMethods(Invoker.java:988)
	at org.testng.internal.TestMethodWorker.invokeTestMethods(TestMethodWorker.java:125)
	at org.testng.internal.TestMethodWorker.run(TestMethodWorker.java:109)
	at java.util.concurrent.ThreadPoolExecutor.runWorker(Unknown Source)
	at java.util.concurrent.ThreadPoolExecutor$Worker.run(Unknown Source)
	at java.lang.Thread.run(Unknown Source)
</pre></div></td>
<td>0</td>
<td>SupportClasses.Environment@70beb599</td></tr>
</table><p>
</body>
</html>