<html>
<head>
<title>TestNG:  SMOKE_Test</title>
<link href="../testng.css" rel="stylesheet" type="text/css" />
<link href="../my-testng.css" rel="stylesheet" type="text/css" />

<style type="text/css">
.log { display: none;} 
.stack-trace { display: none;} 
</style>
<script type="text/javascript">
<!--
function flip(e) {
  current = e.style.display;
  if (current == 'block') {
    e.style.display = 'none';
    return 0;
  }
  else {
    e.style.display = 'block';
    return 1;
  }
}

function toggleBox(szDivId, elem, msg1, msg2)
{
  var res = -1;  if (document.getElementById) {
    res = flip(document.getElementById(szDivId));
  }
  else if (document.all) {
    // this is the way old msie versions work
    res = flip(document.all[szDivId]);
  }
  if(elem) {
    if(res == 0) elem.innerHTML = msg1; else elem.innerHTML = msg2;
  }

}

function toggleAllBoxes() {
  if (document.getElementsByTagName) {
    d = document.getElementsByTagName('div');
    for (i = 0; i < d.length; i++) {
      if (d[i].className == 'log') {
        flip(d[i]);
      }
    }
  }
}

// -->
</script>

</head>
<body>
<h2 align='center'>SMOKE_Test</h2><table border='1' align="center">
<tr>
<td>Tests passed/Failed/Skipped:</td><td>38/14/0</td>
</tr><tr>
<td>Started on:</td><td>Thu Oct 25 16:03:17 CDT 2018</td>
</tr>
<tr><td>Total time:</td><td>1327 seconds (1327984 ms)</td>
</tr><tr>
<td>Included groups:</td><td></td>
</tr><tr>
<td>Excluded groups:</td><td></td>
</tr>
</table><p/>
<small><i>(Hover the method name to see the test class name)</i></small><p/>
<table width='100%' border='1' class='invocation-failed'>
<tr><td colspan='4' align='center'><b>FAILED CONFIGURATIONS</b></td></tr>
<tr><td><b>Test method</b></td>
<td width="30%"><b>Exception</b></td>
<td width="10%"><b>Time (seconds)</b></td>
<td><b>Instance</b></td>
</tr>
<tr>
<td title='TestNG.WIDM.afterClass()'><b>afterClass</b><br>Test class: TestNG.WIDM</td>
<td><div><pre>java.lang.IndexOutOfBoundsException: Index: 0, Size: 0
	at java.util.ArrayList.rangeCheck(Unknown Source)
	at java.util.ArrayList.get(Unknown Source)
	at TestingFunctions.Helper_Functions.Cleanup(Helper_Functions.java:45)
	at TestNG.WIDM.afterClass(WIDM.java:155)
	at java.util.concurrent.ThreadPoolExecutor.runWorker(Unknown Source)
	at java.util.concurrent.ThreadPoolExecutor$Worker.run(Unknown Source)
	at java.lang.Thread.run(Unknown Source)
... Removed 11 stack frames</pre></div><a href='#' onClick='toggleBox("stack-trace1328995033", this, "Click to show all stack frames", "Click to hide stack frames")'>Click to show all stack frames</a>
<div class='stack-trace' id='stack-trace1328995033'><pre>java.lang.IndexOutOfBoundsException: Index: 0, Size: 0
	at java.util.ArrayList.rangeCheck(Unknown Source)
	at java.util.ArrayList.get(Unknown Source)
	at TestingFunctions.Helper_Functions.Cleanup(Helper_Functions.java:45)
	at TestNG.WIDM.afterClass(WIDM.java:155)
	at sun.reflect.NativeMethodAccessorImpl.invoke0(Native Method)
	at sun.reflect.NativeMethodAccessorImpl.invoke(Unknown Source)
	at sun.reflect.DelegatingMethodAccessorImpl.invoke(Unknown Source)
	at java.lang.reflect.Method.invoke(Unknown Source)
	at org.testng.internal.MethodInvocationHelper.invokeMethod(MethodInvocationHelper.java:124)
	at org.testng.internal.MethodInvocationHelper.invokeMethodConsideringTimeout(MethodInvocationHelper.java:59)
	at org.testng.internal.Invoker.invokeConfigurationMethod(Invoker.java:458)
	at org.testng.internal.Invoker.invokeConfigurations(Invoker.java:222)
	at org.testng.internal.Invoker.invokeConfigurations(Invoker.java:142)
	at org.testng.internal.TestMethodWorker.invokeAfterClassMethods(TestMethodWorker.java:214)
	at org.testng.internal.TestMethodWorker.run(TestMethodWorker.java:111)
	at java.util.concurrent.ThreadPoolExecutor.runWorker(Unknown Source)
	at java.util.concurrent.ThreadPoolExecutor$Worker.run(Unknown Source)
	at java.lang.Thread.run(Unknown Source)
</pre></div></td>
<td>0</td>
<td>TestNG.WIDM@70a9f84e</td></tr>
</table><p>
<table width='100%' border='1' class='invocation-failed'>
<tr><td colspan='4' align='center'><b>FAILED TESTS</b></td></tr>
<tr><td><b>Test method</b></td>
<td width="30%"><b>Exception</b></td>
<td width="10%"><b>Time (seconds)</b></td>
<td><b>Instance</b></td>
</tr>
<tr>
<td title='WaterfallApplications.OADR.OADR_Apply_Discount_To_Account()'><b>OADR_Apply_Discount_To_Account</b><br>Test class: WaterfallApplications.OADR<br>Parameters: 2, ss90705920, US, L2USCC191713564, Test1234</td>
<td><div><pre>java.lang.AssertionError: no such element: Unable to locate element: {&quot;method&quot;:&quot;class name&quot;,&quot;selector&quot;:&quot;mainheader1&quot;}
  (Session info: chrome=69.0.3497.100)
  (Driver info: chromedriver=2.37.544315 (730aa6a5fdba159ac9f4c1e8cbc59bf1b5ce12b7),platform=Windows NT 10.0.16299 x86_64) (WARNING: The server did not provide any stacktrace information)
Command duration or timeout: 84.62 seconds
For documentation on this error, please visit: http://seleniumhq.org/exceptions/no_such_element.html
Build info: version: &apos;2.53.0&apos;, revision: &apos;35ae25b1534ae328c771e0856c93e187490ca824&apos;, time: &apos;2016-03-15 10:43:46&apos;
System info: host: &apos;WTC-5159473-l2&apos;, ip: &apos;172.27.142.145&apos;, os.name: &apos;Windows 10&apos;, os.arch: &apos;amd64&apos;, os.version: &apos;10.0&apos;, java.version: &apos;1.8.0_181&apos;
Driver info: org.openqa.selenium.chrome.ChromeDriver
Capabilities [{applicationCacheEnabled=false, rotatable=false, mobileEmulationEnabled=false, networkConnectionEnabled=false, chrome={chromedriverVersion=2.37.544315 (730aa6a5fdba159ac9f4c1e8cbc59bf1b5ce12b7), userDataDir=C:\Users\5159473\AppData\Local\Temp\scoped_dir24972_15558}, takesHeapSnapshot=true, pageLoadStrategy=normal, databaseEnabled=false, handlesAlerts=true, hasTouchScreen=false, version=69.0.3497.100, platform=XP, browserConnectionEnabled=false, nativeEvents=true, acceptSslCerts=false, acceptInsecureCerts=false, locationContextEnabled=true, webStorageEnabled=true, browserName=chrome, takesScreenshot=true, javascriptEnabled=true, cssSelectorsEnabled=true, setWindowRect=true, unexpectedAlertBehaviour=}]
Session ID: 4c84bc108e72a01940723f4e62b5228a
*** Element info: {Using=class name, value=mainheader1}
	at WaterfallApplications.OADR.OADR_Apply_Discount_To_Account(OADR.java:68)
	at java.util.concurrent.FutureTask.run(Unknown Source)
	at java.util.concurrent.Executors$RunnableAdapter.call(Unknown Source)
	at java.util.concurrent.FutureTask.run(Unknown Source)
	at java.util.concurrent.ThreadPoolExecutor.runWorker(Unknown Source)
	at java.util.concurrent.ThreadPoolExecutor$Worker.run(Unknown Source)
	at java.lang.Thread.run(Unknown Source)
... Removed 10 stack frames</pre></div><a href='#' onClick='toggleBox("stack-trace948291015", this, "Click to show all stack frames", "Click to hide stack frames")'>Click to show all stack frames</a>
<div class='stack-trace' id='stack-trace948291015'><pre>java.lang.AssertionError: no such element: Unable to locate element: {&quot;method&quot;:&quot;class name&quot;,&quot;selector&quot;:&quot;mainheader1&quot;}
  (Session info: chrome=69.0.3497.100)
  (Driver info: chromedriver=2.37.544315 (730aa6a5fdba159ac9f4c1e8cbc59bf1b5ce12b7),platform=Windows NT 10.0.16299 x86_64) (WARNING: The server did not provide any stacktrace information)
Command duration or timeout: 84.62 seconds
For documentation on this error, please visit: http://seleniumhq.org/exceptions/no_such_element.html
Build info: version: &apos;2.53.0&apos;, revision: &apos;35ae25b1534ae328c771e0856c93e187490ca824&apos;, time: &apos;2016-03-15 10:43:46&apos;
System info: host: &apos;WTC-5159473-l2&apos;, ip: &apos;172.27.142.145&apos;, os.name: &apos;Windows 10&apos;, os.arch: &apos;amd64&apos;, os.version: &apos;10.0&apos;, java.version: &apos;1.8.0_181&apos;
Driver info: org.openqa.selenium.chrome.ChromeDriver
Capabilities [{applicationCacheEnabled=false, rotatable=false, mobileEmulationEnabled=false, networkConnectionEnabled=false, chrome={chromedriverVersion=2.37.544315 (730aa6a5fdba159ac9f4c1e8cbc59bf1b5ce12b7), userDataDir=C:\Users\5159473\AppData\Local\Temp\scoped_dir24972_15558}, takesHeapSnapshot=true, pageLoadStrategy=normal, databaseEnabled=false, handlesAlerts=true, hasTouchScreen=false, version=69.0.3497.100, platform=XP, browserConnectionEnabled=false, nativeEvents=true, acceptSslCerts=false, acceptInsecureCerts=false, locationContextEnabled=true, webStorageEnabled=true, browserName=chrome, takesScreenshot=true, javascriptEnabled=true, cssSelectorsEnabled=true, setWindowRect=true, unexpectedAlertBehaviour=}]
Session ID: 4c84bc108e72a01940723f4e62b5228a
*** Element info: {Using=class name, value=mainheader1}
	at org.testng.Assert.fail(Assert.java:96)
	at WaterfallApplications.OADR.OADR_Apply_Discount_To_Account(OADR.java:68)
	at sun.reflect.NativeMethodAccessorImpl.invoke0(Native Method)
	at sun.reflect.NativeMethodAccessorImpl.invoke(Unknown Source)
	at sun.reflect.DelegatingMethodAccessorImpl.invoke(Unknown Source)
	at java.lang.reflect.Method.invoke(Unknown Source)
	at org.testng.internal.MethodInvocationHelper.invokeMethod(MethodInvocationHelper.java:124)
	at org.testng.internal.Invoker.invokeMethod(Invoker.java:583)
	at org.testng.internal.Invoker.invokeTestMethod(Invoker.java:719)
	at org.testng.internal.TestMethodWithDataProviderMethodWorker.call(TestMethodWithDataProviderMethodWorker.java:71)
	at org.testng.internal.TestMethodWithDataProviderMethodWorker.call(TestMethodWithDataProviderMethodWorker.java:14)
	at java.util.concurrent.FutureTask.run(Unknown Source)
	at java.util.concurrent.Executors$RunnableAdapter.call(Unknown Source)
	at java.util.concurrent.FutureTask.run(Unknown Source)
	at java.util.concurrent.ThreadPoolExecutor.runWorker(Unknown Source)
	at java.util.concurrent.ThreadPoolExecutor$Worker.run(Unknown Source)
	at java.lang.Thread.run(Unknown Source)
</pre></div></td>
<td>274</td>
<td>WaterfallApplications.OADR@130f889</td></tr>
<tr>
<td title='TestNG.WIDM.ResetPasswordWIDM_Email()'><b>ResetPasswordWIDM_Email</b><br>Test class: TestNG.WIDM<br>Parameters: 2, L2USCC191713564, Test1234</td>
<td><div><pre>java.lang.AssertionError: Timed out after 30 seconds waiting for presence of element located by: By.id: linkaction
Build info: version: &apos;2.53.0&apos;, revision: &apos;35ae25b1534ae328c771e0856c93e187490ca824&apos;, time: &apos;2016-03-15 10:43:46&apos;
System info: host: &apos;WTC-5159473-l2&apos;, ip: &apos;172.27.142.145&apos;, os.name: &apos;Windows 10&apos;, os.arch: &apos;amd64&apos;, os.version: &apos;10.0&apos;, java.version: &apos;1.8.0_181&apos;
Driver info: org.openqa.selenium.chrome.ChromeDriver
Capabilities [{applicationCacheEnabled=false, rotatable=false, mobileEmulationEnabled=false, networkConnectionEnabled=false, chrome={chromedriverVersion=2.37.544315 (730aa6a5fdba159ac9f4c1e8cbc59bf1b5ce12b7), userDataDir=C:\Users\5159473\AppData\Local\Temp\scoped_dir5372_23022}, takesHeapSnapshot=true, pageLoadStrategy=normal, databaseEnabled=false, handlesAlerts=true, hasTouchScreen=false, version=69.0.3497.100, platform=XP, browserConnectionEnabled=false, nativeEvents=true, acceptSslCerts=false, acceptInsecureCerts=false, locationContextEnabled=true, webStorageEnabled=true, browserName=chrome, takesScreenshot=true, javascriptEnabled=true, cssSelectorsEnabled=true, setWindowRect=true, unexpectedAlertBehaviour=}]
Session ID: 098df4728829ebd7253878bf0eecd5b2
	at TestNG.WIDM.ResetPasswordWIDM_Email(WIDM.java:135)
	at java.util.concurrent.FutureTask.run(Unknown Source)
	at java.util.concurrent.Executors$RunnableAdapter.call(Unknown Source)
	at java.util.concurrent.FutureTask.run(Unknown Source)
	at java.util.concurrent.ThreadPoolExecutor.runWorker(Unknown Source)
	at java.util.concurrent.ThreadPoolExecutor$Worker.run(Unknown Source)
	at java.lang.Thread.run(Unknown Source)
... Removed 10 stack frames</pre></div><a href='#' onClick='toggleBox("stack-trace2021700420", this, "Click to show all stack frames", "Click to hide stack frames")'>Click to show all stack frames</a>
<div class='stack-trace' id='stack-trace2021700420'><pre>java.lang.AssertionError: Timed out after 30 seconds waiting for presence of element located by: By.id: linkaction
Build info: version: &apos;2.53.0&apos;, revision: &apos;35ae25b1534ae328c771e0856c93e187490ca824&apos;, time: &apos;2016-03-15 10:43:46&apos;
System info: host: &apos;WTC-5159473-l2&apos;, ip: &apos;172.27.142.145&apos;, os.name: &apos;Windows 10&apos;, os.arch: &apos;amd64&apos;, os.version: &apos;10.0&apos;, java.version: &apos;1.8.0_181&apos;
Driver info: org.openqa.selenium.chrome.ChromeDriver
Capabilities [{applicationCacheEnabled=false, rotatable=false, mobileEmulationEnabled=false, networkConnectionEnabled=false, chrome={chromedriverVersion=2.37.544315 (730aa6a5fdba159ac9f4c1e8cbc59bf1b5ce12b7), userDataDir=C:\Users\5159473\AppData\Local\Temp\scoped_dir5372_23022}, takesHeapSnapshot=true, pageLoadStrategy=normal, databaseEnabled=false, handlesAlerts=true, hasTouchScreen=false, version=69.0.3497.100, platform=XP, browserConnectionEnabled=false, nativeEvents=true, acceptSslCerts=false, acceptInsecureCerts=false, locationContextEnabled=true, webStorageEnabled=true, browserName=chrome, takesScreenshot=true, javascriptEnabled=true, cssSelectorsEnabled=true, setWindowRect=true, unexpectedAlertBehaviour=}]
Session ID: 098df4728829ebd7253878bf0eecd5b2
	at org.testng.Assert.fail(Assert.java:96)
	at TestNG.WIDM.ResetPasswordWIDM_Email(WIDM.java:135)
	at sun.reflect.NativeMethodAccessorImpl.invoke0(Native Method)
	at sun.reflect.NativeMethodAccessorImpl.invoke(Unknown Source)
	at sun.reflect.DelegatingMethodAccessorImpl.invoke(Unknown Source)
	at java.lang.reflect.Method.invoke(Unknown Source)
	at org.testng.internal.MethodInvocationHelper.invokeMethod(MethodInvocationHelper.java:124)
	at org.testng.internal.Invoker.invokeMethod(Invoker.java:583)
	at org.testng.internal.Invoker.invokeTestMethod(Invoker.java:719)
	at org.testng.internal.TestMethodWithDataProviderMethodWorker.call(TestMethodWithDataProviderMethodWorker.java:71)
	at org.testng.internal.TestMethodWithDataProviderMethodWorker.call(TestMethodWithDataProviderMethodWorker.java:14)
	at java.util.concurrent.FutureTask.run(Unknown Source)
	at java.util.concurrent.Executors$RunnableAdapter.call(Unknown Source)
	at java.util.concurrent.FutureTask.run(Unknown Source)
	at java.util.concurrent.ThreadPoolExecutor.runWorker(Unknown Source)
	at java.util.concurrent.ThreadPoolExecutor$Worker.run(Unknown Source)
	at java.lang.Thread.run(Unknown Source)
</pre></div></td>
<td>392</td>
<td>TestNG.WIDM@70a9f84e</td></tr>
<tr>
<td title='WaterfallApplications.WCRV.WCRV_Generate_RateSheet()'><b>WCRV_Generate_RateSheet</b><br>Test class: WaterfallApplications.WCRV<br>Parameters: 3, US, L3WCRVNonPriUSA1, Test1234, notintra</td>
<td><div><pre>java.lang.AssertionError: Timed out after 30 seconds waiting for presence of element located by: By.id: wcrv-profile
Build info: version: &apos;2.53.0&apos;, revision: &apos;35ae25b1534ae328c771e0856c93e187490ca824&apos;, time: &apos;2016-03-15 10:43:46&apos;
System info: host: &apos;WTC-5159473-l2&apos;, ip: &apos;172.27.142.145&apos;, os.name: &apos;Windows 10&apos;, os.arch: &apos;amd64&apos;, os.version: &apos;10.0&apos;, java.version: &apos;1.8.0_181&apos;
Driver info: org.openqa.selenium.chrome.ChromeDriver
Capabilities [{applicationCacheEnabled=false, rotatable=false, mobileEmulationEnabled=false, networkConnectionEnabled=false, chrome={chromedriverVersion=2.37.544315 (730aa6a5fdba159ac9f4c1e8cbc59bf1b5ce12b7), userDataDir=C:\Users\5159473\AppData\Local\Temp\scoped_dir17584_29376}, takesHeapSnapshot=true, pageLoadStrategy=normal, databaseEnabled=false, handlesAlerts=true, hasTouchScreen=false, version=69.0.3497.100, platform=XP, browserConnectionEnabled=false, nativeEvents=true, acceptSslCerts=false, acceptInsecureCerts=false, locationContextEnabled=true, webStorageEnabled=true, browserName=chrome, takesScreenshot=true, javascriptEnabled=true, cssSelectorsEnabled=true, setWindowRect=true, unexpectedAlertBehaviour=}]
Session ID: b8ab2fd136a1869a8dcc261c897bc899
	at WaterfallApplications.WCRV.WCRV_Generate_RateSheet(WCRV.java:81)
	at java.util.concurrent.FutureTask.run(Unknown Source)
	at java.util.concurrent.Executors$RunnableAdapter.call(Unknown Source)
	at java.util.concurrent.FutureTask.run(Unknown Source)
	at java.util.concurrent.ThreadPoolExecutor.runWorker(Unknown Source)
	at java.util.concurrent.ThreadPoolExecutor$Worker.run(Unknown Source)
	at java.lang.Thread.run(Unknown Source)
... Removed 10 stack frames</pre></div><a href='#' onClick='toggleBox("stack-trace1652007731", this, "Click to show all stack frames", "Click to hide stack frames")'>Click to show all stack frames</a>
<div class='stack-trace' id='stack-trace1652007731'><pre>java.lang.AssertionError: Timed out after 30 seconds waiting for presence of element located by: By.id: wcrv-profile
Build info: version: &apos;2.53.0&apos;, revision: &apos;35ae25b1534ae328c771e0856c93e187490ca824&apos;, time: &apos;2016-03-15 10:43:46&apos;
System info: host: &apos;WTC-5159473-l2&apos;, ip: &apos;172.27.142.145&apos;, os.name: &apos;Windows 10&apos;, os.arch: &apos;amd64&apos;, os.version: &apos;10.0&apos;, java.version: &apos;1.8.0_181&apos;
Driver info: org.openqa.selenium.chrome.ChromeDriver
Capabilities [{applicationCacheEnabled=false, rotatable=false, mobileEmulationEnabled=false, networkConnectionEnabled=false, chrome={chromedriverVersion=2.37.544315 (730aa6a5fdba159ac9f4c1e8cbc59bf1b5ce12b7), userDataDir=C:\Users\5159473\AppData\Local\Temp\scoped_dir17584_29376}, takesHeapSnapshot=true, pageLoadStrategy=normal, databaseEnabled=false, handlesAlerts=true, hasTouchScreen=false, version=69.0.3497.100, platform=XP, browserConnectionEnabled=false, nativeEvents=true, acceptSslCerts=false, acceptInsecureCerts=false, locationContextEnabled=true, webStorageEnabled=true, browserName=chrome, takesScreenshot=true, javascriptEnabled=true, cssSelectorsEnabled=true, setWindowRect=true, unexpectedAlertBehaviour=}]
Session ID: b8ab2fd136a1869a8dcc261c897bc899
	at org.testng.Assert.fail(Assert.java:96)
	at WaterfallApplications.WCRV.WCRV_Generate_RateSheet(WCRV.java:81)
	at sun.reflect.NativeMethodAccessorImpl.invoke0(Native Method)
	at sun.reflect.NativeMethodAccessorImpl.invoke(Unknown Source)
	at sun.reflect.DelegatingMethodAccessorImpl.invoke(Unknown Source)
	at java.lang.reflect.Method.invoke(Unknown Source)
	at org.testng.internal.MethodInvocationHelper.invokeMethod(MethodInvocationHelper.java:124)
	at org.testng.internal.Invoker.invokeMethod(Invoker.java:583)
	at org.testng.internal.Invoker.invokeTestMethod(Invoker.java:719)
	at org.testng.internal.TestMethodWithDataProviderMethodWorker.call(TestMethodWithDataProviderMethodWorker.java:71)
	at org.testng.internal.TestMethodWithDataProviderMethodWorker.call(TestMethodWithDataProviderMethodWorker.java:14)
	at java.util.concurrent.FutureTask.run(Unknown Source)
	at java.util.concurrent.Executors$RunnableAdapter.call(Unknown Source)
	at java.util.concurrent.FutureTask.run(Unknown Source)
	at java.util.concurrent.ThreadPoolExecutor.runWorker(Unknown Source)
	at java.util.concurrent.ThreadPoolExecutor$Worker.run(Unknown Source)
	at java.lang.Thread.run(Unknown Source)
</pre></div></td>
<td>195</td>
<td>WaterfallApplications.WCRV@166fa74d</td></tr>
<tr>
<td title='WaterfallApplications.WCRV.WCRV_Generate_RateSheet()'><b>WCRV_Generate_RateSheet</b><br>Test class: WaterfallApplications.WCRV<br>Parameters: 3, US, L3WCRVNonPriUSA1, Test1234, intra</td>
<td><div><pre>java.lang.AssertionError: Timed out after 30 seconds waiting for presence of element located by: By.id: wcrv-profile
Build info: version: &apos;2.53.0&apos;, revision: &apos;35ae25b1534ae328c771e0856c93e187490ca824&apos;, time: &apos;2016-03-15 10:43:46&apos;
System info: host: &apos;WTC-5159473-l2&apos;, ip: &apos;172.27.142.145&apos;, os.name: &apos;Windows 10&apos;, os.arch: &apos;amd64&apos;, os.version: &apos;10.0&apos;, java.version: &apos;1.8.0_181&apos;
Driver info: org.openqa.selenium.chrome.ChromeDriver
Capabilities [{applicationCacheEnabled=false, rotatable=false, mobileEmulationEnabled=false, networkConnectionEnabled=false, chrome={chromedriverVersion=2.37.544315 (730aa6a5fdba159ac9f4c1e8cbc59bf1b5ce12b7), userDataDir=C:\Users\5159473\AppData\Local\Temp\scoped_dir15264_26399}, takesHeapSnapshot=true, pageLoadStrategy=normal, databaseEnabled=false, handlesAlerts=true, hasTouchScreen=false, version=69.0.3497.100, platform=XP, browserConnectionEnabled=false, nativeEvents=true, acceptSslCerts=false, acceptInsecureCerts=false, locationContextEnabled=true, webStorageEnabled=true, browserName=chrome, takesScreenshot=true, javascriptEnabled=true, cssSelectorsEnabled=true, setWindowRect=true, unexpectedAlertBehaviour=}]
Session ID: 9e03826b3c2ec517f799d33357bce0a2
	at WaterfallApplications.WCRV.WCRV_Generate_RateSheet(WCRV.java:81)
	at java.util.concurrent.FutureTask.run(Unknown Source)
	at java.util.concurrent.Executors$RunnableAdapter.call(Unknown Source)
	at java.util.concurrent.FutureTask.run(Unknown Source)
	at java.util.concurrent.ThreadPoolExecutor.runWorker(Unknown Source)
	at java.util.concurrent.ThreadPoolExecutor$Worker.run(Unknown Source)
	at java.lang.Thread.run(Unknown Source)
... Removed 10 stack frames</pre></div><a href='#' onClick='toggleBox("stack-trace1996442701", this, "Click to show all stack frames", "Click to hide stack frames")'>Click to show all stack frames</a>
<div class='stack-trace' id='stack-trace1996442701'><pre>java.lang.AssertionError: Timed out after 30 seconds waiting for presence of element located by: By.id: wcrv-profile
Build info: version: &apos;2.53.0&apos;, revision: &apos;35ae25b1534ae328c771e0856c93e187490ca824&apos;, time: &apos;2016-03-15 10:43:46&apos;
System info: host: &apos;WTC-5159473-l2&apos;, ip: &apos;172.27.142.145&apos;, os.name: &apos;Windows 10&apos;, os.arch: &apos;amd64&apos;, os.version: &apos;10.0&apos;, java.version: &apos;1.8.0_181&apos;
Driver info: org.openqa.selenium.chrome.ChromeDriver
Capabilities [{applicationCacheEnabled=false, rotatable=false, mobileEmulationEnabled=false, networkConnectionEnabled=false, chrome={chromedriverVersion=2.37.544315 (730aa6a5fdba159ac9f4c1e8cbc59bf1b5ce12b7), userDataDir=C:\Users\5159473\AppData\Local\Temp\scoped_dir15264_26399}, takesHeapSnapshot=true, pageLoadStrategy=normal, databaseEnabled=false, handlesAlerts=true, hasTouchScreen=false, version=69.0.3497.100, platform=XP, browserConnectionEnabled=false, nativeEvents=true, acceptSslCerts=false, acceptInsecureCerts=false, locationContextEnabled=true, webStorageEnabled=true, browserName=chrome, takesScreenshot=true, javascriptEnabled=true, cssSelectorsEnabled=true, setWindowRect=true, unexpectedAlertBehaviour=}]
Session ID: 9e03826b3c2ec517f799d33357bce0a2
	at org.testng.Assert.fail(Assert.java:96)
	at WaterfallApplications.WCRV.WCRV_Generate_RateSheet(WCRV.java:81)
	at sun.reflect.NativeMethodAccessorImpl.invoke0(Native Method)
	at sun.reflect.NativeMethodAccessorImpl.invoke(Unknown Source)
	at sun.reflect.DelegatingMethodAccessorImpl.invoke(Unknown Source)
	at java.lang.reflect.Method.invoke(Unknown Source)
	at org.testng.internal.MethodInvocationHelper.invokeMethod(MethodInvocationHelper.java:124)
	at org.testng.internal.Invoker.invokeMethod(Invoker.java:583)
	at org.testng.internal.Invoker.invokeTestMethod(Invoker.java:719)
	at org.testng.internal.TestMethodWithDataProviderMethodWorker.call(TestMethodWithDataProviderMethodWorker.java:71)
	at org.testng.internal.TestMethodWithDataProviderMethodWorker.call(TestMethodWithDataProviderMethodWorker.java:14)
	at java.util.concurrent.FutureTask.run(Unknown Source)
	at java.util.concurrent.Executors$RunnableAdapter.call(Unknown Source)
	at java.util.concurrent.FutureTask.run(Unknown Source)
	at java.util.concurrent.ThreadPoolExecutor.runWorker(Unknown Source)
	at java.util.concurrent.ThreadPoolExecutor$Worker.run(Unknown Source)
	at java.lang.Thread.run(Unknown Source)
</pre></div></td>
<td>195</td>
<td>WaterfallApplications.WCRV@166fa74d</td></tr>
<tr>
<td title='WaterfallApplications.WDPA.WDPAPickup_ExpressFright()'><b>WDPAPickup_ExpressFright</b><br>Test class: WaterfallApplications.WDPA<br>Parameters: 2, US, L2USCC191713564, Test1234</td>
<td><div><pre>java.lang.AssertionError: Please correct the error(s) in red.
	at WaterfallApplications.WDPA.WDPAPickup_ExpressFright(WDPA.java:112)
	at java.util.concurrent.FutureTask.run(Unknown Source)
	at java.util.concurrent.Executors$RunnableAdapter.call(Unknown Source)
	at java.util.concurrent.FutureTask.run(Unknown Source)
	at java.util.concurrent.ThreadPoolExecutor.runWorker(Unknown Source)
	at java.util.concurrent.ThreadPoolExecutor$Worker.run(Unknown Source)
	at java.lang.Thread.run(Unknown Source)
... Removed 10 stack frames</pre></div><a href='#' onClick='toggleBox("stack-trace468688621", this, "Click to show all stack frames", "Click to hide stack frames")'>Click to show all stack frames</a>
<div class='stack-trace' id='stack-trace468688621'><pre>java.lang.AssertionError: Please correct the error(s) in red.
	at org.testng.Assert.fail(Assert.java:96)
	at WaterfallApplications.WDPA.WDPAPickup_ExpressFright(WDPA.java:112)
	at sun.reflect.NativeMethodAccessorImpl.invoke0(Native Method)
	at sun.reflect.NativeMethodAccessorImpl.invoke(Unknown Source)
	at sun.reflect.DelegatingMethodAccessorImpl.invoke(Unknown Source)
	at java.lang.reflect.Method.invoke(Unknown Source)
	at org.testng.internal.MethodInvocationHelper.invokeMethod(MethodInvocationHelper.java:124)
	at org.testng.internal.Invoker.invokeMethod(Invoker.java:583)
	at org.testng.internal.Invoker.invokeTestMethod(Invoker.java:719)
	at org.testng.internal.TestMethodWithDataProviderMethodWorker.call(TestMethodWithDataProviderMethodWorker.java:71)
	at org.testng.internal.TestMethodWithDataProviderMethodWorker.call(TestMethodWithDataProviderMethodWorker.java:14)
	at java.util.concurrent.FutureTask.run(Unknown Source)
	at java.util.concurrent.Executors$RunnableAdapter.call(Unknown Source)
	at java.util.concurrent.FutureTask.run(Unknown Source)
	at java.util.concurrent.ThreadPoolExecutor.runWorker(Unknown Source)
	at java.util.concurrent.ThreadPoolExecutor$Worker.run(Unknown Source)
	at java.lang.Thread.run(Unknown Source)
</pre></div></td>
<td>241</td>
<td>WaterfallApplications.WDPA@2f490758</td></tr>
<tr>
<td title='WaterfallApplications.WDPA.WDPAPickup_LTLFreight()'><b>WDPAPickup_LTLFreight</b><br>Test class: WaterfallApplications.WDPA<br>Parameters: 2, US, L2FreightUserUS, Test1234</td>
<td><div><pre>java.lang.AssertionError: no such element: Unable to locate element: {&quot;method&quot;:&quot;id&quot;,&quot;selector&quot;:&quot;account.freight.accountBox._InputSelect&quot;}
  (Session info: chrome=69.0.3497.100)
  (Driver info: chromedriver=2.37.544315 (730aa6a5fdba159ac9f4c1e8cbc59bf1b5ce12b7),platform=Windows NT 10.0.16299 x86_64) (WARNING: The server did not provide any stacktrace information)
Command duration or timeout: 30.93 seconds
For documentation on this error, please visit: http://seleniumhq.org/exceptions/no_such_element.html
Build info: version: &apos;2.53.0&apos;, revision: &apos;35ae25b1534ae328c771e0856c93e187490ca824&apos;, time: &apos;2016-03-15 10:43:46&apos;
System info: host: &apos;WTC-5159473-l2&apos;, ip: &apos;172.27.142.145&apos;, os.name: &apos;Windows 10&apos;, os.arch: &apos;amd64&apos;, os.version: &apos;10.0&apos;, java.version: &apos;1.8.0_181&apos;
Driver info: org.openqa.selenium.chrome.ChromeDriver
Capabilities [{applicationCacheEnabled=false, rotatable=false, mobileEmulationEnabled=false, networkConnectionEnabled=false, chrome={chromedriverVersion=2.37.544315 (730aa6a5fdba159ac9f4c1e8cbc59bf1b5ce12b7), userDataDir=C:\Users\5159473\AppData\Local\Temp\scoped_dir21684_23210}, takesHeapSnapshot=true, pageLoadStrategy=normal, databaseEnabled=false, handlesAlerts=true, hasTouchScreen=false, version=69.0.3497.100, platform=XP, browserConnectionEnabled=false, nativeEvents=true, acceptSslCerts=false, acceptInsecureCerts=false, locationContextEnabled=true, webStorageEnabled=true, browserName=chrome, takesScreenshot=true, javascriptEnabled=true, cssSelectorsEnabled=true, setWindowRect=true, unexpectedAlertBehaviour=}]
Session ID: 8339582498db50a78ed321c7f4d44fe6
*** Element info: {Using=id, value=account.freight.accountBox._InputSelect}
	at WaterfallApplications.WDPA.WDPAPickup_LTLFreight(WDPA.java:125)
	at java.util.concurrent.FutureTask.run(Unknown Source)
	at java.util.concurrent.Executors$RunnableAdapter.call(Unknown Source)
	at java.util.concurrent.FutureTask.run(Unknown Source)
	at java.util.concurrent.ThreadPoolExecutor.runWorker(Unknown Source)
	at java.util.concurrent.ThreadPoolExecutor$Worker.run(Unknown Source)
	at java.lang.Thread.run(Unknown Source)
... Removed 10 stack frames</pre></div><a href='#' onClick='toggleBox("stack-trace363163139", this, "Click to show all stack frames", "Click to hide stack frames")'>Click to show all stack frames</a>
<div class='stack-trace' id='stack-trace363163139'><pre>java.lang.AssertionError: no such element: Unable to locate element: {&quot;method&quot;:&quot;id&quot;,&quot;selector&quot;:&quot;account.freight.accountBox._InputSelect&quot;}
  (Session info: chrome=69.0.3497.100)
  (Driver info: chromedriver=2.37.544315 (730aa6a5fdba159ac9f4c1e8cbc59bf1b5ce12b7),platform=Windows NT 10.0.16299 x86_64) (WARNING: The server did not provide any stacktrace information)
Command duration or timeout: 30.93 seconds
For documentation on this error, please visit: http://seleniumhq.org/exceptions/no_such_element.html
Build info: version: &apos;2.53.0&apos;, revision: &apos;35ae25b1534ae328c771e0856c93e187490ca824&apos;, time: &apos;2016-03-15 10:43:46&apos;
System info: host: &apos;WTC-5159473-l2&apos;, ip: &apos;172.27.142.145&apos;, os.name: &apos;Windows 10&apos;, os.arch: &apos;amd64&apos;, os.version: &apos;10.0&apos;, java.version: &apos;1.8.0_181&apos;
Driver info: org.openqa.selenium.chrome.ChromeDriver
Capabilities [{applicationCacheEnabled=false, rotatable=false, mobileEmulationEnabled=false, networkConnectionEnabled=false, chrome={chromedriverVersion=2.37.544315 (730aa6a5fdba159ac9f4c1e8cbc59bf1b5ce12b7), userDataDir=C:\Users\5159473\AppData\Local\Temp\scoped_dir21684_23210}, takesHeapSnapshot=true, pageLoadStrategy=normal, databaseEnabled=false, handlesAlerts=true, hasTouchScreen=false, version=69.0.3497.100, platform=XP, browserConnectionEnabled=false, nativeEvents=true, acceptSslCerts=false, acceptInsecureCerts=false, locationContextEnabled=true, webStorageEnabled=true, browserName=chrome, takesScreenshot=true, javascriptEnabled=true, cssSelectorsEnabled=true, setWindowRect=true, unexpectedAlertBehaviour=}]
Session ID: 8339582498db50a78ed321c7f4d44fe6
*** Element info: {Using=id, value=account.freight.accountBox._InputSelect}
	at org.testng.Assert.fail(Assert.java:96)
	at WaterfallApplications.WDPA.WDPAPickup_LTLFreight(WDPA.java:125)
	at sun.reflect.NativeMethodAccessorImpl.invoke0(Native Method)
	at sun.reflect.NativeMethodAccessorImpl.invoke(Unknown Source)
	at sun.reflect.DelegatingMethodAccessorImpl.invoke(Unknown Source)
	at java.lang.reflect.Method.invoke(Unknown Source)
	at org.testng.internal.MethodInvocationHelper.invokeMethod(MethodInvocationHelper.java:124)
	at org.testng.internal.Invoker.invokeMethod(Invoker.java:583)
	at org.testng.internal.Invoker.invokeTestMethod(Invoker.java:719)
	at org.testng.internal.TestMethodWithDataProviderMethodWorker.call(TestMethodWithDataProviderMethodWorker.java:71)
	at org.testng.internal.TestMethodWithDataProviderMethodWorker.call(TestMethodWithDataProviderMethodWorker.java:14)
	at java.util.concurrent.FutureTask.run(Unknown Source)
	at java.util.concurrent.Executors$RunnableAdapter.call(Unknown Source)
	at java.util.concurrent.FutureTask.run(Unknown Source)
	at java.util.concurrent.ThreadPoolExecutor.runWorker(Unknown Source)
	at java.util.concurrent.ThreadPoolExecutor$Worker.run(Unknown Source)
	at java.lang.Thread.run(Unknown Source)
</pre></div></td>
<td>163</td>
<td>WaterfallApplications.WDPA@2f490758</td></tr>
<tr>
<td title='WaterfallApplications.WDPA.WDPAPickup_LTLFreight_Anonymous()'><b>WDPAPickup_LTLFreight_Anonymous</b><br>Test class: WaterfallApplications.WDPA<br>Parameters: 2, US</td>
<td><div><pre>java.lang.AssertionError: Timed out after 30 seconds waiting for presence of element located by: By.cssSelector: div.confirmationRtColumnRight &gt; div.confirmationFullWidthColumn &gt; div.confirmationContentRight &gt; label
Build info: version: &apos;2.53.0&apos;, revision: &apos;35ae25b1534ae328c771e0856c93e187490ca824&apos;, time: &apos;2016-03-15 10:43:46&apos;
System info: host: &apos;WTC-5159473-l2&apos;, ip: &apos;172.27.142.145&apos;, os.name: &apos;Windows 10&apos;, os.arch: &apos;amd64&apos;, os.version: &apos;10.0&apos;, java.version: &apos;1.8.0_181&apos;
Driver info: org.openqa.selenium.chrome.ChromeDriver
Capabilities [{applicationCacheEnabled=false, rotatable=false, mobileEmulationEnabled=false, networkConnectionEnabled=false, chrome={chromedriverVersion=2.37.544315 (730aa6a5fdba159ac9f4c1e8cbc59bf1b5ce12b7), userDataDir=C:\Users\5159473\AppData\Local\Temp\scoped_dir18652_9700}, takesHeapSnapshot=true, pageLoadStrategy=normal, databaseEnabled=false, handlesAlerts=true, hasTouchScreen=false, version=69.0.3497.100, platform=XP, browserConnectionEnabled=false, nativeEvents=true, acceptSslCerts=false, acceptInsecureCerts=false, locationContextEnabled=true, webStorageEnabled=true, browserName=chrome, takesScreenshot=true, javascriptEnabled=true, cssSelectorsEnabled=true, setWindowRect=true, unexpectedAlertBehaviour=}]
Session ID: da4488c3919353fd24e301a5ad46d797
	at WaterfallApplications.WDPA.WDPAPickup_LTLFreight_Anonymous(WDPA.java:138)
	at java.util.concurrent.FutureTask.run(Unknown Source)
	at java.util.concurrent.Executors$RunnableAdapter.call(Unknown Source)
	at java.util.concurrent.FutureTask.run(Unknown Source)
	at java.util.concurrent.ThreadPoolExecutor.runWorker(Unknown Source)
	at java.util.concurrent.ThreadPoolExecutor$Worker.run(Unknown Source)
	at java.lang.Thread.run(Unknown Source)
... Removed 10 stack frames</pre></div><a href='#' onClick='toggleBox("stack-trace752612765", this, "Click to show all stack frames", "Click to hide stack frames")'>Click to show all stack frames</a>
<div class='stack-trace' id='stack-trace752612765'><pre>java.lang.AssertionError: Timed out after 30 seconds waiting for presence of element located by: By.cssSelector: div.confirmationRtColumnRight &gt; div.confirmationFullWidthColumn &gt; div.confirmationContentRight &gt; label
Build info: version: &apos;2.53.0&apos;, revision: &apos;35ae25b1534ae328c771e0856c93e187490ca824&apos;, time: &apos;2016-03-15 10:43:46&apos;
System info: host: &apos;WTC-5159473-l2&apos;, ip: &apos;172.27.142.145&apos;, os.name: &apos;Windows 10&apos;, os.arch: &apos;amd64&apos;, os.version: &apos;10.0&apos;, java.version: &apos;1.8.0_181&apos;
Driver info: org.openqa.selenium.chrome.ChromeDriver
Capabilities [{applicationCacheEnabled=false, rotatable=false, mobileEmulationEnabled=false, networkConnectionEnabled=false, chrome={chromedriverVersion=2.37.544315 (730aa6a5fdba159ac9f4c1e8cbc59bf1b5ce12b7), userDataDir=C:\Users\5159473\AppData\Local\Temp\scoped_dir18652_9700}, takesHeapSnapshot=true, pageLoadStrategy=normal, databaseEnabled=false, handlesAlerts=true, hasTouchScreen=false, version=69.0.3497.100, platform=XP, browserConnectionEnabled=false, nativeEvents=true, acceptSslCerts=false, acceptInsecureCerts=false, locationContextEnabled=true, webStorageEnabled=true, browserName=chrome, takesScreenshot=true, javascriptEnabled=true, cssSelectorsEnabled=true, setWindowRect=true, unexpectedAlertBehaviour=}]
Session ID: da4488c3919353fd24e301a5ad46d797
	at org.testng.Assert.fail(Assert.java:96)
	at WaterfallApplications.WDPA.WDPAPickup_LTLFreight_Anonymous(WDPA.java:138)
	at sun.reflect.NativeMethodAccessorImpl.invoke0(Native Method)
	at sun.reflect.NativeMethodAccessorImpl.invoke(Unknown Source)
	at sun.reflect.DelegatingMethodAccessorImpl.invoke(Unknown Source)
	at java.lang.reflect.Method.invoke(Unknown Source)
	at org.testng.internal.MethodInvocationHelper.invokeMethod(MethodInvocationHelper.java:124)
	at org.testng.internal.Invoker.invokeMethod(Invoker.java:583)
	at org.testng.internal.Invoker.invokeTestMethod(Invoker.java:719)
	at org.testng.internal.TestMethodWithDataProviderMethodWorker.call(TestMethodWithDataProviderMethodWorker.java:71)
	at org.testng.internal.TestMethodWithDataProviderMethodWorker.call(TestMethodWithDataProviderMethodWorker.java:14)
	at java.util.concurrent.FutureTask.run(Unknown Source)
	at java.util.concurrent.Executors$RunnableAdapter.call(Unknown Source)
	at java.util.concurrent.FutureTask.run(Unknown Source)
	at java.util.concurrent.ThreadPoolExecutor.runWorker(Unknown Source)
	at java.util.concurrent.ThreadPoolExecutor$Worker.run(Unknown Source)
	at java.lang.Thread.run(Unknown Source)
</pre></div></td>
<td>473</td>
<td>WaterfallApplications.WDPA@2f490758</td></tr>
<tr>
<td title='WaterfallApplications.WDPA.WDPA_Pickup_Express()'><b>WDPA_Pickup_Express</b><br>Test class: WaterfallApplications.WDPA<br>Parameters: 2, US, L2USCC191713564, Test1234</td>
<td><div><pre>java.lang.AssertionError: Timed out after 30 seconds waiting for presence of element located by: By.id: history.filterField
Build info: version: &apos;2.53.0&apos;, revision: &apos;35ae25b1534ae328c771e0856c93e187490ca824&apos;, time: &apos;2016-03-15 10:43:46&apos;
System info: host: &apos;WTC-5159473-l2&apos;, ip: &apos;172.27.142.145&apos;, os.name: &apos;Windows 10&apos;, os.arch: &apos;amd64&apos;, os.version: &apos;10.0&apos;, java.version: &apos;1.8.0_181&apos;
Driver info: org.openqa.selenium.chrome.ChromeDriver
Capabilities [{applicationCacheEnabled=false, rotatable=false, mobileEmulationEnabled=false, networkConnectionEnabled=false, chrome={chromedriverVersion=2.37.544315 (730aa6a5fdba159ac9f4c1e8cbc59bf1b5ce12b7), userDataDir=C:\Users\5159473\AppData\Local\Temp\scoped_dir11100_15455}, takesHeapSnapshot=true, pageLoadStrategy=normal, databaseEnabled=false, handlesAlerts=true, hasTouchScreen=false, version=69.0.3497.100, platform=XP, browserConnectionEnabled=false, nativeEvents=true, acceptSslCerts=false, acceptInsecureCerts=false, locationContextEnabled=true, webStorageEnabled=true, browserName=chrome, takesScreenshot=true, javascriptEnabled=true, cssSelectorsEnabled=true, setWindowRect=true, unexpectedAlertBehaviour=}]
Session ID: e8e1925791994f0d1516f04e9ce3c100
	at WaterfallApplications.WDPA.WDPA_Pickup_Express(WDPA.java:99)
	at java.util.concurrent.FutureTask.run(Unknown Source)
	at java.util.concurrent.Executors$RunnableAdapter.call(Unknown Source)
	at java.util.concurrent.FutureTask.run(Unknown Source)
	at java.util.concurrent.ThreadPoolExecutor.runWorker(Unknown Source)
	at java.util.concurrent.ThreadPoolExecutor$Worker.run(Unknown Source)
	at java.lang.Thread.run(Unknown Source)
... Removed 10 stack frames</pre></div><a href='#' onClick='toggleBox("stack-trace2128700760", this, "Click to show all stack frames", "Click to hide stack frames")'>Click to show all stack frames</a>
<div class='stack-trace' id='stack-trace2128700760'><pre>java.lang.AssertionError: Timed out after 30 seconds waiting for presence of element located by: By.id: history.filterField
Build info: version: &apos;2.53.0&apos;, revision: &apos;35ae25b1534ae328c771e0856c93e187490ca824&apos;, time: &apos;2016-03-15 10:43:46&apos;
System info: host: &apos;WTC-5159473-l2&apos;, ip: &apos;172.27.142.145&apos;, os.name: &apos;Windows 10&apos;, os.arch: &apos;amd64&apos;, os.version: &apos;10.0&apos;, java.version: &apos;1.8.0_181&apos;
Driver info: org.openqa.selenium.chrome.ChromeDriver
Capabilities [{applicationCacheEnabled=false, rotatable=false, mobileEmulationEnabled=false, networkConnectionEnabled=false, chrome={chromedriverVersion=2.37.544315 (730aa6a5fdba159ac9f4c1e8cbc59bf1b5ce12b7), userDataDir=C:\Users\5159473\AppData\Local\Temp\scoped_dir11100_15455}, takesHeapSnapshot=true, pageLoadStrategy=normal, databaseEnabled=false, handlesAlerts=true, hasTouchScreen=false, version=69.0.3497.100, platform=XP, browserConnectionEnabled=false, nativeEvents=true, acceptSslCerts=false, acceptInsecureCerts=false, locationContextEnabled=true, webStorageEnabled=true, browserName=chrome, takesScreenshot=true, javascriptEnabled=true, cssSelectorsEnabled=true, setWindowRect=true, unexpectedAlertBehaviour=}]
Session ID: e8e1925791994f0d1516f04e9ce3c100
	at org.testng.Assert.fail(Assert.java:96)
	at WaterfallApplications.WDPA.WDPA_Pickup_Express(WDPA.java:99)
	at sun.reflect.NativeMethodAccessorImpl.invoke0(Native Method)
	at sun.reflect.NativeMethodAccessorImpl.invoke(Unknown Source)
	at sun.reflect.DelegatingMethodAccessorImpl.invoke(Unknown Source)
	at java.lang.reflect.Method.invoke(Unknown Source)
	at org.testng.internal.MethodInvocationHelper.invokeMethod(MethodInvocationHelper.java:124)
	at org.testng.internal.Invoker.invokeMethod(Invoker.java:583)
	at org.testng.internal.Invoker.invokeTestMethod(Invoker.java:719)
	at org.testng.internal.TestMethodWithDataProviderMethodWorker.call(TestMethodWithDataProviderMethodWorker.java:71)
	at org.testng.internal.TestMethodWithDataProviderMethodWorker.call(TestMethodWithDataProviderMethodWorker.java:14)
	at java.util.concurrent.FutureTask.run(Unknown Source)
	at java.util.concurrent.Executors$RunnableAdapter.call(Unknown Source)
	at java.util.concurrent.FutureTask.run(Unknown Source)
	at java.util.concurrent.ThreadPoolExecutor.runWorker(Unknown Source)
	at java.util.concurrent.ThreadPoolExecutor$Worker.run(Unknown Source)
	at java.lang.Thread.run(Unknown Source)
</pre></div></td>
<td>513</td>
<td>WaterfallApplications.WDPA@2f490758</td></tr>
<tr>
<td title='WaterfallApplications.WDPA.WDPA_Pickup_Ground()'><b>WDPA_Pickup_Ground</b><br>Test class: WaterfallApplications.WDPA<br>Parameters: 2, US, L2USCC191713564, Test1234</td>
<td><div><pre>java.lang.AssertionError: The system has experienced an unexpected problem and is unable to complete your request. Please contact FedEx Customer Service to schedule your pickup.
	at WaterfallApplications.WDPA.WDPA_Pickup_Ground(WDPA.java:87)
	at java.util.concurrent.FutureTask.run(Unknown Source)
	at java.util.concurrent.Executors$RunnableAdapter.call(Unknown Source)
	at java.util.concurrent.FutureTask.run(Unknown Source)
	at java.util.concurrent.ThreadPoolExecutor.runWorker(Unknown Source)
	at java.util.concurrent.ThreadPoolExecutor$Worker.run(Unknown Source)
	at java.lang.Thread.run(Unknown Source)
... Removed 10 stack frames</pre></div><a href='#' onClick='toggleBox("stack-trace361295968", this, "Click to show all stack frames", "Click to hide stack frames")'>Click to show all stack frames</a>
<div class='stack-trace' id='stack-trace361295968'><pre>java.lang.AssertionError: The system has experienced an unexpected problem and is unable to complete your request. Please contact FedEx Customer Service to schedule your pickup.
	at org.testng.Assert.fail(Assert.java:96)
	at WaterfallApplications.WDPA.WDPA_Pickup_Ground(WDPA.java:87)
	at sun.reflect.NativeMethodAccessorImpl.invoke0(Native Method)
	at sun.reflect.NativeMethodAccessorImpl.invoke(Unknown Source)
	at sun.reflect.DelegatingMethodAccessorImpl.invoke(Unknown Source)
	at java.lang.reflect.Method.invoke(Unknown Source)
	at org.testng.internal.MethodInvocationHelper.invokeMethod(MethodInvocationHelper.java:124)
	at org.testng.internal.Invoker.invokeMethod(Invoker.java:583)
	at org.testng.internal.Invoker.invokeTestMethod(Invoker.java:719)
	at org.testng.internal.TestMethodWithDataProviderMethodWorker.call(TestMethodWithDataProviderMethodWorker.java:71)
	at org.testng.internal.TestMethodWithDataProviderMethodWorker.call(TestMethodWithDataProviderMethodWorker.java:14)
	at java.util.concurrent.FutureTask.run(Unknown Source)
	at java.util.concurrent.Executors$RunnableAdapter.call(Unknown Source)
	at java.util.concurrent.FutureTask.run(Unknown Source)
	at java.util.concurrent.ThreadPoolExecutor.runWorker(Unknown Source)
	at java.util.concurrent.ThreadPoolExecutor$Worker.run(Unknown Source)
	at java.lang.Thread.run(Unknown Source)
</pre></div></td>
<td>414</td>
<td>WaterfallApplications.WDPA@2f490758</td></tr>
<tr>
<td title='TestNG.WFCL.WFCL_AccountRegistration_Admin()'><b>WFCL_AccountRegistration_Admin</b><br>Test class: TestNG.WFCL<br>Parameters: 2, US, 784800440</td>
<td><div><pre>java.lang.AssertionError: stale element reference: element is not attached to the page document
  (Session info: chrome=69.0.3497.100)
  (Driver info: chromedriver=2.37.544315 (730aa6a5fdba159ac9f4c1e8cbc59bf1b5ce12b7),platform=Windows NT 10.0.16299 x86_64) (WARNING: The server did not provide any stacktrace information)
Command duration or timeout: 25.90 seconds
For documentation on this error, please visit: http://seleniumhq.org/exceptions/stale_element_reference.html
Build info: version: &apos;2.53.0&apos;, revision: &apos;35ae25b1534ae328c771e0856c93e187490ca824&apos;, time: &apos;2016-03-15 10:43:46&apos;
System info: host: &apos;WTC-5159473-l2&apos;, ip: &apos;172.27.142.145&apos;, os.name: &apos;Windows 10&apos;, os.arch: &apos;amd64&apos;, os.version: &apos;10.0&apos;, java.version: &apos;1.8.0_181&apos;
Driver info: org.openqa.selenium.chrome.ChromeDriver
Capabilities [{applicationCacheEnabled=false, rotatable=false, mobileEmulationEnabled=false, networkConnectionEnabled=false, chrome={chromedriverVersion=2.37.544315 (730aa6a5fdba159ac9f4c1e8cbc59bf1b5ce12b7), userDataDir=C:\Users\5159473\AppData\Local\Temp\scoped_dir18104_30218}, takesHeapSnapshot=true, pageLoadStrategy=normal, databaseEnabled=false, handlesAlerts=true, hasTouchScreen=false, version=69.0.3497.100, platform=XP, browserConnectionEnabled=false, nativeEvents=true, acceptSslCerts=false, acceptInsecureCerts=false, locationContextEnabled=true, webStorageEnabled=true, browserName=chrome, takesScreenshot=true, javascriptEnabled=true, cssSelectorsEnabled=true, setWindowRect=true, unexpectedAlertBehaviour=}]
Session ID: ba1082331381c5854b3f2ffd58e723f2
*** Element info: {Using=xpath, value=.//option[normalize-space(.) = &quot;784800440&quot;]}
	at TestNG.WFCL.WFCL_AccountRegistration_Admin(WFCL.java:171)
	at java.util.concurrent.FutureTask.run(Unknown Source)
	at java.util.concurrent.Executors$RunnableAdapter.call(Unknown Source)
	at java.util.concurrent.FutureTask.run(Unknown Source)
	at java.util.concurrent.ThreadPoolExecutor.runWorker(Unknown Source)
	at java.util.concurrent.ThreadPoolExecutor$Worker.run(Unknown Source)
	at java.lang.Thread.run(Unknown Source)
... Removed 10 stack frames</pre></div><a href='#' onClick='toggleBox("stack-trace1349356595", this, "Click to show all stack frames", "Click to hide stack frames")'>Click to show all stack frames</a>
<div class='stack-trace' id='stack-trace1349356595'><pre>java.lang.AssertionError: stale element reference: element is not attached to the page document
  (Session info: chrome=69.0.3497.100)
  (Driver info: chromedriver=2.37.544315 (730aa6a5fdba159ac9f4c1e8cbc59bf1b5ce12b7),platform=Windows NT 10.0.16299 x86_64) (WARNING: The server did not provide any stacktrace information)
Command duration or timeout: 25.90 seconds
For documentation on this error, please visit: http://seleniumhq.org/exceptions/stale_element_reference.html
Build info: version: &apos;2.53.0&apos;, revision: &apos;35ae25b1534ae328c771e0856c93e187490ca824&apos;, time: &apos;2016-03-15 10:43:46&apos;
System info: host: &apos;WTC-5159473-l2&apos;, ip: &apos;172.27.142.145&apos;, os.name: &apos;Windows 10&apos;, os.arch: &apos;amd64&apos;, os.version: &apos;10.0&apos;, java.version: &apos;1.8.0_181&apos;
Driver info: org.openqa.selenium.chrome.ChromeDriver
Capabilities [{applicationCacheEnabled=false, rotatable=false, mobileEmulationEnabled=false, networkConnectionEnabled=false, chrome={chromedriverVersion=2.37.544315 (730aa6a5fdba159ac9f4c1e8cbc59bf1b5ce12b7), userDataDir=C:\Users\5159473\AppData\Local\Temp\scoped_dir18104_30218}, takesHeapSnapshot=true, pageLoadStrategy=normal, databaseEnabled=false, handlesAlerts=true, hasTouchScreen=false, version=69.0.3497.100, platform=XP, browserConnectionEnabled=false, nativeEvents=true, acceptSslCerts=false, acceptInsecureCerts=false, locationContextEnabled=true, webStorageEnabled=true, browserName=chrome, takesScreenshot=true, javascriptEnabled=true, cssSelectorsEnabled=true, setWindowRect=true, unexpectedAlertBehaviour=}]
Session ID: ba1082331381c5854b3f2ffd58e723f2
*** Element info: {Using=xpath, value=.//option[normalize-space(.) = &quot;784800440&quot;]}
	at org.testng.Assert.fail(Assert.java:96)
	at TestNG.WFCL.WFCL_AccountRegistration_Admin(WFCL.java:171)
	at sun.reflect.NativeMethodAccessorImpl.invoke0(Native Method)
	at sun.reflect.NativeMethodAccessorImpl.invoke(Unknown Source)
	at sun.reflect.DelegatingMethodAccessorImpl.invoke(Unknown Source)
	at java.lang.reflect.Method.invoke(Unknown Source)
	at org.testng.internal.MethodInvocationHelper.invokeMethod(MethodInvocationHelper.java:124)
	at org.testng.internal.Invoker.invokeMethod(Invoker.java:583)
	at org.testng.internal.Invoker.invokeTestMethod(Invoker.java:719)
	at org.testng.internal.TestMethodWithDataProviderMethodWorker.call(TestMethodWithDataProviderMethodWorker.java:71)
	at org.testng.internal.TestMethodWithDataProviderMethodWorker.call(TestMethodWithDataProviderMethodWorker.java:14)
	at java.util.concurrent.FutureTask.run(Unknown Source)
	at java.util.concurrent.Executors$RunnableAdapter.call(Unknown Source)
	at java.util.concurrent.FutureTask.run(Unknown Source)
	at java.util.concurrent.ThreadPoolExecutor.runWorker(Unknown Source)
	at java.util.concurrent.ThreadPoolExecutor$Worker.run(Unknown Source)
	at java.lang.Thread.run(Unknown Source)
</pre></div></td>
<td>89</td>
<td>TestNG.WFCL@74294adb</td></tr>
<tr>
<td title='TestNG.WFCL.WFCL_AccountRegistration_INET()'><b>WFCL_AccountRegistration_INET</b><br>Test class: TestNG.WFCL<br>Parameters: 2, US, 784800440</td>
<td><div><pre>java.lang.AssertionError: Cannot locate element with text: 784800440
For documentation on this error, please visit: http://seleniumhq.org/exceptions/no_such_element.html
Build info: version: &apos;2.53.0&apos;, revision: &apos;35ae25b1534ae328c771e0856c93e187490ca824&apos;, time: &apos;2016-03-15 10:43:46&apos;
System info: host: &apos;WTC-5159473-l2&apos;, ip: &apos;172.27.142.145&apos;, os.name: &apos;Windows 10&apos;, os.arch: &apos;amd64&apos;, os.version: &apos;10.0&apos;, java.version: &apos;1.8.0_181&apos;
Driver info: driver.version: unknown
	at TestNG.WFCL.WFCL_AccountRegistration_INET(WFCL.java:184)
	at java.util.concurrent.FutureTask.run(Unknown Source)
	at java.util.concurrent.Executors$RunnableAdapter.call(Unknown Source)
	at java.util.concurrent.FutureTask.run(Unknown Source)
	at java.util.concurrent.ThreadPoolExecutor.runWorker(Unknown Source)
	at java.util.concurrent.ThreadPoolExecutor$Worker.run(Unknown Source)
	at java.lang.Thread.run(Unknown Source)
... Removed 10 stack frames</pre></div><a href='#' onClick='toggleBox("stack-trace2096209326", this, "Click to show all stack frames", "Click to hide stack frames")'>Click to show all stack frames</a>
<div class='stack-trace' id='stack-trace2096209326'><pre>java.lang.AssertionError: Cannot locate element with text: 784800440
For documentation on this error, please visit: http://seleniumhq.org/exceptions/no_such_element.html
Build info: version: &apos;2.53.0&apos;, revision: &apos;35ae25b1534ae328c771e0856c93e187490ca824&apos;, time: &apos;2016-03-15 10:43:46&apos;
System info: host: &apos;WTC-5159473-l2&apos;, ip: &apos;172.27.142.145&apos;, os.name: &apos;Windows 10&apos;, os.arch: &apos;amd64&apos;, os.version: &apos;10.0&apos;, java.version: &apos;1.8.0_181&apos;
Driver info: driver.version: unknown
	at org.testng.Assert.fail(Assert.java:96)
	at TestNG.WFCL.WFCL_AccountRegistration_INET(WFCL.java:184)
	at sun.reflect.NativeMethodAccessorImpl.invoke0(Native Method)
	at sun.reflect.NativeMethodAccessorImpl.invoke(Unknown Source)
	at sun.reflect.DelegatingMethodAccessorImpl.invoke(Unknown Source)
	at java.lang.reflect.Method.invoke(Unknown Source)
	at org.testng.internal.MethodInvocationHelper.invokeMethod(MethodInvocationHelper.java:124)
	at org.testng.internal.Invoker.invokeMethod(Invoker.java:583)
	at org.testng.internal.Invoker.invokeTestMethod(Invoker.java:719)
	at org.testng.internal.TestMethodWithDataProviderMethodWorker.call(TestMethodWithDataProviderMethodWorker.java:71)
	at org.testng.internal.TestMethodWithDataProviderMethodWorker.call(TestMethodWithDataProviderMethodWorker.java:14)
	at java.util.concurrent.FutureTask.run(Unknown Source)
	at java.util.concurrent.Executors$RunnableAdapter.call(Unknown Source)
	at java.util.concurrent.FutureTask.run(Unknown Source)
	at java.util.concurrent.ThreadPoolExecutor.runWorker(Unknown Source)
	at java.util.concurrent.ThreadPoolExecutor$Worker.run(Unknown Source)
	at java.lang.Thread.run(Unknown Source)
</pre></div></td>
<td>77</td>
<td>TestNG.WFCL@74294adb</td></tr>
<tr>
<td title='TestNG.WFCL.WFCL_Reset_Password_Email()'><b>WFCL_Reset_Password_Email</b><br>Test class: TestNG.WFCL<br>Parameters: 2, US, L2USCC191713564, Test1234</td>
<td><div><pre>java.lang.AssertionError: no such element: Unable to locate element: {&quot;method&quot;:&quot;xpath&quot;,&quot;selector&quot;:&quot;//*[@id=&apos;module.forgotuseridandpassword._expanded&apos;]/table/tbody/tr/td[1]/form/table/tbody/tr[6]/td/input[2]&quot;}
  (Session info: chrome=69.0.3497.100)
  (Driver info: chromedriver=2.37.544315 (730aa6a5fdba159ac9f4c1e8cbc59bf1b5ce12b7),platform=Windows NT 10.0.16299 x86_64) (WARNING: The server did not provide any stacktrace information)
Command duration or timeout: 30.07 seconds
For documentation on this error, please visit: http://seleniumhq.org/exceptions/no_such_element.html
Build info: version: &apos;2.53.0&apos;, revision: &apos;35ae25b1534ae328c771e0856c93e187490ca824&apos;, time: &apos;2016-03-15 10:43:46&apos;
System info: host: &apos;WTC-5159473-l2&apos;, ip: &apos;172.27.142.145&apos;, os.name: &apos;Windows 10&apos;, os.arch: &apos;amd64&apos;, os.version: &apos;10.0&apos;, java.version: &apos;1.8.0_181&apos;
Driver info: org.openqa.selenium.chrome.ChromeDriver
Capabilities [{applicationCacheEnabled=false, rotatable=false, mobileEmulationEnabled=false, networkConnectionEnabled=false, chrome={chromedriverVersion=2.37.544315 (730aa6a5fdba159ac9f4c1e8cbc59bf1b5ce12b7), userDataDir=C:\Users\5159473\AppData\Local\Temp\scoped_dir22980_12760}, takesHeapSnapshot=true, pageLoadStrategy=normal, databaseEnabled=false, handlesAlerts=true, hasTouchScreen=false, version=69.0.3497.100, platform=XP, browserConnectionEnabled=false, nativeEvents=true, acceptSslCerts=false, acceptInsecureCerts=false, locationContextEnabled=true, webStorageEnabled=true, browserName=chrome, takesScreenshot=true, javascriptEnabled=true, cssSelectorsEnabled=true, setWindowRect=true, unexpectedAlertBehaviour=}]
Session ID: 78a58823d39d9a67ad3e4053ecccf533
*** Element info: {Using=xpath, value=//*[@id=&apos;module.forgotuseridandpassword._expanded&apos;]/table/tbody/tr/td[1]/form/table/tbody/tr[6]/td/input[2]}
	at TestNG.WFCL.WFCL_Reset_Password_Email(WFCL.java:227)
	at java.util.concurrent.FutureTask.run(Unknown Source)
	at java.util.concurrent.Executors$RunnableAdapter.call(Unknown Source)
	at java.util.concurrent.FutureTask.run(Unknown Source)
	at java.util.concurrent.ThreadPoolExecutor.runWorker(Unknown Source)
	at java.util.concurrent.ThreadPoolExecutor$Worker.run(Unknown Source)
	at java.lang.Thread.run(Unknown Source)
... Removed 10 stack frames</pre></div><a href='#' onClick='toggleBox("stack-trace1341346514", this, "Click to show all stack frames", "Click to hide stack frames")'>Click to show all stack frames</a>
<div class='stack-trace' id='stack-trace1341346514'><pre>java.lang.AssertionError: no such element: Unable to locate element: {&quot;method&quot;:&quot;xpath&quot;,&quot;selector&quot;:&quot;//*[@id=&apos;module.forgotuseridandpassword._expanded&apos;]/table/tbody/tr/td[1]/form/table/tbody/tr[6]/td/input[2]&quot;}
  (Session info: chrome=69.0.3497.100)
  (Driver info: chromedriver=2.37.544315 (730aa6a5fdba159ac9f4c1e8cbc59bf1b5ce12b7),platform=Windows NT 10.0.16299 x86_64) (WARNING: The server did not provide any stacktrace information)
Command duration or timeout: 30.07 seconds
For documentation on this error, please visit: http://seleniumhq.org/exceptions/no_such_element.html
Build info: version: &apos;2.53.0&apos;, revision: &apos;35ae25b1534ae328c771e0856c93e187490ca824&apos;, time: &apos;2016-03-15 10:43:46&apos;
System info: host: &apos;WTC-5159473-l2&apos;, ip: &apos;172.27.142.145&apos;, os.name: &apos;Windows 10&apos;, os.arch: &apos;amd64&apos;, os.version: &apos;10.0&apos;, java.version: &apos;1.8.0_181&apos;
Driver info: org.openqa.selenium.chrome.ChromeDriver
Capabilities [{applicationCacheEnabled=false, rotatable=false, mobileEmulationEnabled=false, networkConnectionEnabled=false, chrome={chromedriverVersion=2.37.544315 (730aa6a5fdba159ac9f4c1e8cbc59bf1b5ce12b7), userDataDir=C:\Users\5159473\AppData\Local\Temp\scoped_dir22980_12760}, takesHeapSnapshot=true, pageLoadStrategy=normal, databaseEnabled=false, handlesAlerts=true, hasTouchScreen=false, version=69.0.3497.100, platform=XP, browserConnectionEnabled=false, nativeEvents=true, acceptSslCerts=false, acceptInsecureCerts=false, locationContextEnabled=true, webStorageEnabled=true, browserName=chrome, takesScreenshot=true, javascriptEnabled=true, cssSelectorsEnabled=true, setWindowRect=true, unexpectedAlertBehaviour=}]
Session ID: 78a58823d39d9a67ad3e4053ecccf533
*** Element info: {Using=xpath, value=//*[@id=&apos;module.forgotuseridandpassword._expanded&apos;]/table/tbody/tr/td[1]/form/table/tbody/tr[6]/td/input[2]}
	at org.testng.Assert.fail(Assert.java:96)
	at TestNG.WFCL.WFCL_Reset_Password_Email(WFCL.java:227)
	at sun.reflect.NativeMethodAccessorImpl.invoke0(Native Method)
	at sun.reflect.NativeMethodAccessorImpl.invoke(Unknown Source)
	at sun.reflect.DelegatingMethodAccessorImpl.invoke(Unknown Source)
	at java.lang.reflect.Method.invoke(Unknown Source)
	at org.testng.internal.MethodInvocationHelper.invokeMethod(MethodInvocationHelper.java:124)
	at org.testng.internal.Invoker.invokeMethod(Invoker.java:583)
	at org.testng.internal.Invoker.invokeTestMethod(Invoker.java:719)
	at org.testng.internal.TestMethodWithDataProviderMethodWorker.call(TestMethodWithDataProviderMethodWorker.java:71)
	at org.testng.internal.TestMethodWithDataProviderMethodWorker.call(TestMethodWithDataProviderMethodWorker.java:14)
	at java.util.concurrent.FutureTask.run(Unknown Source)
	at java.util.concurrent.Executors$RunnableAdapter.call(Unknown Source)
	at java.util.concurrent.FutureTask.run(Unknown Source)
	at java.util.concurrent.ThreadPoolExecutor.runWorker(Unknown Source)
	at java.util.concurrent.ThreadPoolExecutor$Worker.run(Unknown Source)
	at java.lang.Thread.run(Unknown Source)
</pre></div></td>
<td>467</td>
<td>TestNG.WFCL@74294adb</td></tr>
<tr>
<td title='TestNG.WIDM.WIDM_RegistrationEFWS()'><b>WIDM_RegistrationEFWS</b><br>Test class: TestNG.WIDM<br>Parameters: 2, US</td>
<td><div><pre>java.lang.AssertionError: Timed out after 30 seconds waiting for text to be &quot;Your registration request is not approved based on the information submitted.&quot;. Current text: &quot;We are unable to process your registration at this time. Please try again later.&quot;
Build info: version: &apos;2.53.0&apos;, revision: &apos;35ae25b1534ae328c771e0856c93e187490ca824&apos;, time: &apos;2016-03-15 10:43:46&apos;
System info: host: &apos;WTC-5159473-l2&apos;, ip: &apos;172.27.142.145&apos;, os.name: &apos;Windows 10&apos;, os.arch: &apos;amd64&apos;, os.version: &apos;10.0&apos;, java.version: &apos;1.8.0_181&apos;
Driver info: org.openqa.selenium.chrome.ChromeDriver
Capabilities [{applicationCacheEnabled=false, rotatable=false, mobileEmulationEnabled=false, networkConnectionEnabled=false, chrome={chromedriverVersion=2.37.544315 (730aa6a5fdba159ac9f4c1e8cbc59bf1b5ce12b7), userDataDir=C:\Users\5159473\AppData\Local\Temp\scoped_dir24888_14251}, takesHeapSnapshot=true, pageLoadStrategy=normal, databaseEnabled=false, handlesAlerts=true, hasTouchScreen=false, version=69.0.3497.100, platform=XP, browserConnectionEnabled=false, nativeEvents=true, acceptSslCerts=false, acceptInsecureCerts=false, locationContextEnabled=true, webStorageEnabled=true, browserName=chrome, takesScreenshot=true, javascriptEnabled=true, cssSelectorsEnabled=true, setWindowRect=true, unexpectedAlertBehaviour=}]
Session ID: 99c081a24b0c7b8f9135465515b4872f
	at TestNG.WIDM.WIDM_RegistrationEFWS(WIDM.java:102)
	at java.util.concurrent.FutureTask.run(Unknown Source)
	at java.util.concurrent.Executors$RunnableAdapter.call(Unknown Source)
	at java.util.concurrent.FutureTask.run(Unknown Source)
	at java.util.concurrent.ThreadPoolExecutor.runWorker(Unknown Source)
	at java.util.concurrent.ThreadPoolExecutor$Worker.run(Unknown Source)
	at java.lang.Thread.run(Unknown Source)
... Removed 10 stack frames</pre></div><a href='#' onClick='toggleBox("stack-trace845541504", this, "Click to show all stack frames", "Click to hide stack frames")'>Click to show all stack frames</a>
<div class='stack-trace' id='stack-trace845541504'><pre>java.lang.AssertionError: Timed out after 30 seconds waiting for text to be &quot;Your registration request is not approved based on the information submitted.&quot;. Current text: &quot;We are unable to process your registration at this time. Please try again later.&quot;
Build info: version: &apos;2.53.0&apos;, revision: &apos;35ae25b1534ae328c771e0856c93e187490ca824&apos;, time: &apos;2016-03-15 10:43:46&apos;
System info: host: &apos;WTC-5159473-l2&apos;, ip: &apos;172.27.142.145&apos;, os.name: &apos;Windows 10&apos;, os.arch: &apos;amd64&apos;, os.version: &apos;10.0&apos;, java.version: &apos;1.8.0_181&apos;
Driver info: org.openqa.selenium.chrome.ChromeDriver
Capabilities [{applicationCacheEnabled=false, rotatable=false, mobileEmulationEnabled=false, networkConnectionEnabled=false, chrome={chromedriverVersion=2.37.544315 (730aa6a5fdba159ac9f4c1e8cbc59bf1b5ce12b7), userDataDir=C:\Users\5159473\AppData\Local\Temp\scoped_dir24888_14251}, takesHeapSnapshot=true, pageLoadStrategy=normal, databaseEnabled=false, handlesAlerts=true, hasTouchScreen=false, version=69.0.3497.100, platform=XP, browserConnectionEnabled=false, nativeEvents=true, acceptSslCerts=false, acceptInsecureCerts=false, locationContextEnabled=true, webStorageEnabled=true, browserName=chrome, takesScreenshot=true, javascriptEnabled=true, cssSelectorsEnabled=true, setWindowRect=true, unexpectedAlertBehaviour=}]
Session ID: 99c081a24b0c7b8f9135465515b4872f
	at org.testng.Assert.fail(Assert.java:96)
	at TestNG.WIDM.WIDM_RegistrationEFWS(WIDM.java:102)
	at sun.reflect.NativeMethodAccessorImpl.invoke0(Native Method)
	at sun.reflect.NativeMethodAccessorImpl.invoke(Unknown Source)
	at sun.reflect.DelegatingMethodAccessorImpl.invoke(Unknown Source)
	at java.lang.reflect.Method.invoke(Unknown Source)
	at org.testng.internal.MethodInvocationHelper.invokeMethod(MethodInvocationHelper.java:124)
	at org.testng.internal.Invoker.invokeMethod(Invoker.java:583)
	at org.testng.internal.Invoker.invokeTestMethod(Invoker.java:719)
	at org.testng.internal.TestMethodWithDataProviderMethodWorker.call(TestMethodWithDataProviderMethodWorker.java:71)
	at org.testng.internal.TestMethodWithDataProviderMethodWorker.call(TestMethodWithDataProviderMethodWorker.java:14)
	at java.util.concurrent.FutureTask.run(Unknown Source)
	at java.util.concurrent.Executors$RunnableAdapter.call(Unknown Source)
	at java.util.concurrent.FutureTask.run(Unknown Source)
	at java.util.concurrent.ThreadPoolExecutor.runWorker(Unknown Source)
	at java.util.concurrent.ThreadPoolExecutor$Worker.run(Unknown Source)
	at java.lang.Thread.run(Unknown Source)
</pre></div></td>
<td>441</td>
<td>TestNG.WIDM@70a9f84e</td></tr>
<tr>
<td title='TestNG.WIDM.WIDM_ResetPasswordSecret()'><b>WIDM_ResetPasswordSecret</b><br>Test class: TestNG.WIDM<br>Parameters: 2, US, L2USCC191713564, Test1234, mom</td>
<td><div><pre>java.lang.AssertionError: no such element: Unable to locate element: {&quot;method&quot;:&quot;xpath&quot;,&quot;selector&quot;:&quot;//*[@id=&apos;module.resetpasswordoptions._expanded&apos;]/table/tbody/tr/td[1]/form/table/tbody/tr[5]/td/input&quot;}
  (Session info: chrome=69.0.3497.100)
  (Driver info: chromedriver=2.37.544315 (730aa6a5fdba159ac9f4c1e8cbc59bf1b5ce12b7),platform=Windows NT 10.0.16299 x86_64) (WARNING: The server did not provide any stacktrace information)
Command duration or timeout: 30.18 seconds
For documentation on this error, please visit: http://seleniumhq.org/exceptions/no_such_element.html
Build info: version: &apos;2.53.0&apos;, revision: &apos;35ae25b1534ae328c771e0856c93e187490ca824&apos;, time: &apos;2016-03-15 10:43:46&apos;
System info: host: &apos;WTC-5159473-l2&apos;, ip: &apos;172.27.142.145&apos;, os.name: &apos;Windows 10&apos;, os.arch: &apos;amd64&apos;, os.version: &apos;10.0&apos;, java.version: &apos;1.8.0_181&apos;
Driver info: org.openqa.selenium.chrome.ChromeDriver
Capabilities [{applicationCacheEnabled=false, rotatable=false, mobileEmulationEnabled=false, networkConnectionEnabled=false, chrome={chromedriverVersion=2.37.544315 (730aa6a5fdba159ac9f4c1e8cbc59bf1b5ce12b7), userDataDir=C:\Users\5159473\AppData\Local\Temp\scoped_dir11392_28696}, takesHeapSnapshot=true, pageLoadStrategy=normal, databaseEnabled=false, handlesAlerts=true, hasTouchScreen=false, version=69.0.3497.100, platform=XP, browserConnectionEnabled=false, nativeEvents=true, acceptSslCerts=false, acceptInsecureCerts=false, locationContextEnabled=true, webStorageEnabled=true, browserName=chrome, takesScreenshot=true, javascriptEnabled=true, cssSelectorsEnabled=true, setWindowRect=true, unexpectedAlertBehaviour=}]
Session ID: 65e35384b18e863341d9ad8b2ca64e15
*** Element info: {Using=xpath, value=//*[@id=&apos;module.resetpasswordoptions._expanded&apos;]/table/tbody/tr/td[1]/form/table/tbody/tr[5]/td/input}
	at TestNG.WIDM.WIDM_ResetPasswordSecret(WIDM.java:113)
	at java.util.concurrent.FutureTask.run(Unknown Source)
	at java.util.concurrent.Executors$RunnableAdapter.call(Unknown Source)
	at java.util.concurrent.FutureTask.run(Unknown Source)
	at java.util.concurrent.ThreadPoolExecutor.runWorker(Unknown Source)
	at java.util.concurrent.ThreadPoolExecutor$Worker.run(Unknown Source)
	at java.lang.Thread.run(Unknown Source)
... Removed 10 stack frames</pre></div><a href='#' onClick='toggleBox("stack-trace273318572", this, "Click to show all stack frames", "Click to hide stack frames")'>Click to show all stack frames</a>
<div class='stack-trace' id='stack-trace273318572'><pre>java.lang.AssertionError: no such element: Unable to locate element: {&quot;method&quot;:&quot;xpath&quot;,&quot;selector&quot;:&quot;//*[@id=&apos;module.resetpasswordoptions._expanded&apos;]/table/tbody/tr/td[1]/form/table/tbody/tr[5]/td/input&quot;}
  (Session info: chrome=69.0.3497.100)
  (Driver info: chromedriver=2.37.544315 (730aa6a5fdba159ac9f4c1e8cbc59bf1b5ce12b7),platform=Windows NT 10.0.16299 x86_64) (WARNING: The server did not provide any stacktrace information)
Command duration or timeout: 30.18 seconds
For documentation on this error, please visit: http://seleniumhq.org/exceptions/no_such_element.html
Build info: version: &apos;2.53.0&apos;, revision: &apos;35ae25b1534ae328c771e0856c93e187490ca824&apos;, time: &apos;2016-03-15 10:43:46&apos;
System info: host: &apos;WTC-5159473-l2&apos;, ip: &apos;172.27.142.145&apos;, os.name: &apos;Windows 10&apos;, os.arch: &apos;amd64&apos;, os.version: &apos;10.0&apos;, java.version: &apos;1.8.0_181&apos;
Driver info: org.openqa.selenium.chrome.ChromeDriver
Capabilities [{applicationCacheEnabled=false, rotatable=false, mobileEmulationEnabled=false, networkConnectionEnabled=false, chrome={chromedriverVersion=2.37.544315 (730aa6a5fdba159ac9f4c1e8cbc59bf1b5ce12b7), userDataDir=C:\Users\5159473\AppData\Local\Temp\scoped_dir11392_28696}, takesHeapSnapshot=true, pageLoadStrategy=normal, databaseEnabled=false, handlesAlerts=true, hasTouchScreen=false, version=69.0.3497.100, platform=XP, browserConnectionEnabled=false, nativeEvents=true, acceptSslCerts=false, acceptInsecureCerts=false, locationContextEnabled=true, webStorageEnabled=true, browserName=chrome, takesScreenshot=true, javascriptEnabled=true, cssSelectorsEnabled=true, setWindowRect=true, unexpectedAlertBehaviour=}]
Session ID: 65e35384b18e863341d9ad8b2ca64e15
*** Element info: {Using=xpath, value=//*[@id=&apos;module.resetpasswordoptions._expanded&apos;]/table/tbody/tr/td[1]/form/table/tbody/tr[5]/td/input}
	at org.testng.Assert.fail(Assert.java:96)
	at TestNG.WIDM.WIDM_ResetPasswordSecret(WIDM.java:113)
	at sun.reflect.NativeMethodAccessorImpl.invoke0(Native Method)
	at sun.reflect.NativeMethodAccessorImpl.invoke(Unknown Source)
	at sun.reflect.DelegatingMethodAccessorImpl.invoke(Unknown Source)
	at java.lang.reflect.Method.invoke(Unknown Source)
	at org.testng.internal.MethodInvocationHelper.invokeMethod(MethodInvocationHelper.java:124)
	at org.testng.internal.Invoker.invokeMethod(Invoker.java:583)
	at org.testng.internal.Invoker.invokeTestMethod(Invoker.java:719)
	at org.testng.internal.TestMethodWithDataProviderMethodWorker.call(TestMethodWithDataProviderMethodWorker.java:71)
	at org.testng.internal.TestMethodWithDataProviderMethodWorker.call(TestMethodWithDataProviderMethodWorker.java:14)
	at java.util.concurrent.FutureTask.run(Unknown Source)
	at java.util.concurrent.Executors$RunnableAdapter.call(Unknown Source)
	at java.util.concurrent.FutureTask.run(Unknown Source)
	at java.util.concurrent.ThreadPoolExecutor.runWorker(Unknown Source)
	at java.util.concurrent.ThreadPoolExecutor$Worker.run(Unknown Source)
	at java.lang.Thread.run(Unknown Source)
</pre></div></td>
<td>248</td>
<td>TestNG.WIDM@70a9f84e</td></tr>
</table><p>
<table width='100%' border='1' class='invocation-passed'>
<tr><td colspan='4' align='center'><b>PASSED TESTS</b></td></tr>
<tr><td><b>Test method</b></td>
<td width="30%"><b>Exception</b></td>
<td width="10%"><b>Time (seconds)</b></td>
<td><b>Instance</b></td>
</tr>
<tr>
<td title='TestNG.MFAC.AddressVelocity()'><b>AddressVelocity</b><br>Test class: TestNG.MFAC<br>Parameters: FDM-POSTCARD-PIN, l7xx1892f99a6f88470ba29abc141cd7bd8d, http://mfacdev-cos-vip.test.cloud.fedex.com:9090/mfac/v3/addressVelocityCheck, 10</td>
<td></td>
<td>18</td>
<td>TestNG.MFAC@58a90037</td></tr>
<tr>
<td title='TestNG.MFAC.AddressVelocity()'><b>AddressVelocity</b><br>Test class: TestNG.MFAC<br>Parameters: FDM-PHONE-PIN, l7xx1892f99a6f88470ba29abc141cd7bd8d, https://apidev.idev.fedex.com:8443/security/v1/addresses/velocitycheck, 10</td>
<td></td>
<td>18</td>
<td>TestNG.MFAC@58a90037</td></tr>
<tr>
<td title='TestNG.MFAC.AddressVelocity()'><b>AddressVelocity</b><br>Test class: TestNG.MFAC<br>Parameters: FDM-PHONE-PIN, l7xx1892f99a6f88470ba29abc141cd7bd8d, http://mfacdev-cos-vip.test.cloud.fedex.com:9090/mfac/v3/addressVelocityCheck, 10</td>
<td></td>
<td>18</td>
<td>TestNG.MFAC@58a90037</td></tr>
<tr>
<td title='TestNG.MFAC.AddressVelocity()'><b>AddressVelocity</b><br>Test class: TestNG.MFAC<br>Parameters: FDM-POSTCARD-PIN, l7xx1892f99a6f88470ba29abc141cd7bd8d, https://apidev.idev.fedex.com:8443/security/v1/addresses/velocitycheck, 10</td>
<td></td>
<td>19</td>
<td>TestNG.MFAC@58a90037</td></tr>
<tr>
<td title='TestNG.MFAC.IssuePin()'><b>IssuePin</b><br>Test class: TestNG.MFAC<br>Parameters: FDM-POSTCARD-PIN, l7xx1892f99a6f88470ba29abc141cd7bd8d, https://apidev.idev.fedex.com:8443/security/v1/pin</td>
<td></td>
<td>2</td>
<td>TestNG.MFAC@58a90037</td></tr>
<tr>
<td title='TestNG.MFAC.IssuePin()'><b>IssuePin</b><br>Test class: TestNG.MFAC<br>Parameters: FDM-PHONE-PIN, l7xx1892f99a6f88470ba29abc141cd7bd8d, https://apidev.idev.fedex.com:8443/security/v1/pin</td>
<td></td>
<td>4</td>
<td>TestNG.MFAC@58a90037</td></tr>
<tr>
<td title='TestNG.MFAC.IssuePin()'><b>IssuePin</b><br>Test class: TestNG.MFAC<br>Parameters: FDM-POSTCARD-PIN, l7xx1892f99a6f88470ba29abc141cd7bd8d, http://mfacdev-cos-vip.test.cloud.fedex.com:9090/mfac/v3/issuePIN</td>
<td></td>
<td>6</td>
<td>TestNG.MFAC@58a90037</td></tr>
<tr>
<td title='TestNG.MFAC.IssuePin()'><b>IssuePin</b><br>Test class: TestNG.MFAC<br>Parameters: FDM-PHONE-PIN, l7xx1892f99a6f88470ba29abc141cd7bd8d, http://mfacdev-cos-vip.test.cloud.fedex.com:9090/mfac/v3/issuePIN</td>
<td></td>
<td>8</td>
<td>TestNG.MFAC@58a90037</td></tr>
<tr>
<td title='TestNG.MFAC.IssuePinVelocity()'><b>IssuePinVelocity</b><br>Test class: TestNG.MFAC<br>Parameters: FDM-POSTCARD-PIN, l7xx1892f99a6f88470ba29abc141cd7bd8d, https://apidev.idev.fedex.com:8443/security/v1/pin, 3</td>
<td></td>
<td>12</td>
<td>TestNG.MFAC@58a90037</td></tr>
<tr>
<td title='TestNG.MFAC.IssuePinVelocity()'><b>IssuePinVelocity</b><br>Test class: TestNG.MFAC<br>Parameters: FDM-PHONE-PIN, l7xx1892f99a6f88470ba29abc141cd7bd8d, https://apidev.idev.fedex.com:8443/security/v1/pin, 3</td>
<td></td>
<td>14</td>
<td>TestNG.MFAC@58a90037</td></tr>
<tr>
<td title='TestNG.MFAC.IssuePinVelocity()'><b>IssuePinVelocity</b><br>Test class: TestNG.MFAC<br>Parameters: FDM-POSTCARD-PIN, l7xx1892f99a6f88470ba29abc141cd7bd8d, http://mfacdev-cos-vip.test.cloud.fedex.com:9090/mfac/v3/issuePIN, 3</td>
<td></td>
<td>15</td>
<td>TestNG.MFAC@58a90037</td></tr>
<tr>
<td title='TestNG.MFAC.IssuePinVelocity()'><b>IssuePinVelocity</b><br>Test class: TestNG.MFAC<br>Parameters: FDM-PHONE-PIN, l7xx1892f99a6f88470ba29abc141cd7bd8d, http://mfacdev-cos-vip.test.cloud.fedex.com:9090/mfac/v3/issuePIN, 3</td>
<td></td>
<td>15</td>
<td>TestNG.MFAC@58a90037</td></tr>
<tr>
<td title='TestNG.MFAC.VerifyPinNoLongerValid()'><b>VerifyPinNoLongerValid</b><br>Test class: TestNG.MFAC<br>Parameters: FDM-POSTCARD-PIN, l7xx1892f99a6f88470ba29abc141cd7bd8d, https://apidev.idev.fedex.com:8443/security/v1/pin, https://apidev.idev.fedex.com:8443/security/v1/pin/verify</td>
<td></td>
<td>12</td>
<td>TestNG.MFAC@58a90037</td></tr>
<tr>
<td title='TestNG.MFAC.VerifyPinNoLongerValid()'><b>VerifyPinNoLongerValid</b><br>Test class: TestNG.MFAC<br>Parameters: FDM-PHONE-PIN, l7xx1892f99a6f88470ba29abc141cd7bd8d, http://mfacdev-cos-vip.test.cloud.fedex.com:9090/mfac/v3/issuePIN, http://mfacdev-cos-vip.test.cloud.fedex.com:9090/mfac/v3/verifyPIN</td>
<td></td>
<td>12</td>
<td>TestNG.MFAC@58a90037</td></tr>
<tr>
<td title='TestNG.MFAC.VerifyPinNoLongerValid()'><b>VerifyPinNoLongerValid</b><br>Test class: TestNG.MFAC<br>Parameters: FDM-PHONE-PIN, l7xx1892f99a6f88470ba29abc141cd7bd8d, https://apidev.idev.fedex.com:8443/security/v1/pin, https://apidev.idev.fedex.com:8443/security/v1/pin/verify</td>
<td></td>
<td>13</td>
<td>TestNG.MFAC@58a90037</td></tr>
<tr>
<td title='TestNG.MFAC.VerifyPinNoLongerValid()'><b>VerifyPinNoLongerValid</b><br>Test class: TestNG.MFAC<br>Parameters: FDM-POSTCARD-PIN, l7xx1892f99a6f88470ba29abc141cd7bd8d, http://mfacdev-cos-vip.test.cloud.fedex.com:9090/mfac/v3/issuePIN, http://mfacdev-cos-vip.test.cloud.fedex.com:9090/mfac/v3/verifyPIN</td>
<td></td>
<td>15</td>
<td>TestNG.MFAC@58a90037</td></tr>
<tr>
<td title='TestNG.MFAC.VerifyPinValid()'><b>VerifyPinValid</b><br>Test class: TestNG.MFAC<br>Parameters: FDM-PHONE-PIN, l7xx1892f99a6f88470ba29abc141cd7bd8d, http://mfacdev-cos-vip.test.cloud.fedex.com:9090/mfac/v3/issuePIN, http://mfacdev-cos-vip.test.cloud.fedex.com:9090/mfac/v3/verifyPIN</td>
<td></td>
<td>5</td>
<td>TestNG.MFAC@58a90037</td></tr>
<tr>
<td title='TestNG.MFAC.VerifyPinValid()'><b>VerifyPinValid</b><br>Test class: TestNG.MFAC<br>Parameters: FDM-POSTCARD-PIN, l7xx1892f99a6f88470ba29abc141cd7bd8d, https://apidev.idev.fedex.com:8443/security/v1/pin, https://apidev.idev.fedex.com:8443/security/v1/pin/verify</td>
<td></td>
<td>7</td>
<td>TestNG.MFAC@58a90037</td></tr>
<tr>
<td title='TestNG.MFAC.VerifyPinValid()'><b>VerifyPinValid</b><br>Test class: TestNG.MFAC<br>Parameters: FDM-PHONE-PIN, l7xx1892f99a6f88470ba29abc141cd7bd8d, https://apidev.idev.fedex.com:8443/security/v1/pin, https://apidev.idev.fedex.com:8443/security/v1/pin/verify</td>
<td></td>
<td>10</td>
<td>TestNG.MFAC@58a90037</td></tr>
<tr>
<td title='TestNG.MFAC.VerifyPinValid()'><b>VerifyPinValid</b><br>Test class: TestNG.MFAC<br>Parameters: FDM-POSTCARD-PIN, l7xx1892f99a6f88470ba29abc141cd7bd8d, http://mfacdev-cos-vip.test.cloud.fedex.com:9090/mfac/v3/issuePIN, http://mfacdev-cos-vip.test.cloud.fedex.com:9090/mfac/v3/verifyPIN</td>
<td></td>
<td>11</td>
<td>TestNG.MFAC@58a90037</td></tr>
<tr>
<td title='TestNG.MFAC.VerifyPinVelocity()'><b>VerifyPinVelocity</b><br>Test class: TestNG.MFAC<br>Parameters: FDM-PHONE-PIN, l7xx1892f99a6f88470ba29abc141cd7bd8d, https://apidev.idev.fedex.com:8443/security/v1/pin, https://apidev.idev.fedex.com:8443/security/v1/pin/verify, 3</td>
<td></td>
<td>12</td>
<td>TestNG.MFAC@58a90037</td></tr>
<tr>
<td title='TestNG.MFAC.VerifyPinVelocity()'><b>VerifyPinVelocity</b><br>Test class: TestNG.MFAC<br>Parameters: FDM-POSTCARD-PIN, l7xx1892f99a6f88470ba29abc141cd7bd8d, https://apidev.idev.fedex.com:8443/security/v1/pin, https://apidev.idev.fedex.com:8443/security/v1/pin/verify, 3</td>
<td></td>
<td>14</td>
<td>TestNG.MFAC@58a90037</td></tr>
<tr>
<td title='TestNG.MFAC.VerifyPinVelocity()'><b>VerifyPinVelocity</b><br>Test class: TestNG.MFAC<br>Parameters: FDM-PHONE-PIN, l7xx1892f99a6f88470ba29abc141cd7bd8d, http://mfacdev-cos-vip.test.cloud.fedex.com:9090/mfac/v3/issuePIN, http://mfacdev-cos-vip.test.cloud.fedex.com:9090/mfac/v3/verifyPIN, 3</td>
<td></td>
<td>16</td>
<td>TestNG.MFAC@58a90037</td></tr>
<tr>
<td title='TestNG.MFAC.VerifyPinVelocity()'><b>VerifyPinVelocity</b><br>Test class: TestNG.MFAC<br>Parameters: FDM-POSTCARD-PIN, l7xx1892f99a6f88470ba29abc141cd7bd8d, http://mfacdev-cos-vip.test.cloud.fedex.com:9090/mfac/v3/issuePIN, http://mfacdev-cos-vip.test.cloud.fedex.com:9090/mfac/v3/verifyPIN, 3</td>
<td></td>
<td>18</td>
<td>TestNG.MFAC@58a90037</td></tr>
<tr>
<td title='TestNG.WFCL.WFCL_AccountRegistration_WDPA()'><b>WFCL_AccountRegistration_WDPA</b><br>Test class: TestNG.WFCL<br>Parameters: 2, US, 784800440</td>
<td></td>
<td>157</td>
<td>TestNG.WFCL@74294adb</td></tr>
<tr>
<td title='TestNG.WFCL.WFCL_CreditCardRegistrationEnroll()'><b>WFCL_CreditCardRegistrationEnroll</b><br>Test class: TestNG.WFCL<br>Parameters: 2, ss90705920, US</td>
<td></td>
<td>290</td>
<td>TestNG.WFCL@74294adb</td></tr>
<tr>
<td title='TestNG.WFCL.WFCL_Forgot_User_Email()'><b>WFCL_Forgot_User_Email</b><br>Test class: TestNG.WFCL<br>Parameters: 2, US, sean.kauffman.osv@fedex.com</td>
<td></td>
<td>284</td>
<td>TestNG.WFCL@74294adb</td></tr>
<tr>
<td title='TestNG.WFCL.WFCL_PasswordResetSecret()'><b>WFCL_PasswordResetSecret</b><br>Test class: TestNG.WFCL<br>Parameters: 2, US, L2USCC191713564, Test1234A, mom</td>
<td></td>
<td>339</td>
<td>TestNG.WFCL@74294adb</td></tr>
<tr>
<td title='TestNG.WFCL.WFCL_UserRegistration()'><b>WFCL_UserRegistration</b><br>Test class: TestNG.WFCL<br>Parameters: 2, US</td>
<td></td>
<td>176</td>
<td>TestNG.WFCL@74294adb</td></tr>
<tr>
<td title='TestNG.WIDM.WIDM_ForgotUserID()'><b>WIDM_ForgotUserID</b><br>Test class: TestNG.WIDM<br>Parameters: 2, sean.kauffman.osv@fedex.com</td>
<td></td>
<td>94</td>
<td>TestNG.WIDM@70a9f84e</td></tr>
<tr>
<td title='TestNG.WIDM.WIDM_Registration()'><b>WIDM_Registration</b><br>Test class: TestNG.WIDM<br>Parameters: 2, US</td>
<td></td>
<td>526</td>
<td>TestNG.WIDM@70a9f84e</td></tr>
<tr>
<td title='TestNG.WIDM.WIDM_Registration_ErrorMessages()'><b>WIDM_Registration_ErrorMessages</b><br>Test class: TestNG.WIDM<br>Parameters: 2, US</td>
<td></td>
<td>335</td>
<td>TestNG.WIDM@70a9f84e</td></tr>
<tr>
<td title='WaterfallApplications.WPRL.WPRL_Contact_Admin()'><b>WPRL_Contact_Admin</b><br>Test class: WaterfallApplications.WPRL<br>Parameters: 2, L2FDM2017092591440, Test1234, US, sean.kauffman.osv@fedex.com</td>
<td></td>
<td>209</td>
<td>WaterfallApplications.WPRL@101df177</td></tr>
<tr>
<td title='WaterfallApplications.WRTT.WRTT_Rate_Sheet()'><b>WRTT_Rate_Sheet</b><br>Test class: WaterfallApplications.WRTT<br>Parameters: 2, true, 4, true, true</td>
<td></td>
<td>480</td>
<td>WaterfallApplications.WRTT@1188e820</td></tr>
<tr>
<td title='WaterfallApplications.WRTT.WRTT_Rate_Sheet()'><b>WRTT_Rate_Sheet</b><br>Test class: WaterfallApplications.WRTT<br>Parameters: 2, true, 14, true, false</td>
<td></td>
<td>481</td>
<td>WaterfallApplications.WRTT@1188e820</td></tr>
<tr>
<td title='WaterfallApplications.WRTT.WRTT_Rate_Sheet()'><b>WRTT_Rate_Sheet</b><br>Test class: WaterfallApplications.WRTT<br>Parameters: 2, true, 5, true, false</td>
<td></td>
<td>505</td>
<td>WaterfallApplications.WRTT@1188e820</td></tr>
<tr>
<td title='WaterfallApplications.WRTT.WRTT_SpalshPage_eCRV()'><b>WRTT_SpalshPage_eCRV</b><br>Test class: WaterfallApplications.WRTT<br>Parameters: 2, US</td>
<td></td>
<td>384</td>
<td>WaterfallApplications.WRTT@1188e820</td></tr>
<tr>
<td title='WaterfallApplications.WRTT.WRTT_eCRV_Page()'><b>WRTT_eCRV_Page</b><br>Test class: WaterfallApplications.WRTT<br>Parameters: 2, US</td>
<td></td>
<td>261</td>
<td>WaterfallApplications.WRTT@1188e820</td></tr>
</table><p>
</body>
</html>