<html>
<head>
<title>TestNG:  Default test</title>
<link href="../testng.css" rel="stylesheet" type="text/css" />
<link href="../my-testng.css" rel="stylesheet" type="text/css" />

<style type="text/css">
.log { display: none;} 
.stack-trace { display: none;} 
</style>
<script type="text/javascript">
<!--
function flip(e) {
  current = e.style.display;
  if (current == 'block') {
    e.style.display = 'none';
    return 0;
  }
  else {
    e.style.display = 'block';
    return 1;
  }
}

function toggleBox(szDivId, elem, msg1, msg2)
{
  var res = -1;  if (document.getElementById) {
    res = flip(document.getElementById(szDivId));
  }
  else if (document.all) {
    // this is the way old msie versions work
    res = flip(document.all[szDivId]);
  }
  if(elem) {
    if(res == 0) elem.innerHTML = msg1; else elem.innerHTML = msg2;
  }

}

function toggleAllBoxes() {
  if (document.getElementsByTagName) {
    d = document.getElementsByTagName('div');
    for (i = 0; i < d.length; i++) {
      if (d[i].className == 'log') {
        flip(d[i]);
      }
    }
  }
}

// -->
</script>

</head>
<body>
<h2 align='center'>Default test</h2><table border='1' align="center">
<tr>
<td>Tests passed/Failed/Skipped:</td><td>98/30/0</td>
</tr><tr>
<td>Started on:</td><td>Thu Apr 18 10:26:31 CDT 2019</td>
</tr>
<tr><td>Total time:</td><td>189 seconds (189704 ms)</td>
</tr><tr>
<td>Included groups:</td><td></td>
</tr><tr>
<td>Excluded groups:</td><td></td>
</tr>
</table><p/>
<small><i>(Hover the method name to see the test class name)</i></small><p/>
<table width='100%' border='1' class='invocation-failed'>
<tr><td colspan='4' align='center'><b>FAILED TESTS</b></td></tr>
<tr><td><b>Test method</b></td>
<td width="30%"><b>Exception</b></td>
<td width="10%"><b>Time (seconds)</b></td>
<td><b>Instance</b></td>
</tr>
<tr>
<td title='USRC_Application.USRC_TestData_Update.CheckLogin()'><b>CheckLogin</b><br>Test class: USRC_Application.USRC_TestData_Update<br>Parameters: 3, gethome123@new.com, </td>
<td><div><pre>java.lang.AssertionError: Not able to login
	at org.junit.Assert.fail(Assert.java:88)
	at USRC_Application.USRC_TestData_Update.CheckLogin(USRC_TestData_Update.java:131)
	at sun.reflect.NativeMethodAccessorImpl.invoke0(Native Method)
	at sun.reflect.NativeMethodAccessorImpl.invoke(Unknown Source)
	at sun.reflect.DelegatingMethodAccessorImpl.invoke(Unknown Source)
	at java.lang.reflect.Method.invoke(Unknown Source)
	at org.testng.internal.MethodInvocationHelper.invokeMethod(MethodInvocationHelper.java:124)
	at org.testng.internal.Invoker.invokeMethod(Invoker.java:580)
	at org.testng.internal.Invoker.invokeTestMethod(Invoker.java:716)
	at org.testng.internal.TestMethodWithDataProviderMethodWorker.call(TestMethodWithDataProviderMethodWorker.java:71)
	at org.testng.internal.TestMethodWithDataProviderMethodWorker.call(TestMethodWithDataProviderMethodWorker.java:14)
	at java.util.concurrent.FutureTask.run(Unknown Source)
	at java.util.concurrent.Executors$RunnableAdapter.call(Unknown Source)
	at java.util.concurrent.FutureTask.run(Unknown Source)
	at java.util.concurrent.ThreadPoolExecutor.runWorker(Unknown Source)
	at java.util.concurrent.ThreadPoolExecutor$Worker.run(Unknown Source)
	at java.lang.Thread.run(Unknown Source)
</pre></div><a href='#' onClick='toggleBox("stack-trace522397065", this, "Click to show all stack frames", "Click to hide stack frames")'>Click to show all stack frames</a>
<div class='stack-trace' id='stack-trace522397065'><pre>java.lang.AssertionError: Not able to login
	at org.junit.Assert.fail(Assert.java:88)
	at USRC_Application.USRC_TestData_Update.CheckLogin(USRC_TestData_Update.java:131)
	at sun.reflect.NativeMethodAccessorImpl.invoke0(Native Method)
	at sun.reflect.NativeMethodAccessorImpl.invoke(Unknown Source)
	at sun.reflect.DelegatingMethodAccessorImpl.invoke(Unknown Source)
	at java.lang.reflect.Method.invoke(Unknown Source)
	at org.testng.internal.MethodInvocationHelper.invokeMethod(MethodInvocationHelper.java:124)
	at org.testng.internal.Invoker.invokeMethod(Invoker.java:580)
	at org.testng.internal.Invoker.invokeTestMethod(Invoker.java:716)
	at org.testng.internal.TestMethodWithDataProviderMethodWorker.call(TestMethodWithDataProviderMethodWorker.java:71)
	at org.testng.internal.TestMethodWithDataProviderMethodWorker.call(TestMethodWithDataProviderMethodWorker.java:14)
	at java.util.concurrent.FutureTask.run(Unknown Source)
	at java.util.concurrent.Executors$RunnableAdapter.call(Unknown Source)
	at java.util.concurrent.FutureTask.run(Unknown Source)
	at java.util.concurrent.ThreadPoolExecutor.runWorker(Unknown Source)
	at java.util.concurrent.ThreadPoolExecutor$Worker.run(Unknown Source)
	at java.lang.Thread.run(Unknown Source)
</pre></div></td>
<td>6</td>
<td>USRC_Application.USRC_TestData_Update@6e2c9341</td></tr>
<tr>
<td title='USRC_Application.USRC_TestData_Update.CheckLogin()'><b>CheckLogin</b><br>Test class: USRC_Application.USRC_TestData_Update<br>Parameters: 3, l3(){}.^/new1@user.com, </td>
<td><div><pre>java.lang.AssertionError: Not able to login
	at org.junit.Assert.fail(Assert.java:88)
	at USRC_Application.USRC_TestData_Update.CheckLogin(USRC_TestData_Update.java:131)
	at sun.reflect.NativeMethodAccessorImpl.invoke0(Native Method)
	at sun.reflect.NativeMethodAccessorImpl.invoke(Unknown Source)
	at sun.reflect.DelegatingMethodAccessorImpl.invoke(Unknown Source)
	at java.lang.reflect.Method.invoke(Unknown Source)
	at org.testng.internal.MethodInvocationHelper.invokeMethod(MethodInvocationHelper.java:124)
	at org.testng.internal.Invoker.invokeMethod(Invoker.java:580)
	at org.testng.internal.Invoker.invokeTestMethod(Invoker.java:716)
	at org.testng.internal.TestMethodWithDataProviderMethodWorker.call(TestMethodWithDataProviderMethodWorker.java:71)
	at org.testng.internal.TestMethodWithDataProviderMethodWorker.call(TestMethodWithDataProviderMethodWorker.java:14)
	at java.util.concurrent.FutureTask.run(Unknown Source)
	at java.util.concurrent.Executors$RunnableAdapter.call(Unknown Source)
	at java.util.concurrent.FutureTask.run(Unknown Source)
	at java.util.concurrent.ThreadPoolExecutor.runWorker(Unknown Source)
	at java.util.concurrent.ThreadPoolExecutor$Worker.run(Unknown Source)
	at java.lang.Thread.run(Unknown Source)
</pre></div><a href='#' onClick='toggleBox("stack-trace995779364", this, "Click to show all stack frames", "Click to hide stack frames")'>Click to show all stack frames</a>
<div class='stack-trace' id='stack-trace995779364'><pre>java.lang.AssertionError: Not able to login
	at org.junit.Assert.fail(Assert.java:88)
	at USRC_Application.USRC_TestData_Update.CheckLogin(USRC_TestData_Update.java:131)
	at sun.reflect.NativeMethodAccessorImpl.invoke0(Native Method)
	at sun.reflect.NativeMethodAccessorImpl.invoke(Unknown Source)
	at sun.reflect.DelegatingMethodAccessorImpl.invoke(Unknown Source)
	at java.lang.reflect.Method.invoke(Unknown Source)
	at org.testng.internal.MethodInvocationHelper.invokeMethod(MethodInvocationHelper.java:124)
	at org.testng.internal.Invoker.invokeMethod(Invoker.java:580)
	at org.testng.internal.Invoker.invokeTestMethod(Invoker.java:716)
	at org.testng.internal.TestMethodWithDataProviderMethodWorker.call(TestMethodWithDataProviderMethodWorker.java:71)
	at org.testng.internal.TestMethodWithDataProviderMethodWorker.call(TestMethodWithDataProviderMethodWorker.java:14)
	at java.util.concurrent.FutureTask.run(Unknown Source)
	at java.util.concurrent.Executors$RunnableAdapter.call(Unknown Source)
	at java.util.concurrent.FutureTask.run(Unknown Source)
	at java.util.concurrent.ThreadPoolExecutor.runWorker(Unknown Source)
	at java.util.concurrent.ThreadPoolExecutor$Worker.run(Unknown Source)
	at java.lang.Thread.run(Unknown Source)
</pre></div></td>
<td>7</td>
<td>USRC_Application.USRC_TestData_Update@6e2c9341</td></tr>
<tr>
<td title='USRC_Application.USRC_TestData_Update.CheckLogin()'><b>CheckLogin</b><br>Test class: USRC_Application.USRC_TestData_Update<br>Parameters: 3, satish_shinde@syntelinc.com, </td>
<td><div><pre>java.lang.AssertionError: Not able to login
	at org.junit.Assert.fail(Assert.java:88)
	at USRC_Application.USRC_TestData_Update.CheckLogin(USRC_TestData_Update.java:131)
	at sun.reflect.NativeMethodAccessorImpl.invoke0(Native Method)
	at sun.reflect.NativeMethodAccessorImpl.invoke(Unknown Source)
	at sun.reflect.DelegatingMethodAccessorImpl.invoke(Unknown Source)
	at java.lang.reflect.Method.invoke(Unknown Source)
	at org.testng.internal.MethodInvocationHelper.invokeMethod(MethodInvocationHelper.java:124)
	at org.testng.internal.Invoker.invokeMethod(Invoker.java:580)
	at org.testng.internal.Invoker.invokeTestMethod(Invoker.java:716)
	at org.testng.internal.TestMethodWithDataProviderMethodWorker.call(TestMethodWithDataProviderMethodWorker.java:71)
	at org.testng.internal.TestMethodWithDataProviderMethodWorker.call(TestMethodWithDataProviderMethodWorker.java:14)
	at java.util.concurrent.FutureTask.run(Unknown Source)
	at java.util.concurrent.Executors$RunnableAdapter.call(Unknown Source)
	at java.util.concurrent.FutureTask.run(Unknown Source)
	at java.util.concurrent.ThreadPoolExecutor.runWorker(Unknown Source)
	at java.util.concurrent.ThreadPoolExecutor$Worker.run(Unknown Source)
	at java.lang.Thread.run(Unknown Source)
</pre></div><a href='#' onClick='toggleBox("stack-trace278582193", this, "Click to show all stack frames", "Click to hide stack frames")'>Click to show all stack frames</a>
<div class='stack-trace' id='stack-trace278582193'><pre>java.lang.AssertionError: Not able to login
	at org.junit.Assert.fail(Assert.java:88)
	at USRC_Application.USRC_TestData_Update.CheckLogin(USRC_TestData_Update.java:131)
	at sun.reflect.NativeMethodAccessorImpl.invoke0(Native Method)
	at sun.reflect.NativeMethodAccessorImpl.invoke(Unknown Source)
	at sun.reflect.DelegatingMethodAccessorImpl.invoke(Unknown Source)
	at java.lang.reflect.Method.invoke(Unknown Source)
	at org.testng.internal.MethodInvocationHelper.invokeMethod(MethodInvocationHelper.java:124)
	at org.testng.internal.Invoker.invokeMethod(Invoker.java:580)
	at org.testng.internal.Invoker.invokeTestMethod(Invoker.java:716)
	at org.testng.internal.TestMethodWithDataProviderMethodWorker.call(TestMethodWithDataProviderMethodWorker.java:71)
	at org.testng.internal.TestMethodWithDataProviderMethodWorker.call(TestMethodWithDataProviderMethodWorker.java:14)
	at java.util.concurrent.FutureTask.run(Unknown Source)
	at java.util.concurrent.Executors$RunnableAdapter.call(Unknown Source)
	at java.util.concurrent.FutureTask.run(Unknown Source)
	at java.util.concurrent.ThreadPoolExecutor.runWorker(Unknown Source)
	at java.util.concurrent.ThreadPoolExecutor$Worker.run(Unknown Source)
	at java.lang.Thread.run(Unknown Source)
</pre></div></td>
<td>8</td>
<td>USRC_Application.USRC_TestData_Update@6e2c9341</td></tr>
<tr>
<td title='USRC_Application.USRC_TestData_Update.CheckLogin()'><b>CheckLogin</b><br>Test class: USRC_Application.USRC_TestData_Update<br>Parameters: 3, asdfasdf@fedex.com, </td>
<td><div><pre>java.lang.AssertionError: Not able to login
	at org.junit.Assert.fail(Assert.java:88)
	at USRC_Application.USRC_TestData_Update.CheckLogin(USRC_TestData_Update.java:131)
	at sun.reflect.NativeMethodAccessorImpl.invoke0(Native Method)
	at sun.reflect.NativeMethodAccessorImpl.invoke(Unknown Source)
	at sun.reflect.DelegatingMethodAccessorImpl.invoke(Unknown Source)
	at java.lang.reflect.Method.invoke(Unknown Source)
	at org.testng.internal.MethodInvocationHelper.invokeMethod(MethodInvocationHelper.java:124)
	at org.testng.internal.Invoker.invokeMethod(Invoker.java:580)
	at org.testng.internal.Invoker.invokeTestMethod(Invoker.java:716)
	at org.testng.internal.TestMethodWithDataProviderMethodWorker.call(TestMethodWithDataProviderMethodWorker.java:71)
	at org.testng.internal.TestMethodWithDataProviderMethodWorker.call(TestMethodWithDataProviderMethodWorker.java:14)
	at java.util.concurrent.FutureTask.run(Unknown Source)
	at java.util.concurrent.Executors$RunnableAdapter.call(Unknown Source)
	at java.util.concurrent.FutureTask.run(Unknown Source)
	at java.util.concurrent.ThreadPoolExecutor.runWorker(Unknown Source)
	at java.util.concurrent.ThreadPoolExecutor$Worker.run(Unknown Source)
	at java.lang.Thread.run(Unknown Source)
</pre></div><a href='#' onClick='toggleBox("stack-trace1172692753", this, "Click to show all stack frames", "Click to hide stack frames")'>Click to show all stack frames</a>
<div class='stack-trace' id='stack-trace1172692753'><pre>java.lang.AssertionError: Not able to login
	at org.junit.Assert.fail(Assert.java:88)
	at USRC_Application.USRC_TestData_Update.CheckLogin(USRC_TestData_Update.java:131)
	at sun.reflect.NativeMethodAccessorImpl.invoke0(Native Method)
	at sun.reflect.NativeMethodAccessorImpl.invoke(Unknown Source)
	at sun.reflect.DelegatingMethodAccessorImpl.invoke(Unknown Source)
	at java.lang.reflect.Method.invoke(Unknown Source)
	at org.testng.internal.MethodInvocationHelper.invokeMethod(MethodInvocationHelper.java:124)
	at org.testng.internal.Invoker.invokeMethod(Invoker.java:580)
	at org.testng.internal.Invoker.invokeTestMethod(Invoker.java:716)
	at org.testng.internal.TestMethodWithDataProviderMethodWorker.call(TestMethodWithDataProviderMethodWorker.java:71)
	at org.testng.internal.TestMethodWithDataProviderMethodWorker.call(TestMethodWithDataProviderMethodWorker.java:14)
	at java.util.concurrent.FutureTask.run(Unknown Source)
	at java.util.concurrent.Executors$RunnableAdapter.call(Unknown Source)
	at java.util.concurrent.FutureTask.run(Unknown Source)
	at java.util.concurrent.ThreadPoolExecutor.runWorker(Unknown Source)
	at java.util.concurrent.ThreadPoolExecutor$Worker.run(Unknown Source)
	at java.lang.Thread.run(Unknown Source)
</pre></div></td>
<td>8</td>
<td>USRC_Application.USRC_TestData_Update@6e2c9341</td></tr>
<tr>
<td title='USRC_Application.USRC_TestData_Update.CheckLogin()'><b>CheckLogin</b><br>Test class: USRC_Application.USRC_TestData_Update<br>Parameters: 3, xpjerin@gamil.com, </td>
<td><div><pre>java.lang.AssertionError: Not able to login
	at org.junit.Assert.fail(Assert.java:88)
	at USRC_Application.USRC_TestData_Update.CheckLogin(USRC_TestData_Update.java:131)
	at sun.reflect.NativeMethodAccessorImpl.invoke0(Native Method)
	at sun.reflect.NativeMethodAccessorImpl.invoke(Unknown Source)
	at sun.reflect.DelegatingMethodAccessorImpl.invoke(Unknown Source)
	at java.lang.reflect.Method.invoke(Unknown Source)
	at org.testng.internal.MethodInvocationHelper.invokeMethod(MethodInvocationHelper.java:124)
	at org.testng.internal.Invoker.invokeMethod(Invoker.java:580)
	at org.testng.internal.Invoker.invokeTestMethod(Invoker.java:716)
	at org.testng.internal.TestMethodWithDataProviderMethodWorker.call(TestMethodWithDataProviderMethodWorker.java:71)
	at org.testng.internal.TestMethodWithDataProviderMethodWorker.call(TestMethodWithDataProviderMethodWorker.java:14)
	at java.util.concurrent.FutureTask.run(Unknown Source)
	at java.util.concurrent.Executors$RunnableAdapter.call(Unknown Source)
	at java.util.concurrent.FutureTask.run(Unknown Source)
	at java.util.concurrent.ThreadPoolExecutor.runWorker(Unknown Source)
	at java.util.concurrent.ThreadPoolExecutor$Worker.run(Unknown Source)
	at java.lang.Thread.run(Unknown Source)
</pre></div><a href='#' onClick='toggleBox("stack-trace1167823786", this, "Click to show all stack frames", "Click to hide stack frames")'>Click to show all stack frames</a>
<div class='stack-trace' id='stack-trace1167823786'><pre>java.lang.AssertionError: Not able to login
	at org.junit.Assert.fail(Assert.java:88)
	at USRC_Application.USRC_TestData_Update.CheckLogin(USRC_TestData_Update.java:131)
	at sun.reflect.NativeMethodAccessorImpl.invoke0(Native Method)
	at sun.reflect.NativeMethodAccessorImpl.invoke(Unknown Source)
	at sun.reflect.DelegatingMethodAccessorImpl.invoke(Unknown Source)
	at java.lang.reflect.Method.invoke(Unknown Source)
	at org.testng.internal.MethodInvocationHelper.invokeMethod(MethodInvocationHelper.java:124)
	at org.testng.internal.Invoker.invokeMethod(Invoker.java:580)
	at org.testng.internal.Invoker.invokeTestMethod(Invoker.java:716)
	at org.testng.internal.TestMethodWithDataProviderMethodWorker.call(TestMethodWithDataProviderMethodWorker.java:71)
	at org.testng.internal.TestMethodWithDataProviderMethodWorker.call(TestMethodWithDataProviderMethodWorker.java:14)
	at java.util.concurrent.FutureTask.run(Unknown Source)
	at java.util.concurrent.Executors$RunnableAdapter.call(Unknown Source)
	at java.util.concurrent.FutureTask.run(Unknown Source)
	at java.util.concurrent.ThreadPoolExecutor.runWorker(Unknown Source)
	at java.util.concurrent.ThreadPoolExecutor$Worker.run(Unknown Source)
	at java.lang.Thread.run(Unknown Source)
</pre></div></td>
<td>8</td>
<td>USRC_Application.USRC_TestData_Update@6e2c9341</td></tr>
<tr>
<td title='USRC_Application.USRC_TestData_Update.CheckLogin()'><b>CheckLogin</b><br>Test class: USRC_Application.USRC_TestData_Update<br>Parameters: 3, mounica555@yahoo.com, </td>
<td><div><pre>java.lang.AssertionError: Not able to login
	at org.junit.Assert.fail(Assert.java:88)
	at USRC_Application.USRC_TestData_Update.CheckLogin(USRC_TestData_Update.java:131)
	at sun.reflect.NativeMethodAccessorImpl.invoke0(Native Method)
	at sun.reflect.NativeMethodAccessorImpl.invoke(Unknown Source)
	at sun.reflect.DelegatingMethodAccessorImpl.invoke(Unknown Source)
	at java.lang.reflect.Method.invoke(Unknown Source)
	at org.testng.internal.MethodInvocationHelper.invokeMethod(MethodInvocationHelper.java:124)
	at org.testng.internal.Invoker.invokeMethod(Invoker.java:580)
	at org.testng.internal.Invoker.invokeTestMethod(Invoker.java:716)
	at org.testng.internal.TestMethodWithDataProviderMethodWorker.call(TestMethodWithDataProviderMethodWorker.java:71)
	at org.testng.internal.TestMethodWithDataProviderMethodWorker.call(TestMethodWithDataProviderMethodWorker.java:14)
	at java.util.concurrent.FutureTask.run(Unknown Source)
	at java.util.concurrent.Executors$RunnableAdapter.call(Unknown Source)
	at java.util.concurrent.FutureTask.run(Unknown Source)
	at java.util.concurrent.ThreadPoolExecutor.runWorker(Unknown Source)
	at java.util.concurrent.ThreadPoolExecutor$Worker.run(Unknown Source)
	at java.lang.Thread.run(Unknown Source)
</pre></div><a href='#' onClick='toggleBox("stack-trace351207871", this, "Click to show all stack frames", "Click to hide stack frames")'>Click to show all stack frames</a>
<div class='stack-trace' id='stack-trace351207871'><pre>java.lang.AssertionError: Not able to login
	at org.junit.Assert.fail(Assert.java:88)
	at USRC_Application.USRC_TestData_Update.CheckLogin(USRC_TestData_Update.java:131)
	at sun.reflect.NativeMethodAccessorImpl.invoke0(Native Method)
	at sun.reflect.NativeMethodAccessorImpl.invoke(Unknown Source)
	at sun.reflect.DelegatingMethodAccessorImpl.invoke(Unknown Source)
	at java.lang.reflect.Method.invoke(Unknown Source)
	at org.testng.internal.MethodInvocationHelper.invokeMethod(MethodInvocationHelper.java:124)
	at org.testng.internal.Invoker.invokeMethod(Invoker.java:580)
	at org.testng.internal.Invoker.invokeTestMethod(Invoker.java:716)
	at org.testng.internal.TestMethodWithDataProviderMethodWorker.call(TestMethodWithDataProviderMethodWorker.java:71)
	at org.testng.internal.TestMethodWithDataProviderMethodWorker.call(TestMethodWithDataProviderMethodWorker.java:14)
	at java.util.concurrent.FutureTask.run(Unknown Source)
	at java.util.concurrent.Executors$RunnableAdapter.call(Unknown Source)
	at java.util.concurrent.FutureTask.run(Unknown Source)
	at java.util.concurrent.ThreadPoolExecutor.runWorker(Unknown Source)
	at java.util.concurrent.ThreadPoolExecutor$Worker.run(Unknown Source)
	at java.lang.Thread.run(Unknown Source)
</pre></div></td>
<td>9</td>
<td>USRC_Application.USRC_TestData_Update@6e2c9341</td></tr>
<tr>
<td title='USRC_Application.USRC_TestData_Update.CheckLogin()'><b>CheckLogin</b><br>Test class: USRC_Application.USRC_TestData_Update<br>Parameters: 3, profile3@fedax.com, </td>
<td><div><pre>java.lang.AssertionError: Not able to login
	at org.junit.Assert.fail(Assert.java:88)
	at USRC_Application.USRC_TestData_Update.CheckLogin(USRC_TestData_Update.java:131)
	at sun.reflect.NativeMethodAccessorImpl.invoke0(Native Method)
	at sun.reflect.NativeMethodAccessorImpl.invoke(Unknown Source)
	at sun.reflect.DelegatingMethodAccessorImpl.invoke(Unknown Source)
	at java.lang.reflect.Method.invoke(Unknown Source)
	at org.testng.internal.MethodInvocationHelper.invokeMethod(MethodInvocationHelper.java:124)
	at org.testng.internal.Invoker.invokeMethod(Invoker.java:580)
	at org.testng.internal.Invoker.invokeTestMethod(Invoker.java:716)
	at org.testng.internal.TestMethodWithDataProviderMethodWorker.call(TestMethodWithDataProviderMethodWorker.java:71)
	at org.testng.internal.TestMethodWithDataProviderMethodWorker.call(TestMethodWithDataProviderMethodWorker.java:14)
	at java.util.concurrent.FutureTask.run(Unknown Source)
	at java.util.concurrent.Executors$RunnableAdapter.call(Unknown Source)
	at java.util.concurrent.FutureTask.run(Unknown Source)
	at java.util.concurrent.ThreadPoolExecutor.runWorker(Unknown Source)
	at java.util.concurrent.ThreadPoolExecutor$Worker.run(Unknown Source)
	at java.lang.Thread.run(Unknown Source)
</pre></div><a href='#' onClick='toggleBox("stack-trace2066040678", this, "Click to show all stack frames", "Click to hide stack frames")'>Click to show all stack frames</a>
<div class='stack-trace' id='stack-trace2066040678'><pre>java.lang.AssertionError: Not able to login
	at org.junit.Assert.fail(Assert.java:88)
	at USRC_Application.USRC_TestData_Update.CheckLogin(USRC_TestData_Update.java:131)
	at sun.reflect.NativeMethodAccessorImpl.invoke0(Native Method)
	at sun.reflect.NativeMethodAccessorImpl.invoke(Unknown Source)
	at sun.reflect.DelegatingMethodAccessorImpl.invoke(Unknown Source)
	at java.lang.reflect.Method.invoke(Unknown Source)
	at org.testng.internal.MethodInvocationHelper.invokeMethod(MethodInvocationHelper.java:124)
	at org.testng.internal.Invoker.invokeMethod(Invoker.java:580)
	at org.testng.internal.Invoker.invokeTestMethod(Invoker.java:716)
	at org.testng.internal.TestMethodWithDataProviderMethodWorker.call(TestMethodWithDataProviderMethodWorker.java:71)
	at org.testng.internal.TestMethodWithDataProviderMethodWorker.call(TestMethodWithDataProviderMethodWorker.java:14)
	at java.util.concurrent.FutureTask.run(Unknown Source)
	at java.util.concurrent.Executors$RunnableAdapter.call(Unknown Source)
	at java.util.concurrent.FutureTask.run(Unknown Source)
	at java.util.concurrent.ThreadPoolExecutor.runWorker(Unknown Source)
	at java.util.concurrent.ThreadPoolExecutor$Worker.run(Unknown Source)
	at java.lang.Thread.run(Unknown Source)
</pre></div></td>
<td>2</td>
<td>USRC_Application.USRC_TestData_Update@6e2c9341</td></tr>
<tr>
<td title='USRC_Application.USRC_TestData_Update.CheckLogin()'><b>CheckLogin</b><br>Test class: USRC_Application.USRC_TestData_Update<br>Parameters: 3, make1@fedax.com, </td>
<td><div><pre>java.lang.AssertionError: Not able to login
	at org.junit.Assert.fail(Assert.java:88)
	at USRC_Application.USRC_TestData_Update.CheckLogin(USRC_TestData_Update.java:131)
	at sun.reflect.NativeMethodAccessorImpl.invoke0(Native Method)
	at sun.reflect.NativeMethodAccessorImpl.invoke(Unknown Source)
	at sun.reflect.DelegatingMethodAccessorImpl.invoke(Unknown Source)
	at java.lang.reflect.Method.invoke(Unknown Source)
	at org.testng.internal.MethodInvocationHelper.invokeMethod(MethodInvocationHelper.java:124)
	at org.testng.internal.Invoker.invokeMethod(Invoker.java:580)
	at org.testng.internal.Invoker.invokeTestMethod(Invoker.java:716)
	at org.testng.internal.TestMethodWithDataProviderMethodWorker.call(TestMethodWithDataProviderMethodWorker.java:71)
	at org.testng.internal.TestMethodWithDataProviderMethodWorker.call(TestMethodWithDataProviderMethodWorker.java:14)
	at java.util.concurrent.FutureTask.run(Unknown Source)
	at java.util.concurrent.Executors$RunnableAdapter.call(Unknown Source)
	at java.util.concurrent.FutureTask.run(Unknown Source)
	at java.util.concurrent.ThreadPoolExecutor.runWorker(Unknown Source)
	at java.util.concurrent.ThreadPoolExecutor$Worker.run(Unknown Source)
	at java.lang.Thread.run(Unknown Source)
</pre></div><a href='#' onClick='toggleBox("stack-trace2007361990", this, "Click to show all stack frames", "Click to hide stack frames")'>Click to show all stack frames</a>
<div class='stack-trace' id='stack-trace2007361990'><pre>java.lang.AssertionError: Not able to login
	at org.junit.Assert.fail(Assert.java:88)
	at USRC_Application.USRC_TestData_Update.CheckLogin(USRC_TestData_Update.java:131)
	at sun.reflect.NativeMethodAccessorImpl.invoke0(Native Method)
	at sun.reflect.NativeMethodAccessorImpl.invoke(Unknown Source)
	at sun.reflect.DelegatingMethodAccessorImpl.invoke(Unknown Source)
	at java.lang.reflect.Method.invoke(Unknown Source)
	at org.testng.internal.MethodInvocationHelper.invokeMethod(MethodInvocationHelper.java:124)
	at org.testng.internal.Invoker.invokeMethod(Invoker.java:580)
	at org.testng.internal.Invoker.invokeTestMethod(Invoker.java:716)
	at org.testng.internal.TestMethodWithDataProviderMethodWorker.call(TestMethodWithDataProviderMethodWorker.java:71)
	at org.testng.internal.TestMethodWithDataProviderMethodWorker.call(TestMethodWithDataProviderMethodWorker.java:14)
	at java.util.concurrent.FutureTask.run(Unknown Source)
	at java.util.concurrent.Executors$RunnableAdapter.call(Unknown Source)
	at java.util.concurrent.FutureTask.run(Unknown Source)
	at java.util.concurrent.ThreadPoolExecutor.runWorker(Unknown Source)
	at java.util.concurrent.ThreadPoolExecutor$Worker.run(Unknown Source)
	at java.lang.Thread.run(Unknown Source)
</pre></div></td>
<td>2</td>
<td>USRC_Application.USRC_TestData_Update@6e2c9341</td></tr>
<tr>
<td title='USRC_Application.USRC_TestData_Update.CheckLogin()'><b>CheckLogin</b><br>Test class: USRC_Application.USRC_TestData_Update<br>Parameters: 3, mounica44@yahoo.com, </td>
<td><div><pre>java.lang.AssertionError: Not able to login
	at org.junit.Assert.fail(Assert.java:88)
	at USRC_Application.USRC_TestData_Update.CheckLogin(USRC_TestData_Update.java:131)
	at sun.reflect.GeneratedMethodAccessor2.invoke(Unknown Source)
	at sun.reflect.DelegatingMethodAccessorImpl.invoke(Unknown Source)
	at java.lang.reflect.Method.invoke(Unknown Source)
	at org.testng.internal.MethodInvocationHelper.invokeMethod(MethodInvocationHelper.java:124)
	at org.testng.internal.Invoker.invokeMethod(Invoker.java:580)
	at org.testng.internal.Invoker.invokeTestMethod(Invoker.java:716)
	at org.testng.internal.TestMethodWithDataProviderMethodWorker.call(TestMethodWithDataProviderMethodWorker.java:71)
	at org.testng.internal.TestMethodWithDataProviderMethodWorker.call(TestMethodWithDataProviderMethodWorker.java:14)
	at java.util.concurrent.FutureTask.run(Unknown Source)
	at java.util.concurrent.Executors$RunnableAdapter.call(Unknown Source)
	at java.util.concurrent.FutureTask.run(Unknown Source)
	at java.util.concurrent.ThreadPoolExecutor.runWorker(Unknown Source)
	at java.util.concurrent.ThreadPoolExecutor$Worker.run(Unknown Source)
	at java.lang.Thread.run(Unknown Source)
</pre></div><a href='#' onClick='toggleBox("stack-trace1455097877", this, "Click to show all stack frames", "Click to hide stack frames")'>Click to show all stack frames</a>
<div class='stack-trace' id='stack-trace1455097877'><pre>java.lang.AssertionError: Not able to login
	at org.junit.Assert.fail(Assert.java:88)
	at USRC_Application.USRC_TestData_Update.CheckLogin(USRC_TestData_Update.java:131)
	at sun.reflect.GeneratedMethodAccessor2.invoke(Unknown Source)
	at sun.reflect.DelegatingMethodAccessorImpl.invoke(Unknown Source)
	at java.lang.reflect.Method.invoke(Unknown Source)
	at org.testng.internal.MethodInvocationHelper.invokeMethod(MethodInvocationHelper.java:124)
	at org.testng.internal.Invoker.invokeMethod(Invoker.java:580)
	at org.testng.internal.Invoker.invokeTestMethod(Invoker.java:716)
	at org.testng.internal.TestMethodWithDataProviderMethodWorker.call(TestMethodWithDataProviderMethodWorker.java:71)
	at org.testng.internal.TestMethodWithDataProviderMethodWorker.call(TestMethodWithDataProviderMethodWorker.java:14)
	at java.util.concurrent.FutureTask.run(Unknown Source)
	at java.util.concurrent.Executors$RunnableAdapter.call(Unknown Source)
	at java.util.concurrent.FutureTask.run(Unknown Source)
	at java.util.concurrent.ThreadPoolExecutor.runWorker(Unknown Source)
	at java.util.concurrent.ThreadPoolExecutor$Worker.run(Unknown Source)
	at java.lang.Thread.run(Unknown Source)
</pre></div></td>
<td>0</td>
<td>USRC_Application.USRC_TestData_Update@6e2c9341</td></tr>
<tr>
<td title='USRC_Application.USRC_TestData_Update.CheckLogin()'><b>CheckLogin</b><br>Test class: USRC_Application.USRC_TestData_Update<br>Parameters: 3, s@s.com, </td>
<td><div><pre>java.lang.AssertionError: Not able to login
	at org.junit.Assert.fail(Assert.java:88)
	at USRC_Application.USRC_TestData_Update.CheckLogin(USRC_TestData_Update.java:131)
	at sun.reflect.GeneratedMethodAccessor2.invoke(Unknown Source)
	at sun.reflect.DelegatingMethodAccessorImpl.invoke(Unknown Source)
	at java.lang.reflect.Method.invoke(Unknown Source)
	at org.testng.internal.MethodInvocationHelper.invokeMethod(MethodInvocationHelper.java:124)
	at org.testng.internal.Invoker.invokeMethod(Invoker.java:580)
	at org.testng.internal.Invoker.invokeTestMethod(Invoker.java:716)
	at org.testng.internal.TestMethodWithDataProviderMethodWorker.call(TestMethodWithDataProviderMethodWorker.java:71)
	at org.testng.internal.TestMethodWithDataProviderMethodWorker.call(TestMethodWithDataProviderMethodWorker.java:14)
	at java.util.concurrent.FutureTask.run(Unknown Source)
	at java.util.concurrent.Executors$RunnableAdapter.call(Unknown Source)
	at java.util.concurrent.FutureTask.run(Unknown Source)
	at java.util.concurrent.ThreadPoolExecutor.runWorker(Unknown Source)
	at java.util.concurrent.ThreadPoolExecutor$Worker.run(Unknown Source)
	at java.lang.Thread.run(Unknown Source)
</pre></div><a href='#' onClick='toggleBox("stack-trace243046115", this, "Click to show all stack frames", "Click to hide stack frames")'>Click to show all stack frames</a>
<div class='stack-trace' id='stack-trace243046115'><pre>java.lang.AssertionError: Not able to login
	at org.junit.Assert.fail(Assert.java:88)
	at USRC_Application.USRC_TestData_Update.CheckLogin(USRC_TestData_Update.java:131)
	at sun.reflect.GeneratedMethodAccessor2.invoke(Unknown Source)
	at sun.reflect.DelegatingMethodAccessorImpl.invoke(Unknown Source)
	at java.lang.reflect.Method.invoke(Unknown Source)
	at org.testng.internal.MethodInvocationHelper.invokeMethod(MethodInvocationHelper.java:124)
	at org.testng.internal.Invoker.invokeMethod(Invoker.java:580)
	at org.testng.internal.Invoker.invokeTestMethod(Invoker.java:716)
	at org.testng.internal.TestMethodWithDataProviderMethodWorker.call(TestMethodWithDataProviderMethodWorker.java:71)
	at org.testng.internal.TestMethodWithDataProviderMethodWorker.call(TestMethodWithDataProviderMethodWorker.java:14)
	at java.util.concurrent.FutureTask.run(Unknown Source)
	at java.util.concurrent.Executors$RunnableAdapter.call(Unknown Source)
	at java.util.concurrent.FutureTask.run(Unknown Source)
	at java.util.concurrent.ThreadPoolExecutor.runWorker(Unknown Source)
	at java.util.concurrent.ThreadPoolExecutor$Worker.run(Unknown Source)
	at java.lang.Thread.run(Unknown Source)
</pre></div></td>
<td>0</td>
<td>USRC_Application.USRC_TestData_Update@6e2c9341</td></tr>
<tr>
<td title='USRC_Application.USRC_TestData_Update.CheckLogin()'><b>CheckLogin</b><br>Test class: USRC_Application.USRC_TestData_Update<br>Parameters: 3, manisuresh266@gmail.com, </td>
<td><div><pre>java.lang.AssertionError: Not able to login
	at org.junit.Assert.fail(Assert.java:88)
	at USRC_Application.USRC_TestData_Update.CheckLogin(USRC_TestData_Update.java:131)
	at sun.reflect.GeneratedMethodAccessor2.invoke(Unknown Source)
	at sun.reflect.DelegatingMethodAccessorImpl.invoke(Unknown Source)
	at java.lang.reflect.Method.invoke(Unknown Source)
	at org.testng.internal.MethodInvocationHelper.invokeMethod(MethodInvocationHelper.java:124)
	at org.testng.internal.Invoker.invokeMethod(Invoker.java:580)
	at org.testng.internal.Invoker.invokeTestMethod(Invoker.java:716)
	at org.testng.internal.TestMethodWithDataProviderMethodWorker.call(TestMethodWithDataProviderMethodWorker.java:71)
	at org.testng.internal.TestMethodWithDataProviderMethodWorker.call(TestMethodWithDataProviderMethodWorker.java:14)
	at java.util.concurrent.FutureTask.run(Unknown Source)
	at java.util.concurrent.Executors$RunnableAdapter.call(Unknown Source)
	at java.util.concurrent.FutureTask.run(Unknown Source)
	at java.util.concurrent.ThreadPoolExecutor.runWorker(Unknown Source)
	at java.util.concurrent.ThreadPoolExecutor$Worker.run(Unknown Source)
	at java.lang.Thread.run(Unknown Source)
</pre></div><a href='#' onClick='toggleBox("stack-trace1945775346", this, "Click to show all stack frames", "Click to hide stack frames")'>Click to show all stack frames</a>
<div class='stack-trace' id='stack-trace1945775346'><pre>java.lang.AssertionError: Not able to login
	at org.junit.Assert.fail(Assert.java:88)
	at USRC_Application.USRC_TestData_Update.CheckLogin(USRC_TestData_Update.java:131)
	at sun.reflect.GeneratedMethodAccessor2.invoke(Unknown Source)
	at sun.reflect.DelegatingMethodAccessorImpl.invoke(Unknown Source)
	at java.lang.reflect.Method.invoke(Unknown Source)
	at org.testng.internal.MethodInvocationHelper.invokeMethod(MethodInvocationHelper.java:124)
	at org.testng.internal.Invoker.invokeMethod(Invoker.java:580)
	at org.testng.internal.Invoker.invokeTestMethod(Invoker.java:716)
	at org.testng.internal.TestMethodWithDataProviderMethodWorker.call(TestMethodWithDataProviderMethodWorker.java:71)
	at org.testng.internal.TestMethodWithDataProviderMethodWorker.call(TestMethodWithDataProviderMethodWorker.java:14)
	at java.util.concurrent.FutureTask.run(Unknown Source)
	at java.util.concurrent.Executors$RunnableAdapter.call(Unknown Source)
	at java.util.concurrent.FutureTask.run(Unknown Source)
	at java.util.concurrent.ThreadPoolExecutor.runWorker(Unknown Source)
	at java.util.concurrent.ThreadPoolExecutor$Worker.run(Unknown Source)
	at java.lang.Thread.run(Unknown Source)
</pre></div></td>
<td>0</td>
<td>USRC_Application.USRC_TestData_Update@6e2c9341</td></tr>
<tr>
<td title='USRC_Application.USRC_TestData_Update.CheckLogin()'><b>CheckLogin</b><br>Test class: USRC_Application.USRC_TestData_Update<br>Parameters: 3, infosecpasswordchanges@fedex.com, </td>
<td><div><pre>java.lang.AssertionError: Not able to login
	at org.junit.Assert.fail(Assert.java:88)
	at USRC_Application.USRC_TestData_Update.CheckLogin(USRC_TestData_Update.java:131)
	at sun.reflect.GeneratedMethodAccessor2.invoke(Unknown Source)
	at sun.reflect.DelegatingMethodAccessorImpl.invoke(Unknown Source)
	at java.lang.reflect.Method.invoke(Unknown Source)
	at org.testng.internal.MethodInvocationHelper.invokeMethod(MethodInvocationHelper.java:124)
	at org.testng.internal.Invoker.invokeMethod(Invoker.java:580)
	at org.testng.internal.Invoker.invokeTestMethod(Invoker.java:716)
	at org.testng.internal.TestMethodWithDataProviderMethodWorker.call(TestMethodWithDataProviderMethodWorker.java:71)
	at org.testng.internal.TestMethodWithDataProviderMethodWorker.call(TestMethodWithDataProviderMethodWorker.java:14)
	at java.util.concurrent.FutureTask.run(Unknown Source)
	at java.util.concurrent.Executors$RunnableAdapter.call(Unknown Source)
	at java.util.concurrent.FutureTask.run(Unknown Source)
	at java.util.concurrent.ThreadPoolExecutor.runWorker(Unknown Source)
	at java.util.concurrent.ThreadPoolExecutor$Worker.run(Unknown Source)
	at java.lang.Thread.run(Unknown Source)
</pre></div><a href='#' onClick='toggleBox("stack-trace586461502", this, "Click to show all stack frames", "Click to hide stack frames")'>Click to show all stack frames</a>
<div class='stack-trace' id='stack-trace586461502'><pre>java.lang.AssertionError: Not able to login
	at org.junit.Assert.fail(Assert.java:88)
	at USRC_Application.USRC_TestData_Update.CheckLogin(USRC_TestData_Update.java:131)
	at sun.reflect.GeneratedMethodAccessor2.invoke(Unknown Source)
	at sun.reflect.DelegatingMethodAccessorImpl.invoke(Unknown Source)
	at java.lang.reflect.Method.invoke(Unknown Source)
	at org.testng.internal.MethodInvocationHelper.invokeMethod(MethodInvocationHelper.java:124)
	at org.testng.internal.Invoker.invokeMethod(Invoker.java:580)
	at org.testng.internal.Invoker.invokeTestMethod(Invoker.java:716)
	at org.testng.internal.TestMethodWithDataProviderMethodWorker.call(TestMethodWithDataProviderMethodWorker.java:71)
	at org.testng.internal.TestMethodWithDataProviderMethodWorker.call(TestMethodWithDataProviderMethodWorker.java:14)
	at java.util.concurrent.FutureTask.run(Unknown Source)
	at java.util.concurrent.Executors$RunnableAdapter.call(Unknown Source)
	at java.util.concurrent.FutureTask.run(Unknown Source)
	at java.util.concurrent.ThreadPoolExecutor.runWorker(Unknown Source)
	at java.util.concurrent.ThreadPoolExecutor$Worker.run(Unknown Source)
	at java.lang.Thread.run(Unknown Source)
</pre></div></td>
<td>0</td>
<td>USRC_Application.USRC_TestData_Update@6e2c9341</td></tr>
<tr>
<td title='USRC_Application.USRC_TestData_Update.CheckLogin()'><b>CheckLogin</b><br>Test class: USRC_Application.USRC_TestData_Update<br>Parameters: 3, xpjerin@wipro.com, </td>
<td><div><pre>java.lang.AssertionError: Not able to login
	at org.junit.Assert.fail(Assert.java:88)
	at USRC_Application.USRC_TestData_Update.CheckLogin(USRC_TestData_Update.java:131)
	at sun.reflect.GeneratedMethodAccessor2.invoke(Unknown Source)
	at sun.reflect.DelegatingMethodAccessorImpl.invoke(Unknown Source)
	at java.lang.reflect.Method.invoke(Unknown Source)
	at org.testng.internal.MethodInvocationHelper.invokeMethod(MethodInvocationHelper.java:124)
	at org.testng.internal.Invoker.invokeMethod(Invoker.java:580)
	at org.testng.internal.Invoker.invokeTestMethod(Invoker.java:716)
	at org.testng.internal.TestMethodWithDataProviderMethodWorker.call(TestMethodWithDataProviderMethodWorker.java:71)
	at org.testng.internal.TestMethodWithDataProviderMethodWorker.call(TestMethodWithDataProviderMethodWorker.java:14)
	at java.util.concurrent.FutureTask.run(Unknown Source)
	at java.util.concurrent.Executors$RunnableAdapter.call(Unknown Source)
	at java.util.concurrent.FutureTask.run(Unknown Source)
	at java.util.concurrent.ThreadPoolExecutor.runWorker(Unknown Source)
	at java.util.concurrent.ThreadPoolExecutor$Worker.run(Unknown Source)
	at java.lang.Thread.run(Unknown Source)
</pre></div><a href='#' onClick='toggleBox("stack-trace1999689568", this, "Click to show all stack frames", "Click to hide stack frames")'>Click to show all stack frames</a>
<div class='stack-trace' id='stack-trace1999689568'><pre>java.lang.AssertionError: Not able to login
	at org.junit.Assert.fail(Assert.java:88)
	at USRC_Application.USRC_TestData_Update.CheckLogin(USRC_TestData_Update.java:131)
	at sun.reflect.GeneratedMethodAccessor2.invoke(Unknown Source)
	at sun.reflect.DelegatingMethodAccessorImpl.invoke(Unknown Source)
	at java.lang.reflect.Method.invoke(Unknown Source)
	at org.testng.internal.MethodInvocationHelper.invokeMethod(MethodInvocationHelper.java:124)
	at org.testng.internal.Invoker.invokeMethod(Invoker.java:580)
	at org.testng.internal.Invoker.invokeTestMethod(Invoker.java:716)
	at org.testng.internal.TestMethodWithDataProviderMethodWorker.call(TestMethodWithDataProviderMethodWorker.java:71)
	at org.testng.internal.TestMethodWithDataProviderMethodWorker.call(TestMethodWithDataProviderMethodWorker.java:14)
	at java.util.concurrent.FutureTask.run(Unknown Source)
	at java.util.concurrent.Executors$RunnableAdapter.call(Unknown Source)
	at java.util.concurrent.FutureTask.run(Unknown Source)
	at java.util.concurrent.ThreadPoolExecutor.runWorker(Unknown Source)
	at java.util.concurrent.ThreadPoolExecutor$Worker.run(Unknown Source)
	at java.lang.Thread.run(Unknown Source)
</pre></div></td>
<td>0</td>
<td>USRC_Application.USRC_TestData_Update@6e2c9341</td></tr>
<tr>
<td title='USRC_Application.USRC_TestData_Update.CheckLogin()'><b>CheckLogin</b><br>Test class: USRC_Application.USRC_TestData_Update<br>Parameters: 3, profile42@fedax.com, </td>
<td><div><pre>java.lang.AssertionError: Not able to login
	at org.junit.Assert.fail(Assert.java:88)
	at USRC_Application.USRC_TestData_Update.CheckLogin(USRC_TestData_Update.java:131)
	at sun.reflect.GeneratedMethodAccessor2.invoke(Unknown Source)
	at sun.reflect.DelegatingMethodAccessorImpl.invoke(Unknown Source)
	at java.lang.reflect.Method.invoke(Unknown Source)
	at org.testng.internal.MethodInvocationHelper.invokeMethod(MethodInvocationHelper.java:124)
	at org.testng.internal.Invoker.invokeMethod(Invoker.java:580)
	at org.testng.internal.Invoker.invokeTestMethod(Invoker.java:716)
	at org.testng.internal.TestMethodWithDataProviderMethodWorker.call(TestMethodWithDataProviderMethodWorker.java:71)
	at org.testng.internal.TestMethodWithDataProviderMethodWorker.call(TestMethodWithDataProviderMethodWorker.java:14)
	at java.util.concurrent.FutureTask.run(Unknown Source)
	at java.util.concurrent.Executors$RunnableAdapter.call(Unknown Source)
	at java.util.concurrent.FutureTask.run(Unknown Source)
	at java.util.concurrent.ThreadPoolExecutor.runWorker(Unknown Source)
	at java.util.concurrent.ThreadPoolExecutor$Worker.run(Unknown Source)
	at java.lang.Thread.run(Unknown Source)
</pre></div><a href='#' onClick='toggleBox("stack-trace718040648", this, "Click to show all stack frames", "Click to hide stack frames")'>Click to show all stack frames</a>
<div class='stack-trace' id='stack-trace718040648'><pre>java.lang.AssertionError: Not able to login
	at org.junit.Assert.fail(Assert.java:88)
	at USRC_Application.USRC_TestData_Update.CheckLogin(USRC_TestData_Update.java:131)
	at sun.reflect.GeneratedMethodAccessor2.invoke(Unknown Source)
	at sun.reflect.DelegatingMethodAccessorImpl.invoke(Unknown Source)
	at java.lang.reflect.Method.invoke(Unknown Source)
	at org.testng.internal.MethodInvocationHelper.invokeMethod(MethodInvocationHelper.java:124)
	at org.testng.internal.Invoker.invokeMethod(Invoker.java:580)
	at org.testng.internal.Invoker.invokeTestMethod(Invoker.java:716)
	at org.testng.internal.TestMethodWithDataProviderMethodWorker.call(TestMethodWithDataProviderMethodWorker.java:71)
	at org.testng.internal.TestMethodWithDataProviderMethodWorker.call(TestMethodWithDataProviderMethodWorker.java:14)
	at java.util.concurrent.FutureTask.run(Unknown Source)
	at java.util.concurrent.Executors$RunnableAdapter.call(Unknown Source)
	at java.util.concurrent.FutureTask.run(Unknown Source)
	at java.util.concurrent.ThreadPoolExecutor.runWorker(Unknown Source)
	at java.util.concurrent.ThreadPoolExecutor$Worker.run(Unknown Source)
	at java.lang.Thread.run(Unknown Source)
</pre></div></td>
<td>0</td>
<td>USRC_Application.USRC_TestData_Update@6e2c9341</td></tr>
<tr>
<td title='USRC_Application.USRC_TestData_Update.CheckLogin()'><b>CheckLogin</b><br>Test class: USRC_Application.USRC_TestData_Update<br>Parameters: 3, sourav.bag.osv@fedex.com, </td>
<td><div><pre>java.lang.AssertionError: Not able to login
	at org.junit.Assert.fail(Assert.java:88)
	at USRC_Application.USRC_TestData_Update.CheckLogin(USRC_TestData_Update.java:131)
	at sun.reflect.GeneratedMethodAccessor2.invoke(Unknown Source)
	at sun.reflect.DelegatingMethodAccessorImpl.invoke(Unknown Source)
	at java.lang.reflect.Method.invoke(Unknown Source)
	at org.testng.internal.MethodInvocationHelper.invokeMethod(MethodInvocationHelper.java:124)
	at org.testng.internal.Invoker.invokeMethod(Invoker.java:580)
	at org.testng.internal.Invoker.invokeTestMethod(Invoker.java:716)
	at org.testng.internal.TestMethodWithDataProviderMethodWorker.call(TestMethodWithDataProviderMethodWorker.java:71)
	at org.testng.internal.TestMethodWithDataProviderMethodWorker.call(TestMethodWithDataProviderMethodWorker.java:14)
	at java.util.concurrent.FutureTask.run(Unknown Source)
	at java.util.concurrent.Executors$RunnableAdapter.call(Unknown Source)
	at java.util.concurrent.FutureTask.run(Unknown Source)
	at java.util.concurrent.ThreadPoolExecutor.runWorker(Unknown Source)
	at java.util.concurrent.ThreadPoolExecutor$Worker.run(Unknown Source)
	at java.lang.Thread.run(Unknown Source)
</pre></div><a href='#' onClick='toggleBox("stack-trace1251636590", this, "Click to show all stack frames", "Click to hide stack frames")'>Click to show all stack frames</a>
<div class='stack-trace' id='stack-trace1251636590'><pre>java.lang.AssertionError: Not able to login
	at org.junit.Assert.fail(Assert.java:88)
	at USRC_Application.USRC_TestData_Update.CheckLogin(USRC_TestData_Update.java:131)
	at sun.reflect.GeneratedMethodAccessor2.invoke(Unknown Source)
	at sun.reflect.DelegatingMethodAccessorImpl.invoke(Unknown Source)
	at java.lang.reflect.Method.invoke(Unknown Source)
	at org.testng.internal.MethodInvocationHelper.invokeMethod(MethodInvocationHelper.java:124)
	at org.testng.internal.Invoker.invokeMethod(Invoker.java:580)
	at org.testng.internal.Invoker.invokeTestMethod(Invoker.java:716)
	at org.testng.internal.TestMethodWithDataProviderMethodWorker.call(TestMethodWithDataProviderMethodWorker.java:71)
	at org.testng.internal.TestMethodWithDataProviderMethodWorker.call(TestMethodWithDataProviderMethodWorker.java:14)
	at java.util.concurrent.FutureTask.run(Unknown Source)
	at java.util.concurrent.Executors$RunnableAdapter.call(Unknown Source)
	at java.util.concurrent.FutureTask.run(Unknown Source)
	at java.util.concurrent.ThreadPoolExecutor.runWorker(Unknown Source)
	at java.util.concurrent.ThreadPoolExecutor$Worker.run(Unknown Source)
	at java.lang.Thread.run(Unknown Source)
</pre></div></td>
<td>0</td>
<td>USRC_Application.USRC_TestData_Update@6e2c9341</td></tr>
<tr>
<td title='USRC_Application.USRC_TestData_Update.CheckLogin()'><b>CheckLogin</b><br>Test class: USRC_Application.USRC_TestData_Update<br>Parameters: 3, saikat.sarkar.osv@fedex.com, </td>
<td><div><pre>java.lang.AssertionError: Not able to login
	at org.junit.Assert.fail(Assert.java:88)
	at USRC_Application.USRC_TestData_Update.CheckLogin(USRC_TestData_Update.java:131)
	at sun.reflect.GeneratedMethodAccessor2.invoke(Unknown Source)
	at sun.reflect.DelegatingMethodAccessorImpl.invoke(Unknown Source)
	at java.lang.reflect.Method.invoke(Unknown Source)
	at org.testng.internal.MethodInvocationHelper.invokeMethod(MethodInvocationHelper.java:124)
	at org.testng.internal.Invoker.invokeMethod(Invoker.java:580)
	at org.testng.internal.Invoker.invokeTestMethod(Invoker.java:716)
	at org.testng.internal.TestMethodWithDataProviderMethodWorker.call(TestMethodWithDataProviderMethodWorker.java:71)
	at org.testng.internal.TestMethodWithDataProviderMethodWorker.call(TestMethodWithDataProviderMethodWorker.java:14)
	at java.util.concurrent.FutureTask.run(Unknown Source)
	at java.util.concurrent.Executors$RunnableAdapter.call(Unknown Source)
	at java.util.concurrent.FutureTask.run(Unknown Source)
	at java.util.concurrent.ThreadPoolExecutor.runWorker(Unknown Source)
	at java.util.concurrent.ThreadPoolExecutor$Worker.run(Unknown Source)
	at java.lang.Thread.run(Unknown Source)
</pre></div><a href='#' onClick='toggleBox("stack-trace1953529137", this, "Click to show all stack frames", "Click to hide stack frames")'>Click to show all stack frames</a>
<div class='stack-trace' id='stack-trace1953529137'><pre>java.lang.AssertionError: Not able to login
	at org.junit.Assert.fail(Assert.java:88)
	at USRC_Application.USRC_TestData_Update.CheckLogin(USRC_TestData_Update.java:131)
	at sun.reflect.GeneratedMethodAccessor2.invoke(Unknown Source)
	at sun.reflect.DelegatingMethodAccessorImpl.invoke(Unknown Source)
	at java.lang.reflect.Method.invoke(Unknown Source)
	at org.testng.internal.MethodInvocationHelper.invokeMethod(MethodInvocationHelper.java:124)
	at org.testng.internal.Invoker.invokeMethod(Invoker.java:580)
	at org.testng.internal.Invoker.invokeTestMethod(Invoker.java:716)
	at org.testng.internal.TestMethodWithDataProviderMethodWorker.call(TestMethodWithDataProviderMethodWorker.java:71)
	at org.testng.internal.TestMethodWithDataProviderMethodWorker.call(TestMethodWithDataProviderMethodWorker.java:14)
	at java.util.concurrent.FutureTask.run(Unknown Source)
	at java.util.concurrent.Executors$RunnableAdapter.call(Unknown Source)
	at java.util.concurrent.FutureTask.run(Unknown Source)
	at java.util.concurrent.ThreadPoolExecutor.runWorker(Unknown Source)
	at java.util.concurrent.ThreadPoolExecutor$Worker.run(Unknown Source)
	at java.lang.Thread.run(Unknown Source)
</pre></div></td>
<td>1</td>
<td>USRC_Application.USRC_TestData_Update@6e2c9341</td></tr>
<tr>
<td title='USRC_Application.USRC_TestData_Update.CheckLogin()'><b>CheckLogin</b><br>Test class: USRC_Application.USRC_TestData_Update<br>Parameters: 3, mj3214@gmail.com, </td>
<td><div><pre>java.lang.AssertionError: Not able to login
	at org.junit.Assert.fail(Assert.java:88)
	at USRC_Application.USRC_TestData_Update.CheckLogin(USRC_TestData_Update.java:131)
	at sun.reflect.GeneratedMethodAccessor2.invoke(Unknown Source)
	at sun.reflect.DelegatingMethodAccessorImpl.invoke(Unknown Source)
	at java.lang.reflect.Method.invoke(Unknown Source)
	at org.testng.internal.MethodInvocationHelper.invokeMethod(MethodInvocationHelper.java:124)
	at org.testng.internal.Invoker.invokeMethod(Invoker.java:580)
	at org.testng.internal.Invoker.invokeTestMethod(Invoker.java:716)
	at org.testng.internal.TestMethodWithDataProviderMethodWorker.call(TestMethodWithDataProviderMethodWorker.java:71)
	at org.testng.internal.TestMethodWithDataProviderMethodWorker.call(TestMethodWithDataProviderMethodWorker.java:14)
	at java.util.concurrent.FutureTask.run(Unknown Source)
	at java.util.concurrent.Executors$RunnableAdapter.call(Unknown Source)
	at java.util.concurrent.FutureTask.run(Unknown Source)
	at java.util.concurrent.ThreadPoolExecutor.runWorker(Unknown Source)
	at java.util.concurrent.ThreadPoolExecutor$Worker.run(Unknown Source)
	at java.lang.Thread.run(Unknown Source)
</pre></div><a href='#' onClick='toggleBox("stack-trace1847534419", this, "Click to show all stack frames", "Click to hide stack frames")'>Click to show all stack frames</a>
<div class='stack-trace' id='stack-trace1847534419'><pre>java.lang.AssertionError: Not able to login
	at org.junit.Assert.fail(Assert.java:88)
	at USRC_Application.USRC_TestData_Update.CheckLogin(USRC_TestData_Update.java:131)
	at sun.reflect.GeneratedMethodAccessor2.invoke(Unknown Source)
	at sun.reflect.DelegatingMethodAccessorImpl.invoke(Unknown Source)
	at java.lang.reflect.Method.invoke(Unknown Source)
	at org.testng.internal.MethodInvocationHelper.invokeMethod(MethodInvocationHelper.java:124)
	at org.testng.internal.Invoker.invokeMethod(Invoker.java:580)
	at org.testng.internal.Invoker.invokeTestMethod(Invoker.java:716)
	at org.testng.internal.TestMethodWithDataProviderMethodWorker.call(TestMethodWithDataProviderMethodWorker.java:71)
	at org.testng.internal.TestMethodWithDataProviderMethodWorker.call(TestMethodWithDataProviderMethodWorker.java:14)
	at java.util.concurrent.FutureTask.run(Unknown Source)
	at java.util.concurrent.Executors$RunnableAdapter.call(Unknown Source)
	at java.util.concurrent.FutureTask.run(Unknown Source)
	at java.util.concurrent.ThreadPoolExecutor.runWorker(Unknown Source)
	at java.util.concurrent.ThreadPoolExecutor$Worker.run(Unknown Source)
	at java.lang.Thread.run(Unknown Source)
</pre></div></td>
<td>0</td>
<td>USRC_Application.USRC_TestData_Update@6e2c9341</td></tr>
<tr>
<td title='USRC_Application.USRC_TestData_Update.CheckLogin()'><b>CheckLogin</b><br>Test class: USRC_Application.USRC_TestData_Update<br>Parameters: 3, profile450@fedax.com, </td>
<td><div><pre>java.lang.AssertionError: Not able to login
	at org.junit.Assert.fail(Assert.java:88)
	at USRC_Application.USRC_TestData_Update.CheckLogin(USRC_TestData_Update.java:131)
	at sun.reflect.GeneratedMethodAccessor2.invoke(Unknown Source)
	at sun.reflect.DelegatingMethodAccessorImpl.invoke(Unknown Source)
	at java.lang.reflect.Method.invoke(Unknown Source)
	at org.testng.internal.MethodInvocationHelper.invokeMethod(MethodInvocationHelper.java:124)
	at org.testng.internal.Invoker.invokeMethod(Invoker.java:580)
	at org.testng.internal.Invoker.invokeTestMethod(Invoker.java:716)
	at org.testng.internal.TestMethodWithDataProviderMethodWorker.call(TestMethodWithDataProviderMethodWorker.java:71)
	at org.testng.internal.TestMethodWithDataProviderMethodWorker.call(TestMethodWithDataProviderMethodWorker.java:14)
	at java.util.concurrent.FutureTask.run(Unknown Source)
	at java.util.concurrent.Executors$RunnableAdapter.call(Unknown Source)
	at java.util.concurrent.FutureTask.run(Unknown Source)
	at java.util.concurrent.ThreadPoolExecutor.runWorker(Unknown Source)
	at java.util.concurrent.ThreadPoolExecutor$Worker.run(Unknown Source)
	at java.lang.Thread.run(Unknown Source)
</pre></div><a href='#' onClick='toggleBox("stack-trace655408143", this, "Click to show all stack frames", "Click to hide stack frames")'>Click to show all stack frames</a>
<div class='stack-trace' id='stack-trace655408143'><pre>java.lang.AssertionError: Not able to login
	at org.junit.Assert.fail(Assert.java:88)
	at USRC_Application.USRC_TestData_Update.CheckLogin(USRC_TestData_Update.java:131)
	at sun.reflect.GeneratedMethodAccessor2.invoke(Unknown Source)
	at sun.reflect.DelegatingMethodAccessorImpl.invoke(Unknown Source)
	at java.lang.reflect.Method.invoke(Unknown Source)
	at org.testng.internal.MethodInvocationHelper.invokeMethod(MethodInvocationHelper.java:124)
	at org.testng.internal.Invoker.invokeMethod(Invoker.java:580)
	at org.testng.internal.Invoker.invokeTestMethod(Invoker.java:716)
	at org.testng.internal.TestMethodWithDataProviderMethodWorker.call(TestMethodWithDataProviderMethodWorker.java:71)
	at org.testng.internal.TestMethodWithDataProviderMethodWorker.call(TestMethodWithDataProviderMethodWorker.java:14)
	at java.util.concurrent.FutureTask.run(Unknown Source)
	at java.util.concurrent.Executors$RunnableAdapter.call(Unknown Source)
	at java.util.concurrent.FutureTask.run(Unknown Source)
	at java.util.concurrent.ThreadPoolExecutor.runWorker(Unknown Source)
	at java.util.concurrent.ThreadPoolExecutor$Worker.run(Unknown Source)
	at java.lang.Thread.run(Unknown Source)
</pre></div></td>
<td>0</td>
<td>USRC_Application.USRC_TestData_Update@6e2c9341</td></tr>
<tr>
<td title='USRC_Application.USRC_TestData_Update.CheckLogin()'><b>CheckLogin</b><br>Test class: USRC_Application.USRC_TestData_Update<br>Parameters: 3, tstorm201903160246@fedex.com, </td>
<td><div><pre>java.lang.AssertionError: Not able to login
	at org.junit.Assert.fail(Assert.java:88)
	at USRC_Application.USRC_TestData_Update.CheckLogin(USRC_TestData_Update.java:131)
	at sun.reflect.GeneratedMethodAccessor2.invoke(Unknown Source)
	at sun.reflect.DelegatingMethodAccessorImpl.invoke(Unknown Source)
	at java.lang.reflect.Method.invoke(Unknown Source)
	at org.testng.internal.MethodInvocationHelper.invokeMethod(MethodInvocationHelper.java:124)
	at org.testng.internal.Invoker.invokeMethod(Invoker.java:580)
	at org.testng.internal.Invoker.invokeTestMethod(Invoker.java:716)
	at org.testng.internal.TestMethodWithDataProviderMethodWorker.call(TestMethodWithDataProviderMethodWorker.java:71)
	at org.testng.internal.TestMethodWithDataProviderMethodWorker.call(TestMethodWithDataProviderMethodWorker.java:14)
	at java.util.concurrent.FutureTask.run(Unknown Source)
	at java.util.concurrent.Executors$RunnableAdapter.call(Unknown Source)
	at java.util.concurrent.FutureTask.run(Unknown Source)
	at java.util.concurrent.ThreadPoolExecutor.runWorker(Unknown Source)
	at java.util.concurrent.ThreadPoolExecutor$Worker.run(Unknown Source)
	at java.lang.Thread.run(Unknown Source)
</pre></div><a href='#' onClick='toggleBox("stack-trace1166261235", this, "Click to show all stack frames", "Click to hide stack frames")'>Click to show all stack frames</a>
<div class='stack-trace' id='stack-trace1166261235'><pre>java.lang.AssertionError: Not able to login
	at org.junit.Assert.fail(Assert.java:88)
	at USRC_Application.USRC_TestData_Update.CheckLogin(USRC_TestData_Update.java:131)
	at sun.reflect.GeneratedMethodAccessor2.invoke(Unknown Source)
	at sun.reflect.DelegatingMethodAccessorImpl.invoke(Unknown Source)
	at java.lang.reflect.Method.invoke(Unknown Source)
	at org.testng.internal.MethodInvocationHelper.invokeMethod(MethodInvocationHelper.java:124)
	at org.testng.internal.Invoker.invokeMethod(Invoker.java:580)
	at org.testng.internal.Invoker.invokeTestMethod(Invoker.java:716)
	at org.testng.internal.TestMethodWithDataProviderMethodWorker.call(TestMethodWithDataProviderMethodWorker.java:71)
	at org.testng.internal.TestMethodWithDataProviderMethodWorker.call(TestMethodWithDataProviderMethodWorker.java:14)
	at java.util.concurrent.FutureTask.run(Unknown Source)
	at java.util.concurrent.Executors$RunnableAdapter.call(Unknown Source)
	at java.util.concurrent.FutureTask.run(Unknown Source)
	at java.util.concurrent.ThreadPoolExecutor.runWorker(Unknown Source)
	at java.util.concurrent.ThreadPoolExecutor$Worker.run(Unknown Source)
	at java.lang.Thread.run(Unknown Source)
</pre></div></td>
<td>1</td>
<td>USRC_Application.USRC_TestData_Update@6e2c9341</td></tr>
<tr>
<td title='USRC_Application.USRC_TestData_Update.CheckLogin()'><b>CheckLogin</b><br>Test class: USRC_Application.USRC_TestData_Update<br>Parameters: 3, tencharacttencharacttencharacttencharacttencharacttencharact1234@tencharacttencharacttencharacttencharacttencharacttencharacttencharacttencharacttencharacttencharacttencharacttencharacttencharacttencharacttencharacttencharacttencharacttenc1234567456457.com, </td>
<td><div><pre>java.lang.AssertionError: Not able to login
	at org.junit.Assert.fail(Assert.java:88)
	at USRC_Application.USRC_TestData_Update.CheckLogin(USRC_TestData_Update.java:131)
	at sun.reflect.GeneratedMethodAccessor2.invoke(Unknown Source)
	at sun.reflect.DelegatingMethodAccessorImpl.invoke(Unknown Source)
	at java.lang.reflect.Method.invoke(Unknown Source)
	at org.testng.internal.MethodInvocationHelper.invokeMethod(MethodInvocationHelper.java:124)
	at org.testng.internal.Invoker.invokeMethod(Invoker.java:580)
	at org.testng.internal.Invoker.invokeTestMethod(Invoker.java:716)
	at org.testng.internal.TestMethodWithDataProviderMethodWorker.call(TestMethodWithDataProviderMethodWorker.java:71)
	at org.testng.internal.TestMethodWithDataProviderMethodWorker.call(TestMethodWithDataProviderMethodWorker.java:14)
	at java.util.concurrent.FutureTask.run(Unknown Source)
	at java.util.concurrent.Executors$RunnableAdapter.call(Unknown Source)
	at java.util.concurrent.FutureTask.run(Unknown Source)
	at java.util.concurrent.ThreadPoolExecutor.runWorker(Unknown Source)
	at java.util.concurrent.ThreadPoolExecutor$Worker.run(Unknown Source)
	at java.lang.Thread.run(Unknown Source)
</pre></div><a href='#' onClick='toggleBox("stack-trace85593800", this, "Click to show all stack frames", "Click to hide stack frames")'>Click to show all stack frames</a>
<div class='stack-trace' id='stack-trace85593800'><pre>java.lang.AssertionError: Not able to login
	at org.junit.Assert.fail(Assert.java:88)
	at USRC_Application.USRC_TestData_Update.CheckLogin(USRC_TestData_Update.java:131)
	at sun.reflect.GeneratedMethodAccessor2.invoke(Unknown Source)
	at sun.reflect.DelegatingMethodAccessorImpl.invoke(Unknown Source)
	at java.lang.reflect.Method.invoke(Unknown Source)
	at org.testng.internal.MethodInvocationHelper.invokeMethod(MethodInvocationHelper.java:124)
	at org.testng.internal.Invoker.invokeMethod(Invoker.java:580)
	at org.testng.internal.Invoker.invokeTestMethod(Invoker.java:716)
	at org.testng.internal.TestMethodWithDataProviderMethodWorker.call(TestMethodWithDataProviderMethodWorker.java:71)
	at org.testng.internal.TestMethodWithDataProviderMethodWorker.call(TestMethodWithDataProviderMethodWorker.java:14)
	at java.util.concurrent.FutureTask.run(Unknown Source)
	at java.util.concurrent.Executors$RunnableAdapter.call(Unknown Source)
	at java.util.concurrent.FutureTask.run(Unknown Source)
	at java.util.concurrent.ThreadPoolExecutor.runWorker(Unknown Source)
	at java.util.concurrent.ThreadPoolExecutor$Worker.run(Unknown Source)
	at java.lang.Thread.run(Unknown Source)
</pre></div></td>
<td>0</td>
<td>USRC_Application.USRC_TestData_Update@6e2c9341</td></tr>
<tr>
<td title='USRC_Application.USRC_TestData_Update.CheckLogin()'><b>CheckLogin</b><br>Test class: USRC_Application.USRC_TestData_Update<br>Parameters: 3, megha_c55@syntelinc.com, </td>
<td><div><pre>java.lang.AssertionError: Not able to login
	at org.junit.Assert.fail(Assert.java:88)
	at USRC_Application.USRC_TestData_Update.CheckLogin(USRC_TestData_Update.java:131)
	at sun.reflect.GeneratedMethodAccessor2.invoke(Unknown Source)
	at sun.reflect.DelegatingMethodAccessorImpl.invoke(Unknown Source)
	at java.lang.reflect.Method.invoke(Unknown Source)
	at org.testng.internal.MethodInvocationHelper.invokeMethod(MethodInvocationHelper.java:124)
	at org.testng.internal.Invoker.invokeMethod(Invoker.java:580)
	at org.testng.internal.Invoker.invokeTestMethod(Invoker.java:716)
	at org.testng.internal.TestMethodWithDataProviderMethodWorker.call(TestMethodWithDataProviderMethodWorker.java:71)
	at org.testng.internal.TestMethodWithDataProviderMethodWorker.call(TestMethodWithDataProviderMethodWorker.java:14)
	at java.util.concurrent.FutureTask.run(Unknown Source)
	at java.util.concurrent.Executors$RunnableAdapter.call(Unknown Source)
	at java.util.concurrent.FutureTask.run(Unknown Source)
	at java.util.concurrent.ThreadPoolExecutor.runWorker(Unknown Source)
	at java.util.concurrent.ThreadPoolExecutor$Worker.run(Unknown Source)
	at java.lang.Thread.run(Unknown Source)
</pre></div><a href='#' onClick='toggleBox("stack-trace1354186941", this, "Click to show all stack frames", "Click to hide stack frames")'>Click to show all stack frames</a>
<div class='stack-trace' id='stack-trace1354186941'><pre>java.lang.AssertionError: Not able to login
	at org.junit.Assert.fail(Assert.java:88)
	at USRC_Application.USRC_TestData_Update.CheckLogin(USRC_TestData_Update.java:131)
	at sun.reflect.GeneratedMethodAccessor2.invoke(Unknown Source)
	at sun.reflect.DelegatingMethodAccessorImpl.invoke(Unknown Source)
	at java.lang.reflect.Method.invoke(Unknown Source)
	at org.testng.internal.MethodInvocationHelper.invokeMethod(MethodInvocationHelper.java:124)
	at org.testng.internal.Invoker.invokeMethod(Invoker.java:580)
	at org.testng.internal.Invoker.invokeTestMethod(Invoker.java:716)
	at org.testng.internal.TestMethodWithDataProviderMethodWorker.call(TestMethodWithDataProviderMethodWorker.java:71)
	at org.testng.internal.TestMethodWithDataProviderMethodWorker.call(TestMethodWithDataProviderMethodWorker.java:14)
	at java.util.concurrent.FutureTask.run(Unknown Source)
	at java.util.concurrent.Executors$RunnableAdapter.call(Unknown Source)
	at java.util.concurrent.FutureTask.run(Unknown Source)
	at java.util.concurrent.ThreadPoolExecutor.runWorker(Unknown Source)
	at java.util.concurrent.ThreadPoolExecutor$Worker.run(Unknown Source)
	at java.lang.Thread.run(Unknown Source)
</pre></div></td>
<td>0</td>
<td>USRC_Application.USRC_TestData_Update@6e2c9341</td></tr>
<tr>
<td title='USRC_Application.USRC_TestData_Update.CheckLogin()'><b>CheckLogin</b><br>Test class: USRC_Application.USRC_TestData_Update<br>Parameters: 3, sss@gmail.com, </td>
<td><div><pre>java.lang.AssertionError: Not able to login
	at org.junit.Assert.fail(Assert.java:88)
	at USRC_Application.USRC_TestData_Update.CheckLogin(USRC_TestData_Update.java:131)
	at sun.reflect.GeneratedMethodAccessor2.invoke(Unknown Source)
	at sun.reflect.DelegatingMethodAccessorImpl.invoke(Unknown Source)
	at java.lang.reflect.Method.invoke(Unknown Source)
	at org.testng.internal.MethodInvocationHelper.invokeMethod(MethodInvocationHelper.java:124)
	at org.testng.internal.Invoker.invokeMethod(Invoker.java:580)
	at org.testng.internal.Invoker.invokeTestMethod(Invoker.java:716)
	at org.testng.internal.TestMethodWithDataProviderMethodWorker.call(TestMethodWithDataProviderMethodWorker.java:71)
	at org.testng.internal.TestMethodWithDataProviderMethodWorker.call(TestMethodWithDataProviderMethodWorker.java:14)
	at java.util.concurrent.FutureTask.run(Unknown Source)
	at java.util.concurrent.Executors$RunnableAdapter.call(Unknown Source)
	at java.util.concurrent.FutureTask.run(Unknown Source)
	at java.util.concurrent.ThreadPoolExecutor.runWorker(Unknown Source)
	at java.util.concurrent.ThreadPoolExecutor$Worker.run(Unknown Source)
	at java.lang.Thread.run(Unknown Source)
</pre></div><a href='#' onClick='toggleBox("stack-trace1637103134", this, "Click to show all stack frames", "Click to hide stack frames")'>Click to show all stack frames</a>
<div class='stack-trace' id='stack-trace1637103134'><pre>java.lang.AssertionError: Not able to login
	at org.junit.Assert.fail(Assert.java:88)
	at USRC_Application.USRC_TestData_Update.CheckLogin(USRC_TestData_Update.java:131)
	at sun.reflect.GeneratedMethodAccessor2.invoke(Unknown Source)
	at sun.reflect.DelegatingMethodAccessorImpl.invoke(Unknown Source)
	at java.lang.reflect.Method.invoke(Unknown Source)
	at org.testng.internal.MethodInvocationHelper.invokeMethod(MethodInvocationHelper.java:124)
	at org.testng.internal.Invoker.invokeMethod(Invoker.java:580)
	at org.testng.internal.Invoker.invokeTestMethod(Invoker.java:716)
	at org.testng.internal.TestMethodWithDataProviderMethodWorker.call(TestMethodWithDataProviderMethodWorker.java:71)
	at org.testng.internal.TestMethodWithDataProviderMethodWorker.call(TestMethodWithDataProviderMethodWorker.java:14)
	at java.util.concurrent.FutureTask.run(Unknown Source)
	at java.util.concurrent.Executors$RunnableAdapter.call(Unknown Source)
	at java.util.concurrent.FutureTask.run(Unknown Source)
	at java.util.concurrent.ThreadPoolExecutor.runWorker(Unknown Source)
	at java.util.concurrent.ThreadPoolExecutor$Worker.run(Unknown Source)
	at java.lang.Thread.run(Unknown Source)
</pre></div></td>
<td>0</td>
<td>USRC_Application.USRC_TestData_Update@6e2c9341</td></tr>
<tr>
<td title='USRC_Application.USRC_TestData_Update.CheckLogin()'><b>CheckLogin</b><br>Test class: USRC_Application.USRC_TestData_Update<br>Parameters: 3, mounica441@yahoo.com, </td>
<td><div><pre>java.lang.AssertionError: Not able to login
	at org.junit.Assert.fail(Assert.java:88)
	at USRC_Application.USRC_TestData_Update.CheckLogin(USRC_TestData_Update.java:131)
	at sun.reflect.GeneratedMethodAccessor2.invoke(Unknown Source)
	at sun.reflect.DelegatingMethodAccessorImpl.invoke(Unknown Source)
	at java.lang.reflect.Method.invoke(Unknown Source)
	at org.testng.internal.MethodInvocationHelper.invokeMethod(MethodInvocationHelper.java:124)
	at org.testng.internal.Invoker.invokeMethod(Invoker.java:580)
	at org.testng.internal.Invoker.invokeTestMethod(Invoker.java:716)
	at org.testng.internal.TestMethodWithDataProviderMethodWorker.call(TestMethodWithDataProviderMethodWorker.java:71)
	at org.testng.internal.TestMethodWithDataProviderMethodWorker.call(TestMethodWithDataProviderMethodWorker.java:14)
	at java.util.concurrent.FutureTask.run(Unknown Source)
	at java.util.concurrent.Executors$RunnableAdapter.call(Unknown Source)
	at java.util.concurrent.FutureTask.run(Unknown Source)
	at java.util.concurrent.ThreadPoolExecutor.runWorker(Unknown Source)
	at java.util.concurrent.ThreadPoolExecutor$Worker.run(Unknown Source)
	at java.lang.Thread.run(Unknown Source)
</pre></div><a href='#' onClick='toggleBox("stack-trace762600805", this, "Click to show all stack frames", "Click to hide stack frames")'>Click to show all stack frames</a>
<div class='stack-trace' id='stack-trace762600805'><pre>java.lang.AssertionError: Not able to login
	at org.junit.Assert.fail(Assert.java:88)
	at USRC_Application.USRC_TestData_Update.CheckLogin(USRC_TestData_Update.java:131)
	at sun.reflect.GeneratedMethodAccessor2.invoke(Unknown Source)
	at sun.reflect.DelegatingMethodAccessorImpl.invoke(Unknown Source)
	at java.lang.reflect.Method.invoke(Unknown Source)
	at org.testng.internal.MethodInvocationHelper.invokeMethod(MethodInvocationHelper.java:124)
	at org.testng.internal.Invoker.invokeMethod(Invoker.java:580)
	at org.testng.internal.Invoker.invokeTestMethod(Invoker.java:716)
	at org.testng.internal.TestMethodWithDataProviderMethodWorker.call(TestMethodWithDataProviderMethodWorker.java:71)
	at org.testng.internal.TestMethodWithDataProviderMethodWorker.call(TestMethodWithDataProviderMethodWorker.java:14)
	at java.util.concurrent.FutureTask.run(Unknown Source)
	at java.util.concurrent.Executors$RunnableAdapter.call(Unknown Source)
	at java.util.concurrent.FutureTask.run(Unknown Source)
	at java.util.concurrent.ThreadPoolExecutor.runWorker(Unknown Source)
	at java.util.concurrent.ThreadPoolExecutor$Worker.run(Unknown Source)
	at java.lang.Thread.run(Unknown Source)
</pre></div></td>
<td>0</td>
<td>USRC_Application.USRC_TestData_Update@6e2c9341</td></tr>
<tr>
<td title='USRC_Application.USRC_TestData_Update.CheckLogin()'><b>CheckLogin</b><br>Test class: USRC_Application.USRC_TestData_Update<br>Parameters: 3, checkprofile@syntelinc.com, </td>
<td><div><pre>java.lang.AssertionError: Not able to login
	at org.junit.Assert.fail(Assert.java:88)
	at USRC_Application.USRC_TestData_Update.CheckLogin(USRC_TestData_Update.java:131)
	at sun.reflect.GeneratedMethodAccessor2.invoke(Unknown Source)
	at sun.reflect.DelegatingMethodAccessorImpl.invoke(Unknown Source)
	at java.lang.reflect.Method.invoke(Unknown Source)
	at org.testng.internal.MethodInvocationHelper.invokeMethod(MethodInvocationHelper.java:124)
	at org.testng.internal.Invoker.invokeMethod(Invoker.java:580)
	at org.testng.internal.Invoker.invokeTestMethod(Invoker.java:716)
	at org.testng.internal.TestMethodWithDataProviderMethodWorker.call(TestMethodWithDataProviderMethodWorker.java:71)
	at org.testng.internal.TestMethodWithDataProviderMethodWorker.call(TestMethodWithDataProviderMethodWorker.java:14)
	at java.util.concurrent.FutureTask.run(Unknown Source)
	at java.util.concurrent.Executors$RunnableAdapter.call(Unknown Source)
	at java.util.concurrent.FutureTask.run(Unknown Source)
	at java.util.concurrent.ThreadPoolExecutor.runWorker(Unknown Source)
	at java.util.concurrent.ThreadPoolExecutor$Worker.run(Unknown Source)
	at java.lang.Thread.run(Unknown Source)
</pre></div><a href='#' onClick='toggleBox("stack-trace2113124905", this, "Click to show all stack frames", "Click to hide stack frames")'>Click to show all stack frames</a>
<div class='stack-trace' id='stack-trace2113124905'><pre>java.lang.AssertionError: Not able to login
	at org.junit.Assert.fail(Assert.java:88)
	at USRC_Application.USRC_TestData_Update.CheckLogin(USRC_TestData_Update.java:131)
	at sun.reflect.GeneratedMethodAccessor2.invoke(Unknown Source)
	at sun.reflect.DelegatingMethodAccessorImpl.invoke(Unknown Source)
	at java.lang.reflect.Method.invoke(Unknown Source)
	at org.testng.internal.MethodInvocationHelper.invokeMethod(MethodInvocationHelper.java:124)
	at org.testng.internal.Invoker.invokeMethod(Invoker.java:580)
	at org.testng.internal.Invoker.invokeTestMethod(Invoker.java:716)
	at org.testng.internal.TestMethodWithDataProviderMethodWorker.call(TestMethodWithDataProviderMethodWorker.java:71)
	at org.testng.internal.TestMethodWithDataProviderMethodWorker.call(TestMethodWithDataProviderMethodWorker.java:14)
	at java.util.concurrent.FutureTask.run(Unknown Source)
	at java.util.concurrent.Executors$RunnableAdapter.call(Unknown Source)
	at java.util.concurrent.FutureTask.run(Unknown Source)
	at java.util.concurrent.ThreadPoolExecutor.runWorker(Unknown Source)
	at java.util.concurrent.ThreadPoolExecutor$Worker.run(Unknown Source)
	at java.lang.Thread.run(Unknown Source)
</pre></div></td>
<td>0</td>
<td>USRC_Application.USRC_TestData_Update@6e2c9341</td></tr>
<tr>
<td title='USRC_Application.USRC_TestData_Update.CheckLogin()'><b>CheckLogin</b><br>Test class: USRC_Application.USRC_TestData_Update<br>Parameters: 3, need@user.com, </td>
<td><div><pre>java.lang.AssertionError: Not able to login
	at org.junit.Assert.fail(Assert.java:88)
	at USRC_Application.USRC_TestData_Update.CheckLogin(USRC_TestData_Update.java:131)
	at sun.reflect.GeneratedMethodAccessor2.invoke(Unknown Source)
	at sun.reflect.DelegatingMethodAccessorImpl.invoke(Unknown Source)
	at java.lang.reflect.Method.invoke(Unknown Source)
	at org.testng.internal.MethodInvocationHelper.invokeMethod(MethodInvocationHelper.java:124)
	at org.testng.internal.Invoker.invokeMethod(Invoker.java:580)
	at org.testng.internal.Invoker.invokeTestMethod(Invoker.java:716)
	at org.testng.internal.TestMethodWithDataProviderMethodWorker.call(TestMethodWithDataProviderMethodWorker.java:71)
	at org.testng.internal.TestMethodWithDataProviderMethodWorker.call(TestMethodWithDataProviderMethodWorker.java:14)
	at java.util.concurrent.FutureTask.run(Unknown Source)
	at java.util.concurrent.Executors$RunnableAdapter.call(Unknown Source)
	at java.util.concurrent.FutureTask.run(Unknown Source)
	at java.util.concurrent.ThreadPoolExecutor.runWorker(Unknown Source)
	at java.util.concurrent.ThreadPoolExecutor$Worker.run(Unknown Source)
	at java.lang.Thread.run(Unknown Source)
</pre></div><a href='#' onClick='toggleBox("stack-trace2113109248", this, "Click to show all stack frames", "Click to hide stack frames")'>Click to show all stack frames</a>
<div class='stack-trace' id='stack-trace2113109248'><pre>java.lang.AssertionError: Not able to login
	at org.junit.Assert.fail(Assert.java:88)
	at USRC_Application.USRC_TestData_Update.CheckLogin(USRC_TestData_Update.java:131)
	at sun.reflect.GeneratedMethodAccessor2.invoke(Unknown Source)
	at sun.reflect.DelegatingMethodAccessorImpl.invoke(Unknown Source)
	at java.lang.reflect.Method.invoke(Unknown Source)
	at org.testng.internal.MethodInvocationHelper.invokeMethod(MethodInvocationHelper.java:124)
	at org.testng.internal.Invoker.invokeMethod(Invoker.java:580)
	at org.testng.internal.Invoker.invokeTestMethod(Invoker.java:716)
	at org.testng.internal.TestMethodWithDataProviderMethodWorker.call(TestMethodWithDataProviderMethodWorker.java:71)
	at org.testng.internal.TestMethodWithDataProviderMethodWorker.call(TestMethodWithDataProviderMethodWorker.java:14)
	at java.util.concurrent.FutureTask.run(Unknown Source)
	at java.util.concurrent.Executors$RunnableAdapter.call(Unknown Source)
	at java.util.concurrent.FutureTask.run(Unknown Source)
	at java.util.concurrent.ThreadPoolExecutor.runWorker(Unknown Source)
	at java.util.concurrent.ThreadPoolExecutor$Worker.run(Unknown Source)
	at java.lang.Thread.run(Unknown Source)
</pre></div></td>
<td>0</td>
<td>USRC_Application.USRC_TestData_Update@6e2c9341</td></tr>
<tr>
<td title='USRC_Application.USRC_TestData_Update.CheckLogin()'><b>CheckLogin</b><br>Test class: USRC_Application.USRC_TestData_Update<br>Parameters: 3, grp2_dotcom@syntelinc.com, </td>
<td><div><pre>java.lang.AssertionError: Not able to login
	at org.junit.Assert.fail(Assert.java:88)
	at USRC_Application.USRC_TestData_Update.CheckLogin(USRC_TestData_Update.java:131)
	at sun.reflect.GeneratedMethodAccessor2.invoke(Unknown Source)
	at sun.reflect.DelegatingMethodAccessorImpl.invoke(Unknown Source)
	at java.lang.reflect.Method.invoke(Unknown Source)
	at org.testng.internal.MethodInvocationHelper.invokeMethod(MethodInvocationHelper.java:124)
	at org.testng.internal.Invoker.invokeMethod(Invoker.java:580)
	at org.testng.internal.Invoker.invokeTestMethod(Invoker.java:716)
	at org.testng.internal.TestMethodWithDataProviderMethodWorker.call(TestMethodWithDataProviderMethodWorker.java:71)
	at org.testng.internal.TestMethodWithDataProviderMethodWorker.call(TestMethodWithDataProviderMethodWorker.java:14)
	at java.util.concurrent.FutureTask.run(Unknown Source)
	at java.util.concurrent.Executors$RunnableAdapter.call(Unknown Source)
	at java.util.concurrent.FutureTask.run(Unknown Source)
	at java.util.concurrent.ThreadPoolExecutor.runWorker(Unknown Source)
	at java.util.concurrent.ThreadPoolExecutor$Worker.run(Unknown Source)
	at java.lang.Thread.run(Unknown Source)
</pre></div><a href='#' onClick='toggleBox("stack-trace120159294", this, "Click to show all stack frames", "Click to hide stack frames")'>Click to show all stack frames</a>
<div class='stack-trace' id='stack-trace120159294'><pre>java.lang.AssertionError: Not able to login
	at org.junit.Assert.fail(Assert.java:88)
	at USRC_Application.USRC_TestData_Update.CheckLogin(USRC_TestData_Update.java:131)
	at sun.reflect.GeneratedMethodAccessor2.invoke(Unknown Source)
	at sun.reflect.DelegatingMethodAccessorImpl.invoke(Unknown Source)
	at java.lang.reflect.Method.invoke(Unknown Source)
	at org.testng.internal.MethodInvocationHelper.invokeMethod(MethodInvocationHelper.java:124)
	at org.testng.internal.Invoker.invokeMethod(Invoker.java:580)
	at org.testng.internal.Invoker.invokeTestMethod(Invoker.java:716)
	at org.testng.internal.TestMethodWithDataProviderMethodWorker.call(TestMethodWithDataProviderMethodWorker.java:71)
	at org.testng.internal.TestMethodWithDataProviderMethodWorker.call(TestMethodWithDataProviderMethodWorker.java:14)
	at java.util.concurrent.FutureTask.run(Unknown Source)
	at java.util.concurrent.Executors$RunnableAdapter.call(Unknown Source)
	at java.util.concurrent.FutureTask.run(Unknown Source)
	at java.util.concurrent.ThreadPoolExecutor.runWorker(Unknown Source)
	at java.util.concurrent.ThreadPoolExecutor$Worker.run(Unknown Source)
	at java.lang.Thread.run(Unknown Source)
</pre></div></td>
<td>0</td>
<td>USRC_Application.USRC_TestData_Update@6e2c9341</td></tr>
<tr>
<td title='USRC_Application.USRC_TestData_Update.CheckLogin()'><b>CheckLogin</b><br>Test class: USRC_Application.USRC_TestData_Update<br>Parameters: 3, xpjerin@gmail.com, </td>
<td><div><pre>java.lang.AssertionError: Not able to login
	at org.junit.Assert.fail(Assert.java:88)
	at USRC_Application.USRC_TestData_Update.CheckLogin(USRC_TestData_Update.java:131)
	at sun.reflect.GeneratedMethodAccessor2.invoke(Unknown Source)
	at sun.reflect.DelegatingMethodAccessorImpl.invoke(Unknown Source)
	at java.lang.reflect.Method.invoke(Unknown Source)
	at org.testng.internal.MethodInvocationHelper.invokeMethod(MethodInvocationHelper.java:124)
	at org.testng.internal.Invoker.invokeMethod(Invoker.java:580)
	at org.testng.internal.Invoker.invokeTestMethod(Invoker.java:716)
	at org.testng.internal.TestMethodWithDataProviderMethodWorker.call(TestMethodWithDataProviderMethodWorker.java:71)
	at org.testng.internal.TestMethodWithDataProviderMethodWorker.call(TestMethodWithDataProviderMethodWorker.java:14)
	at java.util.concurrent.FutureTask.run(Unknown Source)
	at java.util.concurrent.Executors$RunnableAdapter.call(Unknown Source)
	at java.util.concurrent.FutureTask.run(Unknown Source)
	at java.util.concurrent.ThreadPoolExecutor.runWorker(Unknown Source)
	at java.util.concurrent.ThreadPoolExecutor$Worker.run(Unknown Source)
	at java.lang.Thread.run(Unknown Source)
</pre></div><a href='#' onClick='toggleBox("stack-trace1812254124", this, "Click to show all stack frames", "Click to hide stack frames")'>Click to show all stack frames</a>
<div class='stack-trace' id='stack-trace1812254124'><pre>java.lang.AssertionError: Not able to login
	at org.junit.Assert.fail(Assert.java:88)
	at USRC_Application.USRC_TestData_Update.CheckLogin(USRC_TestData_Update.java:131)
	at sun.reflect.GeneratedMethodAccessor2.invoke(Unknown Source)
	at sun.reflect.DelegatingMethodAccessorImpl.invoke(Unknown Source)
	at java.lang.reflect.Method.invoke(Unknown Source)
	at org.testng.internal.MethodInvocationHelper.invokeMethod(MethodInvocationHelper.java:124)
	at org.testng.internal.Invoker.invokeMethod(Invoker.java:580)
	at org.testng.internal.Invoker.invokeTestMethod(Invoker.java:716)
	at org.testng.internal.TestMethodWithDataProviderMethodWorker.call(TestMethodWithDataProviderMethodWorker.java:71)
	at org.testng.internal.TestMethodWithDataProviderMethodWorker.call(TestMethodWithDataProviderMethodWorker.java:14)
	at java.util.concurrent.FutureTask.run(Unknown Source)
	at java.util.concurrent.Executors$RunnableAdapter.call(Unknown Source)
	at java.util.concurrent.FutureTask.run(Unknown Source)
	at java.util.concurrent.ThreadPoolExecutor.runWorker(Unknown Source)
	at java.util.concurrent.ThreadPoolExecutor$Worker.run(Unknown Source)
	at java.lang.Thread.run(Unknown Source)
</pre></div></td>
<td>0</td>
<td>USRC_Application.USRC_TestData_Update@6e2c9341</td></tr>
<tr>
<td title='USRC_Application.USRC_TestData_Update.CheckLogin()'><b>CheckLogin</b><br>Test class: USRC_Application.USRC_TestData_Update<br>Parameters: 3, grp2_dotcom4@syntelinc.com, </td>
<td><div><pre>java.lang.AssertionError: Not able to login
	at org.junit.Assert.fail(Assert.java:88)
	at USRC_Application.USRC_TestData_Update.CheckLogin(USRC_TestData_Update.java:131)
	at sun.reflect.GeneratedMethodAccessor2.invoke(Unknown Source)
	at sun.reflect.DelegatingMethodAccessorImpl.invoke(Unknown Source)
	at java.lang.reflect.Method.invoke(Unknown Source)
	at org.testng.internal.MethodInvocationHelper.invokeMethod(MethodInvocationHelper.java:124)
	at org.testng.internal.Invoker.invokeMethod(Invoker.java:580)
	at org.testng.internal.Invoker.invokeTestMethod(Invoker.java:716)
	at org.testng.internal.TestMethodWithDataProviderMethodWorker.call(TestMethodWithDataProviderMethodWorker.java:71)
	at org.testng.internal.TestMethodWithDataProviderMethodWorker.call(TestMethodWithDataProviderMethodWorker.java:14)
	at java.util.concurrent.FutureTask.run(Unknown Source)
	at java.util.concurrent.Executors$RunnableAdapter.call(Unknown Source)
	at java.util.concurrent.FutureTask.run(Unknown Source)
	at java.util.concurrent.ThreadPoolExecutor.runWorker(Unknown Source)
	at java.util.concurrent.ThreadPoolExecutor$Worker.run(Unknown Source)
	at java.lang.Thread.run(Unknown Source)
</pre></div><a href='#' onClick='toggleBox("stack-trace731757402", this, "Click to show all stack frames", "Click to hide stack frames")'>Click to show all stack frames</a>
<div class='stack-trace' id='stack-trace731757402'><pre>java.lang.AssertionError: Not able to login
	at org.junit.Assert.fail(Assert.java:88)
	at USRC_Application.USRC_TestData_Update.CheckLogin(USRC_TestData_Update.java:131)
	at sun.reflect.GeneratedMethodAccessor2.invoke(Unknown Source)
	at sun.reflect.DelegatingMethodAccessorImpl.invoke(Unknown Source)
	at java.lang.reflect.Method.invoke(Unknown Source)
	at org.testng.internal.MethodInvocationHelper.invokeMethod(MethodInvocationHelper.java:124)
	at org.testng.internal.Invoker.invokeMethod(Invoker.java:580)
	at org.testng.internal.Invoker.invokeTestMethod(Invoker.java:716)
	at org.testng.internal.TestMethodWithDataProviderMethodWorker.call(TestMethodWithDataProviderMethodWorker.java:71)
	at org.testng.internal.TestMethodWithDataProviderMethodWorker.call(TestMethodWithDataProviderMethodWorker.java:14)
	at java.util.concurrent.FutureTask.run(Unknown Source)
	at java.util.concurrent.Executors$RunnableAdapter.call(Unknown Source)
	at java.util.concurrent.FutureTask.run(Unknown Source)
	at java.util.concurrent.ThreadPoolExecutor.runWorker(Unknown Source)
	at java.util.concurrent.ThreadPoolExecutor$Worker.run(Unknown Source)
	at java.lang.Thread.run(Unknown Source)
</pre></div></td>
<td>0</td>
<td>USRC_Application.USRC_TestData_Update@6e2c9341</td></tr>
<tr>
<td title='USRC_Application.USRC_TestData_Update.CheckLogin()'><b>CheckLogin</b><br>Test class: USRC_Application.USRC_TestData_Update<br>Parameters: 3, vidhya_ashok3@syntelinc.com, </td>
<td><div><pre>java.lang.AssertionError: Not able to login
	at org.junit.Assert.fail(Assert.java:88)
	at USRC_Application.USRC_TestData_Update.CheckLogin(USRC_TestData_Update.java:131)
	at sun.reflect.GeneratedMethodAccessor2.invoke(Unknown Source)
	at sun.reflect.DelegatingMethodAccessorImpl.invoke(Unknown Source)
	at java.lang.reflect.Method.invoke(Unknown Source)
	at org.testng.internal.MethodInvocationHelper.invokeMethod(MethodInvocationHelper.java:124)
	at org.testng.internal.Invoker.invokeMethod(Invoker.java:580)
	at org.testng.internal.Invoker.invokeTestMethod(Invoker.java:716)
	at org.testng.internal.TestMethodWithDataProviderMethodWorker.call(TestMethodWithDataProviderMethodWorker.java:71)
	at org.testng.internal.TestMethodWithDataProviderMethodWorker.call(TestMethodWithDataProviderMethodWorker.java:14)
	at java.util.concurrent.FutureTask.run(Unknown Source)
	at java.util.concurrent.Executors$RunnableAdapter.call(Unknown Source)
	at java.util.concurrent.FutureTask.run(Unknown Source)
	at java.util.concurrent.ThreadPoolExecutor.runWorker(Unknown Source)
	at java.util.concurrent.ThreadPoolExecutor$Worker.run(Unknown Source)
	at java.lang.Thread.run(Unknown Source)
</pre></div><a href='#' onClick='toggleBox("stack-trace1147282341", this, "Click to show all stack frames", "Click to hide stack frames")'>Click to show all stack frames</a>
<div class='stack-trace' id='stack-trace1147282341'><pre>java.lang.AssertionError: Not able to login
	at org.junit.Assert.fail(Assert.java:88)
	at USRC_Application.USRC_TestData_Update.CheckLogin(USRC_TestData_Update.java:131)
	at sun.reflect.GeneratedMethodAccessor2.invoke(Unknown Source)
	at sun.reflect.DelegatingMethodAccessorImpl.invoke(Unknown Source)
	at java.lang.reflect.Method.invoke(Unknown Source)
	at org.testng.internal.MethodInvocationHelper.invokeMethod(MethodInvocationHelper.java:124)
	at org.testng.internal.Invoker.invokeMethod(Invoker.java:580)
	at org.testng.internal.Invoker.invokeTestMethod(Invoker.java:716)
	at org.testng.internal.TestMethodWithDataProviderMethodWorker.call(TestMethodWithDataProviderMethodWorker.java:71)
	at org.testng.internal.TestMethodWithDataProviderMethodWorker.call(TestMethodWithDataProviderMethodWorker.java:14)
	at java.util.concurrent.FutureTask.run(Unknown Source)
	at java.util.concurrent.Executors$RunnableAdapter.call(Unknown Source)
	at java.util.concurrent.FutureTask.run(Unknown Source)
	at java.util.concurrent.ThreadPoolExecutor.runWorker(Unknown Source)
	at java.util.concurrent.ThreadPoolExecutor$Worker.run(Unknown Source)
	at java.lang.Thread.run(Unknown Source)
</pre></div></td>
<td>0</td>
<td>USRC_Application.USRC_TestData_Update@6e2c9341</td></tr>
<tr>
<td title='USRC_Application.USRC_TestData_Update.CheckLogin()'><b>CheckLogin</b><br>Test class: USRC_Application.USRC_TestData_Update<br>Parameters: 3, grp3_dotcom@syntelinc.com, </td>
<td><div><pre>java.lang.AssertionError: Not able to login
	at org.junit.Assert.fail(Assert.java:88)
	at USRC_Application.USRC_TestData_Update.CheckLogin(USRC_TestData_Update.java:131)
	at sun.reflect.GeneratedMethodAccessor2.invoke(Unknown Source)
	at sun.reflect.DelegatingMethodAccessorImpl.invoke(Unknown Source)
	at java.lang.reflect.Method.invoke(Unknown Source)
	at org.testng.internal.MethodInvocationHelper.invokeMethod(MethodInvocationHelper.java:124)
	at org.testng.internal.Invoker.invokeMethod(Invoker.java:580)
	at org.testng.internal.Invoker.invokeTestMethod(Invoker.java:716)
	at org.testng.internal.TestMethodWithDataProviderMethodWorker.call(TestMethodWithDataProviderMethodWorker.java:71)
	at org.testng.internal.TestMethodWithDataProviderMethodWorker.call(TestMethodWithDataProviderMethodWorker.java:14)
	at java.util.concurrent.FutureTask.run(Unknown Source)
	at java.util.concurrent.Executors$RunnableAdapter.call(Unknown Source)
	at java.util.concurrent.FutureTask.run(Unknown Source)
	at java.util.concurrent.ThreadPoolExecutor.runWorker(Unknown Source)
	at java.util.concurrent.ThreadPoolExecutor$Worker.run(Unknown Source)
	at java.lang.Thread.run(Unknown Source)
</pre></div><a href='#' onClick='toggleBox("stack-trace1155126884", this, "Click to show all stack frames", "Click to hide stack frames")'>Click to show all stack frames</a>
<div class='stack-trace' id='stack-trace1155126884'><pre>java.lang.AssertionError: Not able to login
	at org.junit.Assert.fail(Assert.java:88)
	at USRC_Application.USRC_TestData_Update.CheckLogin(USRC_TestData_Update.java:131)
	at sun.reflect.GeneratedMethodAccessor2.invoke(Unknown Source)
	at sun.reflect.DelegatingMethodAccessorImpl.invoke(Unknown Source)
	at java.lang.reflect.Method.invoke(Unknown Source)
	at org.testng.internal.MethodInvocationHelper.invokeMethod(MethodInvocationHelper.java:124)
	at org.testng.internal.Invoker.invokeMethod(Invoker.java:580)
	at org.testng.internal.Invoker.invokeTestMethod(Invoker.java:716)
	at org.testng.internal.TestMethodWithDataProviderMethodWorker.call(TestMethodWithDataProviderMethodWorker.java:71)
	at org.testng.internal.TestMethodWithDataProviderMethodWorker.call(TestMethodWithDataProviderMethodWorker.java:14)
	at java.util.concurrent.FutureTask.run(Unknown Source)
	at java.util.concurrent.Executors$RunnableAdapter.call(Unknown Source)
	at java.util.concurrent.FutureTask.run(Unknown Source)
	at java.util.concurrent.ThreadPoolExecutor.runWorker(Unknown Source)
	at java.util.concurrent.ThreadPoolExecutor$Worker.run(Unknown Source)
	at java.lang.Thread.run(Unknown Source)
</pre></div></td>
<td>0</td>
<td>USRC_Application.USRC_TestData_Update@6e2c9341</td></tr>
</table><p>
<table width='100%' border='1' class='invocation-passed'>
<tr><td colspan='4' align='center'><b>PASSED TESTS</b></td></tr>
<tr><td><b>Test method</b></td>
<td width="30%"><b>Exception</b></td>
<td width="10%"><b>Time (seconds)</b></td>
<td><b>Instance</b></td>
</tr>
<tr>
<td title='USRC_Application.USRC_TestData_Update.CheckLogin()'><b>CheckLogin</b><br>Test class: USRC_Application.USRC_TestData_Update<br>Parameters: 3, mnbvcxdsrtyuikmnbbvcxsertyujnbvcdrtyhbvcdertyhbvfdrtyujnbvfrbasd@mnbvcxdsrtyuikmnbbvcxsertyujnbvcdrtyhbvcdertyhbvfdrtyujnbvfrbbsddwcosaaaaaaaadsdsdsdsddsdsdaasssqqqqqwddddcaaaassssssmfedex.ssssddsdasdadddasddddddddssssssssssssssssssdsdsdddddddddaaaaaccaaaa, </td>
<td></td>
<td>9</td>
<td>USRC_Application.USRC_TestData_Update@6e2c9341</td></tr>
<tr>
<td title='USRC_Application.USRC_TestData_Update.CheckLogin()'><b>CheckLogin</b><br>Test class: USRC_Application.USRC_TestData_Update<br>Parameters: 3, help@user.com, </td>
<td></td>
<td>10</td>
<td>USRC_Application.USRC_TestData_Update@6e2c9341</td></tr>
<tr>
<td title='USRC_Application.USRC_TestData_Update.CheckLogin()'><b>CheckLogin</b><br>Test class: USRC_Application.USRC_TestData_Update<br>Parameters: 3, testjaguar1@yahoo.com, </td>
<td></td>
<td>11</td>
<td>USRC_Application.USRC_TestData_Update@6e2c9341</td></tr>
<tr>
<td title='USRC_Application.USRC_TestData_Update.CheckLogin()'><b>CheckLogin</b><br>Test class: USRC_Application.USRC_TestData_Update<br>Parameters: 3, mounica45@yahoo.com, </td>
<td></td>
<td>11</td>
<td>USRC_Application.USRC_TestData_Update@6e2c9341</td></tr>
<tr>
<td title='USRC_Application.USRC_TestData_Update.CheckLogin()'><b>CheckLogin</b><br>Test class: USRC_Application.USRC_TestData_Update<br>Parameters: 3, testjaguar@yahoo.com, </td>
<td></td>
<td>14</td>
<td>USRC_Application.USRC_TestData_Update@6e2c9341</td></tr>
<tr>
<td title='USRC_Application.USRC_TestData_Update.CheckLogin()'><b>CheckLogin</b><br>Test class: USRC_Application.USRC_TestData_Update<br>Parameters: 3, subhat01@gamil.com, </td>
<td></td>
<td>14</td>
<td>USRC_Application.USRC_TestData_Update@6e2c9341</td></tr>
<tr>
<td title='USRC_Application.USRC_TestData_Update.CheckLogin()'><b>CheckLogin</b><br>Test class: USRC_Application.USRC_TestData_Update<br>Parameters: 3, mounica223@yahoo.com, </td>
<td></td>
<td>15</td>
<td>USRC_Application.USRC_TestData_Update@6e2c9341</td></tr>
<tr>
<td title='USRC_Application.USRC_TestData_Update.CheckLogin()'><b>CheckLogin</b><br>Test class: USRC_Application.USRC_TestData_Update<br>Parameters: 3, vidhya_ashok@syntelinc.com, </td>
<td></td>
<td>21</td>
<td>USRC_Application.USRC_TestData_Update@6e2c9341</td></tr>
<tr>
<td title='USRC_Application.USRC_TestData_Update.CheckLogin()'><b>CheckLogin</b><br>Test class: USRC_Application.USRC_TestData_Update<br>Parameters: 3, fedexa_usera@fedex.com, </td>
<td></td>
<td>21</td>
<td>USRC_Application.USRC_TestData_Update@6e2c9341</td></tr>
<tr>
<td title='USRC_Application.USRC_TestData_Update.CheckLogin()'><b>CheckLogin</b><br>Test class: USRC_Application.USRC_TestData_Update<br>Parameters: 3, sean.kauffman.osv@fedex.com, </td>
<td></td>
<td>20</td>
<td>USRC_Application.USRC_TestData_Update@6e2c9341</td></tr>
<tr>
<td title='USRC_Application.USRC_TestData_Update.CheckLogin()'><b>CheckLogin</b><br>Test class: USRC_Application.USRC_TestData_Update<br>Parameters: 3, cutest101@gami.com, </td>
<td></td>
<td>21</td>
<td>USRC_Application.USRC_TestData_Update@6e2c9341</td></tr>
<tr>
<td title='USRC_Application.USRC_TestData_Update.CheckLogin()'><b>CheckLogin</b><br>Test class: USRC_Application.USRC_TestData_Update<br>Parameters: 3, mj@gmail.com, </td>
<td></td>
<td>25</td>
<td>USRC_Application.USRC_TestData_Update@6e2c9341</td></tr>
<tr>
<td title='USRC_Application.USRC_TestData_Update.CheckLogin()'><b>CheckLogin</b><br>Test class: USRC_Application.USRC_TestData_Update<br>Parameters: 3, mj1234@gmail.com, </td>
<td></td>
<td>12</td>
<td>USRC_Application.USRC_TestData_Update@6e2c9341</td></tr>
<tr>
<td title='USRC_Application.USRC_TestData_Update.CheckLogin()'><b>CheckLogin</b><br>Test class: USRC_Application.USRC_TestData_Update<br>Parameters: 3, accept@tencharacttencharacttencharacttencharacttencharacttencharacttencharacttencharacttencharacttencharacttencharacttencharacttencharacttencharacttencharacttencharacttencharacttencharact1234567.com, </td>
<td></td>
<td>23</td>
<td>USRC_Application.USRC_TestData_Update@6e2c9341</td></tr>
<tr>
<td title='USRC_Application.USRC_TestData_Update.CheckLogin()'><b>CheckLogin</b><br>Test class: USRC_Application.USRC_TestData_Update<br>Parameters: 3, widm_dotcom@syntelinc.com, </td>
<td></td>
<td>27</td>
<td>USRC_Application.USRC_TestData_Update@6e2c9341</td></tr>
<tr>
<td title='USRC_Application.USRC_TestData_Update.CheckLogin()'><b>CheckLogin</b><br>Test class: USRC_Application.USRC_TestData_Update<br>Parameters: 3, test7@fedex.com, </td>
<td></td>
<td>12</td>
<td>USRC_Application.USRC_TestData_Update@6e2c9341</td></tr>
<tr>
<td title='USRC_Application.USRC_TestData_Update.CheckLogin()'><b>CheckLogin</b><br>Test class: USRC_Application.USRC_TestData_Update<br>Parameters: 3, abcd@syntelinc.com, </td>
<td></td>
<td>7</td>
<td>USRC_Application.USRC_TestData_Update@6e2c9341</td></tr>
<tr>
<td title='USRC_Application.USRC_TestData_Update.CheckLogin()'><b>CheckLogin</b><br>Test class: USRC_Application.USRC_TestData_Update<br>Parameters: 3, tencharacttencharacttencharacttencharacttencharacttencharact1234@tencharacttencharacttencharacttencharacttencharacttencharacttencharacttencharacttencharacttencharacttencharacttencharacttencharacttenahrracttencharacttencharacttencharacttencharact1234567.com, </td>
<td></td>
<td>18</td>
<td>USRC_Application.USRC_TestData_Update@6e2c9341</td></tr>
<tr>
<td title='USRC_Application.USRC_TestData_Update.CheckLogin()'><b>CheckLogin</b><br>Test class: USRC_Application.USRC_TestData_Update<br>Parameters: 3, help9@user.com, </td>
<td></td>
<td>7</td>
<td>USRC_Application.USRC_TestData_Update@6e2c9341</td></tr>
<tr>
<td title='USRC_Application.USRC_TestData_Update.CheckLogin()'><b>CheckLogin</b><br>Test class: USRC_Application.USRC_TestData_Update<br>Parameters: 3, abcd@gmail.com, </td>
<td></td>
<td>14</td>
<td>USRC_Application.USRC_TestData_Update@6e2c9341</td></tr>
<tr>
<td title='USRC_Application.USRC_TestData_Update.CheckLogin()'><b>CheckLogin</b><br>Test class: USRC_Application.USRC_TestData_Update<br>Parameters: 3, abcd123@gmail.com, </td>
<td></td>
<td>14</td>
<td>USRC_Application.USRC_TestData_Update@6e2c9341</td></tr>
<tr>
<td title='USRC_Application.USRC_TestData_Update.CheckLogin()'><b>CheckLogin</b><br>Test class: USRC_Application.USRC_TestData_Update<br>Parameters: 3, hemant.barmecha.osv@fedex.com, </td>
<td></td>
<td>14</td>
<td>USRC_Application.USRC_TestData_Update@6e2c9341</td></tr>
<tr>
<td title='USRC_Application.USRC_TestData_Update.CheckLogin()'><b>CheckLogin</b><br>Test class: USRC_Application.USRC_TestData_Update<br>Parameters: 3, sriparna_r@syntelinc.com, </td>
<td></td>
<td>21</td>
<td>USRC_Application.USRC_TestData_Update@6e2c9341</td></tr>
<tr>
<td title='USRC_Application.USRC_TestData_Update.CheckLogin()'><b>CheckLogin</b><br>Test class: USRC_Application.USRC_TestData_Update<br>Parameters: 3, aaaaabbbbbcccccdddddeeeeefffffggggghhhhhiiiiijjjjjkkkkklllllmmmm@aaaaaaabbbbbbbcccccccdddddddeeeeeeefffffffggggggghhhhhhhiiiiiiijjjjjjjkkkkkkklllllllmmmmmmnnnnnnnooooooopppppppqqqqqqqqrrrrrrrrssssssssttttttttuuuuuuuuvvvvvvvvwwwwwwwxxxxxxxyyyyyyyzzzzzzz.com, </td>
<td></td>
<td>20</td>
<td>USRC_Application.USRC_TestData_Update@6e2c9341</td></tr>
<tr>
<td title='USRC_Application.USRC_TestData_Update.CheckLogin()'><b>CheckLogin</b><br>Test class: USRC_Application.USRC_TestData_Update<br>Parameters: 3, tencharacttencharacttencharacttencharacttencharacttencharact1234@tencharacttencharacttencharacttencharacttencharacttencharacttencharacttencharacttencharacttencharacttencharacttencharacttencharacttencharacttencharacttencharacttencharacttenc1234567.com, </td>
<td></td>
<td>14</td>
<td>USRC_Application.USRC_TestData_Update@6e2c9341</td></tr>
<tr>
<td title='USRC_Application.USRC_TestData_Update.CheckLogin()'><b>CheckLogin</b><br>Test class: USRC_Application.USRC_TestData_Update<br>Parameters: 3, tencharacttencharacttencharacttencharacttencharacttencharact1234@tencharacttencharacttencharacttencharacttencharacttencharacttencharacttencharacttencharacttencharacttencharacttencharacttencharacttencharacttencharacttencharacttencharacttencharact1234567.com, </td>
<td></td>
<td>13</td>
<td>USRC_Application.USRC_TestData_Update@6e2c9341</td></tr>
<tr>
<td title='USRC_Application.USRC_TestData_Update.CheckLogin()'><b>CheckLogin</b><br>Test class: USRC_Application.USRC_TestData_Update<br>Parameters: 3, validate@login.com, </td>
<td></td>
<td>19</td>
<td>USRC_Application.USRC_TestData_Update@6e2c9341</td></tr>
<tr>
<td title='USRC_Application.USRC_TestData_Update.CheckLogin()'><b>CheckLogin</b><br>Test class: USRC_Application.USRC_TestData_Update<br>Parameters: 3, suraj17221@syntelinc.com, </td>
<td></td>
<td>7</td>
<td>USRC_Application.USRC_TestData_Update@6e2c9341</td></tr>
<tr>
<td title='USRC_Application.USRC_TestData_Update.CheckLogin()'><b>CheckLogin</b><br>Test class: USRC_Application.USRC_TestData_Update<br>Parameters: 3, test1@test1.com, </td>
<td></td>
<td>14</td>
<td>USRC_Application.USRC_TestData_Update@6e2c9341</td></tr>
<tr>
<td title='USRC_Application.USRC_TestData_Update.CheckLogin()'><b>CheckLogin</b><br>Test class: USRC_Application.USRC_TestData_Update<br>Parameters: 3, test1@fedex.com, </td>
<td></td>
<td>25</td>
<td>USRC_Application.USRC_TestData_Update@6e2c9341</td></tr>
<tr>
<td title='USRC_Application.USRC_TestData_Update.CheckLogin()'><b>CheckLogin</b><br>Test class: USRC_Application.USRC_TestData_Update<br>Parameters: 3, 1./?^-+={}()@two.com, </td>
<td></td>
<td>11</td>
<td>USRC_Application.USRC_TestData_Update@6e2c9341</td></tr>
<tr>
<td title='USRC_Application.USRC_TestData_Update.CheckLogin()'><b>CheckLogin</b><br>Test class: USRC_Application.USRC_TestData_Update<br>Parameters: 3, one-+={}()@two.com, </td>
<td></td>
<td>16</td>
<td>USRC_Application.USRC_TestData_Update@6e2c9341</td></tr>
<tr>
<td title='USRC_Application.USRC_TestData_Update.CheckLogin()'><b>CheckLogin</b><br>Test class: USRC_Application.USRC_TestData_Update<br>Parameters: 3, suraj17909@syntelinc.com, </td>
<td></td>
<td>14</td>
<td>USRC_Application.USRC_TestData_Update@6e2c9341</td></tr>
<tr>
<td title='USRC_Application.USRC_TestData_Update.CheckLogin()'><b>CheckLogin</b><br>Test class: USRC_Application.USRC_TestData_Update<br>Parameters: 3, suraj15928@syntelinc.com, </td>
<td></td>
<td>16</td>
<td>USRC_Application.USRC_TestData_Update@6e2c9341</td></tr>
<tr>
<td title='USRC_Application.USRC_TestData_Update.CheckLogin()'><b>CheckLogin</b><br>Test class: USRC_Application.USRC_TestData_Update<br>Parameters: 3, suraj19854@syntelinc.com, </td>
<td></td>
<td>23</td>
<td>USRC_Application.USRC_TestData_Update@6e2c9341</td></tr>
<tr>
<td title='USRC_Application.USRC_TestData_Update.CheckLogin()'><b>CheckLogin</b><br>Test class: USRC_Application.USRC_TestData_Update<br>Parameters: 3, suraj11708@syntelinc.com, </td>
<td></td>
<td>17</td>
<td>USRC_Application.USRC_TestData_Update@6e2c9341</td></tr>
<tr>
<td title='USRC_Application.USRC_TestData_Update.CheckLogin()'><b>CheckLogin</b><br>Test class: USRC_Application.USRC_TestData_Update<br>Parameters: 3, suraj16692@syntelinc.com, </td>
<td></td>
<td>28</td>
<td>USRC_Application.USRC_TestData_Update@6e2c9341</td></tr>
<tr>
<td title='USRC_Application.USRC_TestData_Update.CheckLogin()'><b>CheckLogin</b><br>Test class: USRC_Application.USRC_TestData_Update<br>Parameters: 3, suraj_soni1@syntelinc.com, </td>
<td></td>
<td>16</td>
<td>USRC_Application.USRC_TestData_Update@6e2c9341</td></tr>
<tr>
<td title='USRC_Application.USRC_TestData_Update.CheckLogin()'><b>CheckLogin</b><br>Test class: USRC_Application.USRC_TestData_Update<br>Parameters: 3, suraj17090@syntelinc.com, </td>
<td></td>
<td>19</td>
<td>USRC_Application.USRC_TestData_Update@6e2c9341</td></tr>
<tr>
<td title='USRC_Application.USRC_TestData_Update.CheckLogin()'><b>CheckLogin</b><br>Test class: USRC_Application.USRC_TestData_Update<br>Parameters: 3, suraj_soni@syntelinc.com, </td>
<td></td>
<td>23</td>
<td>USRC_Application.USRC_TestData_Update@6e2c9341</td></tr>
<tr>
<td title='USRC_Application.USRC_TestData_Update.CheckLogin()'><b>CheckLogin</b><br>Test class: USRC_Application.USRC_TestData_Update<br>Parameters: 3, emailbounceback@fedex.com, </td>
<td></td>
<td>20</td>
<td>USRC_Application.USRC_TestData_Update@6e2c9341</td></tr>
<tr>
<td title='USRC_Application.USRC_TestData_Update.CheckLogin()'><b>CheckLogin</b><br>Test class: USRC_Application.USRC_TestData_Update<br>Parameters: 3, test9@fedex.com, </td>
<td></td>
<td>16</td>
<td>USRC_Application.USRC_TestData_Update@6e2c9341</td></tr>
<tr>
<td title='USRC_Application.USRC_TestData_Update.CheckLogin()'><b>CheckLogin</b><br>Test class: USRC_Application.USRC_TestData_Update<br>Parameters: 3, testinthe1345@fedex.com, </td>
<td></td>
<td>9</td>
<td>USRC_Application.USRC_TestData_Update@6e2c9341</td></tr>
<tr>
<td title='USRC_Application.USRC_TestData_Update.CheckLogin()'><b>CheckLogin</b><br>Test class: USRC_Application.USRC_TestData_Update<br>Parameters: 3, uu@yy.com, </td>
<td></td>
<td>17</td>
<td>USRC_Application.USRC_TestData_Update@6e2c9341</td></tr>
<tr>
<td title='USRC_Application.USRC_TestData_Update.CheckLogin()'><b>CheckLogin</b><br>Test class: USRC_Application.USRC_TestData_Update<br>Parameters: 3, supraja@fedex.com, </td>
<td></td>
<td>20</td>
<td>USRC_Application.USRC_TestData_Update@6e2c9341</td></tr>
<tr>
<td title='USRC_Application.USRC_TestData_Update.CheckLogin()'><b>CheckLogin</b><br>Test class: USRC_Application.USRC_TestData_Update<br>Parameters: 3, acceptetailer@fedex.com, </td>
<td></td>
<td>29</td>
<td>USRC_Application.USRC_TestData_Update@6e2c9341</td></tr>
<tr>
<td title='USRC_Application.USRC_TestData_Update.CheckLogin()'><b>CheckLogin</b><br>Test class: USRC_Application.USRC_TestData_Update<br>Parameters: 3, ff@ff.com, </td>
<td></td>
<td>30</td>
<td>USRC_Application.USRC_TestData_Update@6e2c9341</td></tr>
<tr>
<td title='USRC_Application.USRC_TestData_Update.CheckLogin()'><b>CheckLogin</b><br>Test class: USRC_Application.USRC_TestData_Update<br>Parameters: 3, suraj11968@syntelinc.com, </td>
<td></td>
<td>14</td>
<td>USRC_Application.USRC_TestData_Update@6e2c9341</td></tr>
<tr>
<td title='USRC_Application.USRC_TestData_Update.CheckLogin()'><b>CheckLogin</b><br>Test class: USRC_Application.USRC_TestData_Update<br>Parameters: 3, john@yahoo.com, </td>
<td></td>
<td>26</td>
<td>USRC_Application.USRC_TestData_Update@6e2c9341</td></tr>
<tr>
<td title='USRC_Application.USRC_TestData_Update.CheckLogin()'><b>CheckLogin</b><br>Test class: USRC_Application.USRC_TestData_Update<br>Parameters: 3, infosec@one.com, </td>
<td></td>
<td>28</td>
<td>USRC_Application.USRC_TestData_Update@6e2c9341</td></tr>
<tr>
<td title='USRC_Application.USRC_TestData_Update.CheckLogin()'><b>CheckLogin</b><br>Test class: USRC_Application.USRC_TestData_Update<br>Parameters: 3, mounica2206@yahoo.com, </td>
<td></td>
<td>13</td>
<td>USRC_Application.USRC_TestData_Update@6e2c9341</td></tr>
<tr>
<td title='USRC_Application.USRC_TestData_Update.CheckLogin()'><b>CheckLogin</b><br>Test class: USRC_Application.USRC_TestData_Update<br>Parameters: 3, dsafsd@fd.com, </td>
<td></td>
<td>23</td>
<td>USRC_Application.USRC_TestData_Update@6e2c9341</td></tr>
<tr>
<td title='USRC_Application.USRC_TestData_Update.CheckLogin()'><b>CheckLogin</b><br>Test class: USRC_Application.USRC_TestData_Update<br>Parameters: 3, suraj14340@syntelinc.com, </td>
<td></td>
<td>23</td>
<td>USRC_Application.USRC_TestData_Update@6e2c9341</td></tr>
<tr>
<td title='USRC_Application.USRC_TestData_Update.CheckLogin()'><b>CheckLogin</b><br>Test class: USRC_Application.USRC_TestData_Update<br>Parameters: 3, test10@fedex.com, </td>
<td></td>
<td>20</td>
<td>USRC_Application.USRC_TestData_Update@6e2c9341</td></tr>
<tr>
<td title='USRC_Application.USRC_TestData_Update.CheckLogin()'><b>CheckLogin</b><br>Test class: USRC_Application.USRC_TestData_Update<br>Parameters: 3, jaguarnew@yahoo.com, </td>
<td></td>
<td>19</td>
<td>USRC_Application.USRC_TestData_Update@6e2c9341</td></tr>
<tr>
<td title='USRC_Application.USRC_TestData_Update.CheckLogin()'><b>CheckLogin</b><br>Test class: USRC_Application.USRC_TestData_Update<br>Parameters: 3, tencharacttencharacttencharacttencharacttencharacttencharact1234@accept.com, </td>
<td></td>
<td>13</td>
<td>USRC_Application.USRC_TestData_Update@6e2c9341</td></tr>
<tr>
<td title='USRC_Application.USRC_TestData_Update.CheckLogin()'><b>CheckLogin</b><br>Test class: USRC_Application.USRC_TestData_Update<br>Parameters: 3, suraj16898@syntelinc.com, </td>
<td></td>
<td>16</td>
<td>USRC_Application.USRC_TestData_Update@6e2c9341</td></tr>
<tr>
<td title='USRC_Application.USRC_TestData_Update.CheckLogin()'><b>CheckLogin</b><br>Test class: USRC_Application.USRC_TestData_Update<br>Parameters: 3, a@b.edu, </td>
<td></td>
<td>14</td>
<td>USRC_Application.USRC_TestData_Update@6e2c9341</td></tr>
<tr>
<td title='USRC_Application.USRC_TestData_Update.CheckLogin()'><b>CheckLogin</b><br>Test class: USRC_Application.USRC_TestData_Update<br>Parameters: 3, saniya_bhaldar@syntelinc.com, </td>
<td></td>
<td>24</td>
<td>USRC_Application.USRC_TestData_Update@6e2c9341</td></tr>
<tr>
<td title='USRC_Application.USRC_TestData_Update.CheckLogin()'><b>CheckLogin</b><br>Test class: USRC_Application.USRC_TestData_Update<br>Parameters: 3, test12@fedex.com, </td>
<td></td>
<td>14</td>
<td>USRC_Application.USRC_TestData_Update@6e2c9341</td></tr>
<tr>
<td title='USRC_Application.USRC_TestData_Update.CheckLogin()'><b>CheckLogin</b><br>Test class: USRC_Application.USRC_TestData_Update<br>Parameters: 3, suraj15507@syntelinc.com, </td>
<td></td>
<td>14</td>
<td>USRC_Application.USRC_TestData_Update@6e2c9341</td></tr>
<tr>
<td title='USRC_Application.USRC_TestData_Update.CheckLogin()'><b>CheckLogin</b><br>Test class: USRC_Application.USRC_TestData_Update<br>Parameters: 3, testvijay@gmail.com, </td>
<td></td>
<td>14</td>
<td>USRC_Application.USRC_TestData_Update@6e2c9341</td></tr>
<tr>
<td title='USRC_Application.USRC_TestData_Update.CheckLogin()'><b>CheckLogin</b><br>Test class: USRC_Application.USRC_TestData_Update<br>Parameters: 3, test8@fedex.com, </td>
<td></td>
<td>13</td>
<td>USRC_Application.USRC_TestData_Update@6e2c9341</td></tr>
<tr>
<td title='USRC_Application.USRC_TestData_Update.CheckLogin()'><b>CheckLogin</b><br>Test class: USRC_Application.USRC_TestData_Update<br>Parameters: 3, vijay.etailor@gmail.com, </td>
<td></td>
<td>17</td>
<td>USRC_Application.USRC_TestData_Update@6e2c9341</td></tr>
<tr>
<td title='USRC_Application.USRC_TestData_Update.CheckLogin()'><b>CheckLogin</b><br>Test class: USRC_Application.USRC_TestData_Update<br>Parameters: 3, dsfsd@fd.com, </td>
<td></td>
<td>17</td>
<td>USRC_Application.USRC_TestData_Update@6e2c9341</td></tr>
<tr>
<td title='USRC_Application.USRC_TestData_Update.CheckLogin()'><b>CheckLogin</b><br>Test class: USRC_Application.USRC_TestData_Update<br>Parameters: 3, oooo@ooo.com, </td>
<td></td>
<td>8</td>
<td>USRC_Application.USRC_TestData_Update@6e2c9341</td></tr>
<tr>
<td title='USRC_Application.USRC_TestData_Update.CheckLogin()'><b>CheckLogin</b><br>Test class: USRC_Application.USRC_TestData_Update<br>Parameters: 3, test2@fedex.com, </td>
<td></td>
<td>11</td>
<td>USRC_Application.USRC_TestData_Update@6e2c9341</td></tr>
<tr>
<td title='USRC_Application.USRC_TestData_Update.CheckLogin()'><b>CheckLogin</b><br>Test class: USRC_Application.USRC_TestData_Update<br>Parameters: 3, test4@fedex.com, </td>
<td></td>
<td>12</td>
<td>USRC_Application.USRC_TestData_Update@6e2c9341</td></tr>
<tr>
<td title='USRC_Application.USRC_TestData_Update.CheckLogin()'><b>CheckLogin</b><br>Test class: USRC_Application.USRC_TestData_Update<br>Parameters: 3, minal.mathur.osv@fedex.com, </td>
<td></td>
<td>22</td>
<td>USRC_Application.USRC_TestData_Update@6e2c9341</td></tr>
<tr>
<td title='USRC_Application.USRC_TestData_Update.CheckLogin()'><b>CheckLogin</b><br>Test class: USRC_Application.USRC_TestData_Update<br>Parameters: 3, tencharacttencharacttencharacttencharacttencharacttencharact1234@tencharacttencharacttencharacttencharacttencharacttencharacttencharacttencharacttencharacttencharacttencharacttenchar1234567.com, </td>
<td></td>
<td>9</td>
<td>USRC_Application.USRC_TestData_Update@6e2c9341</td></tr>
<tr>
<td title='USRC_Application.USRC_TestData_Update.CheckLogin()'><b>CheckLogin</b><br>Test class: USRC_Application.USRC_TestData_Update<br>Parameters: 3, test5@fedex.com, </td>
<td></td>
<td>17</td>
<td>USRC_Application.USRC_TestData_Update@6e2c9341</td></tr>
<tr>
<td title='USRC_Application.USRC_TestData_Update.CheckLogin()'><b>CheckLogin</b><br>Test class: USRC_Application.USRC_TestData_Update<br>Parameters: 3, tencharacttencharacttencharacttencharacttencharacttencharact1234@tencharacttencharacttencharacttencharacttencharacttencharacttencharacttencharacttencharacttencharacttencharacttencharacttencharacttencharacttencharacttencharacttencharacttenc1234567456456.com, </td>
<td></td>
<td>14</td>
<td>USRC_Application.USRC_TestData_Update@6e2c9341</td></tr>
<tr>
<td title='USRC_Application.USRC_TestData_Update.CheckLogin()'><b>CheckLogin</b><br>Test class: USRC_Application.USRC_TestData_Update<br>Parameters: 3, ghkghjljh@hdjgj.com, </td>
<td></td>
<td>20</td>
<td>USRC_Application.USRC_TestData_Update@6e2c9341</td></tr>
<tr>
<td title='USRC_Application.USRC_TestData_Update.CheckLogin()'><b>CheckLogin</b><br>Test class: USRC_Application.USRC_TestData_Update<br>Parameters: 3, jaguar01@yahoo.com, </td>
<td></td>
<td>22</td>
<td>USRC_Application.USRC_TestData_Update@6e2c9341</td></tr>
<tr>
<td title='USRC_Application.USRC_TestData_Update.CheckLogin()'><b>CheckLogin</b><br>Test class: USRC_Application.USRC_TestData_Update<br>Parameters: 3, suraj.soni@syntelinc.com, </td>
<td></td>
<td>22</td>
<td>USRC_Application.USRC_TestData_Update@6e2c9341</td></tr>
<tr>
<td title='USRC_Application.USRC_TestData_Update.CheckLogin()'><b>CheckLogin</b><br>Test class: USRC_Application.USRC_TestData_Update<br>Parameters: 3, one@two.com, </td>
<td></td>
<td>17</td>
<td>USRC_Application.USRC_TestData_Update@6e2c9341</td></tr>
<tr>
<td title='USRC_Application.USRC_TestData_Update.CheckLogin()'><b>CheckLogin</b><br>Test class: USRC_Application.USRC_TestData_Update<br>Parameters: 3, tencharacttencharacttencharacttencharacttencharacttencharact1234@tencharacttencharacttencharacttencharacttencharacttencharacttencharacttencharacttencharacttencharacttencharacttencharacttencharacttencharacttencharacttencharacttencharacttencharact123456.com, </td>
<td></td>
<td>18</td>
<td>USRC_Application.USRC_TestData_Update@6e2c9341</td></tr>
<tr>
<td title='USRC_Application.USRC_TestData_Update.CheckLogin()'><b>CheckLogin</b><br>Test class: USRC_Application.USRC_TestData_Update<br>Parameters: 3, tencharacttencharacttencharacttencharacttencharacttencharact1234@tencharacttencharacttencharacttencharacttencharacttencharacttencharacttencharacttencharacttencharacttencharacttencharacttencharacttencharacttencharacttencharacttencharacttencharact12345.com, </td>
<td></td>
<td>18</td>
<td>USRC_Application.USRC_TestData_Update@6e2c9341</td></tr>
<tr>
<td title='USRC_Application.USRC_TestData_Update.CheckLogin()'><b>CheckLogin</b><br>Test class: USRC_Application.USRC_TestData_Update<br>Parameters: 3, suraj17529@syntelinc.com, </td>
<td></td>
<td>19</td>
<td>USRC_Application.USRC_TestData_Update@6e2c9341</td></tr>
<tr>
<td title='USRC_Application.USRC_TestData_Update.CheckLogin()'><b>CheckLogin</b><br>Test class: USRC_Application.USRC_TestData_Update<br>Parameters: 3, tencharacttencharacttencharacttencharacttencharacttencharact1234@tencharacttencharacttencharacttencharacttencharacttencharacttencharacttencharacttencharacttencharacttencharacttencharacttencharacttencharacttencharacttencharacttencharacttenc123456745645.com, </td>
<td></td>
<td>24</td>
<td>USRC_Application.USRC_TestData_Update@6e2c9341</td></tr>
<tr>
<td title='USRC_Application.USRC_TestData_Update.CheckLogin()'><b>CheckLogin</b><br>Test class: USRC_Application.USRC_TestData_Update<br>Parameters: 3, suraj12312@syntelinc.com, </td>
<td></td>
<td>15</td>
<td>USRC_Application.USRC_TestData_Update@6e2c9341</td></tr>
<tr>
<td title='USRC_Application.USRC_TestData_Update.CheckLogin()'><b>CheckLogin</b><br>Test class: USRC_Application.USRC_TestData_Update<br>Parameters: 3, suraj14381@syntelinc.com, </td>
<td></td>
<td>20</td>
<td>USRC_Application.USRC_TestData_Update@6e2c9341</td></tr>
<tr>
<td title='USRC_Application.USRC_TestData_Update.CheckLogin()'><b>CheckLogin</b><br>Test class: USRC_Application.USRC_TestData_Update<br>Parameters: 3, suraj1410@syntelinc.com, </td>
<td></td>
<td>19</td>
<td>USRC_Application.USRC_TestData_Update@6e2c9341</td></tr>
<tr>
<td title='USRC_Application.USRC_TestData_Update.CheckLogin()'><b>CheckLogin</b><br>Test class: USRC_Application.USRC_TestData_Update<br>Parameters: 3, surajsoijn@syntelinc.com, </td>
<td></td>
<td>21</td>
<td>USRC_Application.USRC_TestData_Update@6e2c9341</td></tr>
<tr>
<td title='USRC_Application.USRC_TestData_Update.CheckLogin()'><b>CheckLogin</b><br>Test class: USRC_Application.USRC_TestData_Update<br>Parameters: 3, make007@fedax.com, </td>
<td></td>
<td>10</td>
<td>USRC_Application.USRC_TestData_Update@6e2c9341</td></tr>
<tr>
<td title='USRC_Application.USRC_TestData_Update.CheckLogin()'><b>CheckLogin</b><br>Test class: USRC_Application.USRC_TestData_Update<br>Parameters: 3, suraj15332@syntelinc.com, </td>
<td></td>
<td>25</td>
<td>USRC_Application.USRC_TestData_Update@6e2c9341</td></tr>
<tr>
<td title='USRC_Application.USRC_TestData_Update.CheckLogin()'><b>CheckLogin</b><br>Test class: USRC_Application.USRC_TestData_Update<br>Parameters: 3, tencharacttencharacttencharacttencharacttencharacttencharact1235@tencharacttencharacttencharacttencharacttencharacttencharacttencharacttencharacttencharacttencharacttencharacttencharacttencharacttencharacttencharacttencharacttencharacttencharact1234567.com, </td>
<td></td>
<td>17</td>
<td>USRC_Application.USRC_TestData_Update@6e2c9341</td></tr>
<tr>
<td title='USRC_Application.USRC_TestData_Update.CheckLogin()'><b>CheckLogin</b><br>Test class: USRC_Application.USRC_TestData_Update<br>Parameters: 3, surajsoijewn@syntelinc.com, </td>
<td></td>
<td>23</td>
<td>USRC_Application.USRC_TestData_Update@6e2c9341</td></tr>
<tr>
<td title='USRC_Application.USRC_TestData_Update.CheckLogin()'><b>CheckLogin</b><br>Test class: USRC_Application.USRC_TestData_Update<br>Parameters: 3, yyyy@uuu.com, </td>
<td></td>
<td>15</td>
<td>USRC_Application.USRC_TestData_Update@6e2c9341</td></tr>
<tr>
<td title='USRC_Application.USRC_TestData_Update.CheckLogin()'><b>CheckLogin</b><br>Test class: USRC_Application.USRC_TestData_Update<br>Parameters: 3, testinthe134@fedex.com, </td>
<td></td>
<td>22</td>
<td>USRC_Application.USRC_TestData_Update@6e2c9341</td></tr>
<tr>
<td title='USRC_Application.USRC_TestData_Update.CheckLogin()'><b>CheckLogin</b><br>Test class: USRC_Application.USRC_TestData_Update<br>Parameters: 3, suprajapallapolu@fedex.com, </td>
<td></td>
<td>22</td>
<td>USRC_Application.USRC_TestData_Update@6e2c9341</td></tr>
<tr>
<td title='USRC_Application.USRC_TestData_Update.CheckLogin()'><b>CheckLogin</b><br>Test class: USRC_Application.USRC_TestData_Update<br>Parameters: 3, test@fedex.com, </td>
<td></td>
<td>15</td>
<td>USRC_Application.USRC_TestData_Update@6e2c9341</td></tr>
<tr>
<td title='USRC_Application.USRC_TestData_Update.CheckLogin()'><b>CheckLogin</b><br>Test class: USRC_Application.USRC_TestData_Update<br>Parameters: 3, 5555@666.com, </td>
<td></td>
<td>22</td>
<td>USRC_Application.USRC_TestData_Update@6e2c9341</td></tr>
<tr>
<td title='USRC_Application.USRC_TestData_Update.CheckLogin()'><b>CheckLogin</b><br>Test class: USRC_Application.USRC_TestData_Update<br>Parameters: 3, accept@fedex.com, </td>
<td></td>
<td>26</td>
<td>USRC_Application.USRC_TestData_Update@6e2c9341</td></tr>
<tr>
<td title='USRC_Application.USRC_TestData_Update.CheckLogin()'><b>CheckLogin</b><br>Test class: USRC_Application.USRC_TestData_Update<br>Parameters: 3, jerry.gorham@jakesfireworks.com, </td>
<td></td>
<td>20</td>
<td>USRC_Application.USRC_TestData_Update@6e2c9341</td></tr>
<tr>
<td title='USRC_Application.USRC_TestData_Update.CheckLogin()'><b>CheckLogin</b><br>Test class: USRC_Application.USRC_TestData_Update<br>Parameters: 3, testinthecase@fedex.com, </td>
<td></td>
<td>18</td>
<td>USRC_Application.USRC_TestData_Update@6e2c9341</td></tr>
<tr>
<td title='USRC_Application.USRC_TestData_Update.CheckLogin()'><b>CheckLogin</b><br>Test class: USRC_Application.USRC_TestData_Update<br>Parameters: 3, saniya@gmail.com, </td>
<td></td>
<td>13</td>
<td>USRC_Application.USRC_TestData_Update@6e2c9341</td></tr>
<tr>
<td title='USRC_Application.USRC_TestData_Update.CheckLogin()'><b>CheckLogin</b><br>Test class: USRC_Application.USRC_TestData_Update<br>Parameters: 3, suraj@syntelinc.com, </td>
<td></td>
<td>18</td>
<td>USRC_Application.USRC_TestData_Update@6e2c9341</td></tr>
</table><p>
</body>
</html>