<?xml version="1.0" encoding="UTF-8"?>
<!-- Generated by org.testng.reporters.JUnitXMLReporter -->
<testsuite hostname="WTC-5159473-l2" ignored="0" name="WFCL_Test" tests="9" failures="3" timestamp="11 Feb 2019 21:16:56 GMT" time="362.473" errors="0">
  <testcase name="SetEvironmentLevel" time="0.027" classname="SupportClasses.Environment">
    <skipped/>
  </testcase> <!-- SetEvironmentLevel -->
  <testcase name="Forgot_User_Email" time="65.854" classname="Mission_Critical.WFCL_SmokeTest"/>
  <testcase name="AccountRegistration_INET" time="87.837" classname="Mission_Critical.WFCL_SmokeTest">
    <failure type="java.lang.AssertionError" message="Element is still present on page.  By.id: nickName">
      <![CDATA[java.lang.AssertionError: Element is still present on page.  By.id: nickName
at Mission_Critical.WFCL_SmokeTest.AccountRegistration_INET(WFCL_SmokeTest.java:154)
at java.util.concurrent.FutureTask.run(Unknown Source)
at java.util.concurrent.Executors$RunnableAdapter.call(Unknown Source)
at java.util.concurrent.FutureTask.run(Unknown Source)
at java.util.concurrent.ThreadPoolExecutor.runWorker(Unknown Source)
at java.util.concurrent.ThreadPoolExecutor$Worker.run(Unknown Source)
at java.lang.Thread.run(Unknown Source)
... Removed 10 stack frames]]>
    </failure>
  </testcase> <!-- AccountRegistration_INET -->
  <testcase name="AccountRegistration_WDPA" time="104.564" classname="Mission_Critical.WFCL_SmokeTest">
    <failure type="java.lang.AssertionError" message="Element is still present on page.  By.name: newNickName">
      <![CDATA[java.lang.AssertionError: Element is still present on page.  By.name: newNickName
at Mission_Critical.WFCL_SmokeTest.AccountRegistration_WDPA(WFCL_SmokeTest.java:179)
at java.util.concurrent.FutureTask.run(Unknown Source)
at java.util.concurrent.Executors$RunnableAdapter.call(Unknown Source)
at java.util.concurrent.FutureTask.run(Unknown Source)
at java.util.concurrent.ThreadPoolExecutor.runWorker(Unknown Source)
at java.util.concurrent.ThreadPoolExecutor$Worker.run(Unknown Source)
at java.lang.Thread.run(Unknown Source)
... Removed 10 stack frames]]>
    </failure>
  </testcase> <!-- AccountRegistration_WDPA -->
  <testcase name="UserRegistration" time="146.851" classname="Mission_Critical.WFCL_SmokeTest"/>
  <testcase name="Reset_Password_Email" time="217.543" classname="Mission_Critical.WFCL_SmokeTest"/>
  <testcase name="CreditCardRegistrationEnroll" time="223.5" classname="Mission_Critical.WFCL_SmokeTest">
    <failure type="java.lang.AssertionError" message="no such element: Unable to locate element: {&amp;quot;method&amp;quot;:&amp;quot;xpath&amp;quot;,&amp;quot;selector&amp;quot;:&amp;quot;//*[@id=&amp;apos;rightColumn&amp;apos;]/table/tbody/tr/td[1]/div/div[1]/div[2]/table/tbody/tr[1]/td[2]&amp;quot;}
  (Session info: chrome=71.0.3578.98)
  (Driver info: chromedriver=2.43.600210 (68dcf5eebde37173d4027fa8635e332711d2874a),platform=Windows NT 10.0.16299 x86_64) (WARNING: The server did not provide any stacktrace information)
Command duration or timeout: 30.02 seconds
For documentation on this error, please visit: http://seleniumhq.org/exceptions/no_such_element.html
Build info: version: &amp;apos;2.53.0&amp;apos;, revision: &amp;apos;35ae25b1534ae328c771e0856c93e187490ca824&amp;apos;, time: &amp;apos;2016-03-15 10:43:46&amp;apos;
System info: host: &amp;apos;WTC-5159473-l2&amp;apos;, ip: &amp;apos;172.27.142.145&amp;apos;, os.name: &amp;apos;Windows 10&amp;apos;, os.arch: &amp;apos;amd64&amp;apos;, os.version: &amp;apos;10.0&amp;apos;, java.version: &amp;apos;1.8.0_191&amp;apos;
Driver info: org.openqa.selenium.chrome.ChromeDriver
Capabilities [{mobileEmulationEnabled=false, hasTouchScreen=false, platform=XP, acceptSslCerts=false, goog:chromeOptions={debuggerAddress=localhost:54426}, acceptInsecureCerts=false, webStorageEnabled=true, browserName=chrome, takesScreenshot=true, javascriptEnabled=true, setWindowRect=true, unexpectedAlertBehaviour=, applicationCacheEnabled=false, rotatable=false, networkConnectionEnabled=false, chrome={chromedriverVersion=2.43.600210 (68dcf5eebde37173d4027fa8635e332711d2874a), userDataDir=C:\Users\5159473\AppData\Local\Temp\scoped_dir18244_15667}, takesHeapSnapshot=true, pageLoadStrategy=normal, databaseEnabled=false, handlesAlerts=true, version=71.0.3578.98, browserConnectionEnabled=false, nativeEvents=true, locationContextEnabled=true, cssSelectorsEnabled=true}]
Session ID: 0c8c8458579610bce39216d4df246c5b
*** Element info: {Using=xpath, value=//*[@id=&amp;apos;rightColumn&amp;apos;]/table/tbody/tr/td[1]/div/div[1]/div[2]/table/tbody/tr[1]/td[2]}">
      <![CDATA[java.lang.AssertionError: no such element: Unable to locate element: {"method":"xpath","selector":"//*[@id='rightColumn']/table/tbody/tr/td[1]/div/div[1]/div[2]/table/tbody/tr[1]/td[2]"}
  (Session info: chrome=71.0.3578.98)
  (Driver info: chromedriver=2.43.600210 (68dcf5eebde37173d4027fa8635e332711d2874a),platform=Windows NT 10.0.16299 x86_64) (WARNING: The server did not provide any stacktrace information)
Command duration or timeout: 30.02 seconds
For documentation on this error, please visit: http://seleniumhq.org/exceptions/no_such_element.html
Build info: version: '2.53.0', revision: '35ae25b1534ae328c771e0856c93e187490ca824', time: '2016-03-15 10:43:46'
System info: host: 'WTC-5159473-l2', ip: '172.27.142.145', os.name: 'Windows 10', os.arch: 'amd64', os.version: '10.0', java.version: '1.8.0_191'
Driver info: org.openqa.selenium.chrome.ChromeDriver
Capabilities [{mobileEmulationEnabled=false, hasTouchScreen=false, platform=XP, acceptSslCerts=false, goog:chromeOptions={debuggerAddress=localhost:54426}, acceptInsecureCerts=false, webStorageEnabled=true, browserName=chrome, takesScreenshot=true, javascriptEnabled=true, setWindowRect=true, unexpectedAlertBehaviour=, applicationCacheEnabled=false, rotatable=false, networkConnectionEnabled=false, chrome={chromedriverVersion=2.43.600210 (68dcf5eebde37173d4027fa8635e332711d2874a), userDataDir=C:\Users\5159473\AppData\Local\Temp\scoped_dir18244_15667}, takesHeapSnapshot=true, pageLoadStrategy=normal, databaseEnabled=false, handlesAlerts=true, version=71.0.3578.98, browserConnectionEnabled=false, nativeEvents=true, locationContextEnabled=true, cssSelectorsEnabled=true}]
Session ID: 0c8c8458579610bce39216d4df246c5b
*** Element info: {Using=xpath, value=//*[@id='rightColumn']/table/tbody/tr/td[1]/div/div[1]/div[2]/table/tbody/tr[1]/td[2]}
at Mission_Critical.WFCL_SmokeTest.CreditCardRegistrationEnroll(WFCL_SmokeTest.java:108)
at java.util.concurrent.FutureTask.run(Unknown Source)
at java.util.concurrent.Executors$RunnableAdapter.call(Unknown Source)
at java.util.concurrent.FutureTask.run(Unknown Source)
at java.util.concurrent.ThreadPoolExecutor.runWorker(Unknown Source)
at java.util.concurrent.ThreadPoolExecutor$Worker.run(Unknown Source)
at java.lang.Thread.run(Unknown Source)
... Removed 10 stack frames]]>
    </failure>
  </testcase> <!-- CreditCardRegistrationEnroll -->
  <testcase name="Password_Reset_Secret" time="265.17" classname="Mission_Critical.WFCL_SmokeTest"/>
  <testcase name="AccountRegistration_Admin" time="93.457" classname="Mission_Critical.WFCL_SmokeTest"/>
</testsuite> <!-- WFCL_Test -->
