<?xml version="1.0" encoding="UTF-8"?>
<!-- Generated by org.testng.reporters.JUnitReportReporter -->
<testsuite skipped="8" hostname="WTC-5159473-l2" name="Mission_Critical.MC_PI_2" tests="11" failures="2" timestamp="19 Feb 2019 17:02:33 GMT" time="441.727" errors="0">
  <testcase name="BR_TaxID" time="130.424" classname="Mission_Critical.MC_PI_2">
    <failure type="java.lang.AssertionError" message="Vat error is not present on page">
      <![CDATA[java.lang.AssertionError: Vat error is not present on page
at org.testng.Assert.fail(Assert.java:96)
at Mission_Critical.MC_PI_2.BR_TaxID(MC_PI_2.java:400)
at sun.reflect.NativeMethodAccessorImpl.invoke0(Native Method)
at sun.reflect.NativeMethodAccessorImpl.invoke(Unknown Source)
at sun.reflect.DelegatingMethodAccessorImpl.invoke(Unknown Source)
at java.lang.reflect.Method.invoke(Unknown Source)
at org.testng.internal.MethodInvocationHelper.invokeMethod(MethodInvocationHelper.java:124)
at org.testng.internal.Invoker.invokeMethod(Invoker.java:580)
at org.testng.internal.Invoker.invokeTestMethod(Invoker.java:716)
at org.testng.internal.TestMethodWithDataProviderMethodWorker.call(TestMethodWithDataProviderMethodWorker.java:71)
at org.testng.internal.TestMethodWithDataProviderMethodWorker.call(TestMethodWithDataProviderMethodWorker.java:14)
at java.util.concurrent.FutureTask.run(Unknown Source)
at java.util.concurrent.Executors$RunnableAdapter.call(Unknown Source)
at java.util.concurrent.FutureTask.run(Unknown Source)
at java.util.concurrent.ThreadPoolExecutor.runWorker(Unknown Source)
at java.util.concurrent.ThreadPoolExecutor$Worker.run(Unknown Source)
at java.lang.Thread.run(Unknown Source)
]]>
    </failure>
  </testcase> <!-- BR_TaxID -->
  <testcase name="BR_TaxID" time="129.602" classname="Mission_Critical.MC_PI_2">
    <failure type="java.lang.AssertionError" message="element not interactable
  (Session info: chrome=72.0.3626.109)
  (Driver info: chromedriver=2.43.600210 (68dcf5eebde37173d4027fa8635e332711d2874a),platform=Windows NT 10.0.16299 x86_64) (WARNING: The server did not provide any stacktrace information)
Command duration or timeout: 45.02 seconds
Build info: version: &#039;2.53.0&#039;, revision: &#039;35ae25b1534ae328c771e0856c93e187490ca824&#039;, time: &#039;2016-03-15 10:43:46&#039;
System info: host: &#039;WTC-5159473-l2&#039;, ip: &#039;172.27.142.145&#039;, os.name: &#039;Windows 10&#039;, os.arch: &#039;amd64&#039;, os.version: &#039;10.0&#039;, java.version: &#039;1.8.0_191&#039;
Driver info: org.openqa.selenium.chrome.ChromeDriver
Capabilities [{mobileEmulationEnabled=false, hasTouchScreen=false, platform=XP, acceptSslCerts=false, goog:chromeOptions={debuggerAddress=localhost:58999}, acceptInsecureCerts=false, webStorageEnabled=true, browserName=chrome, takesScreenshot=true, javascriptEnabled=true, setWindowRect=true, unexpectedAlertBehaviour=, applicationCacheEnabled=false, rotatable=false, networkConnectionEnabled=false, chrome={chromedriverVersion=2.43.600210 (68dcf5eebde37173d4027fa8635e332711d2874a), userDataDir=C:\Users\5159473\AppData\Local\Temp\scoped_dir27516_25591}, takesHeapSnapshot=true, pageLoadStrategy=normal, databaseEnabled=false, handlesAlerts=true, version=72.0.3626.109, browserConnectionEnabled=false, nativeEvents=true, locationContextEnabled=true, cssSelectorsEnabled=true}]
Session ID: aefea078828cdda952bfab59e3097a24">
      <![CDATA[java.lang.AssertionError: element not interactable
  (Session info: chrome=72.0.3626.109)
  (Driver info: chromedriver=2.43.600210 (68dcf5eebde37173d4027fa8635e332711d2874a),platform=Windows NT 10.0.16299 x86_64) (WARNING: The server did not provide any stacktrace information)
Command duration or timeout: 45.02 seconds
Build info: version: '2.53.0', revision: '35ae25b1534ae328c771e0856c93e187490ca824', time: '2016-03-15 10:43:46'
System info: host: 'WTC-5159473-l2', ip: '172.27.142.145', os.name: 'Windows 10', os.arch: 'amd64', os.version: '10.0', java.version: '1.8.0_191'
Driver info: org.openqa.selenium.chrome.ChromeDriver
Capabilities [{mobileEmulationEnabled=false, hasTouchScreen=false, platform=XP, acceptSslCerts=false, goog:chromeOptions={debuggerAddress=localhost:58999}, acceptInsecureCerts=false, webStorageEnabled=true, browserName=chrome, takesScreenshot=true, javascriptEnabled=true, setWindowRect=true, unexpectedAlertBehaviour=, applicationCacheEnabled=false, rotatable=false, networkConnectionEnabled=false, chrome={chromedriverVersion=2.43.600210 (68dcf5eebde37173d4027fa8635e332711d2874a), userDataDir=C:\Users\5159473\AppData\Local\Temp\scoped_dir27516_25591}, takesHeapSnapshot=true, pageLoadStrategy=normal, databaseEnabled=false, handlesAlerts=true, version=72.0.3626.109, browserConnectionEnabled=false, nativeEvents=true, locationContextEnabled=true, cssSelectorsEnabled=true}]
Session ID: aefea078828cdda952bfab59e3097a24
at org.testng.Assert.fail(Assert.java:96)
at Mission_Critical.MC_PI_2.BR_TaxID(MC_PI_2.java:400)
at sun.reflect.NativeMethodAccessorImpl.invoke0(Native Method)
at sun.reflect.NativeMethodAccessorImpl.invoke(Unknown Source)
at sun.reflect.DelegatingMethodAccessorImpl.invoke(Unknown Source)
at java.lang.reflect.Method.invoke(Unknown Source)
at org.testng.internal.MethodInvocationHelper.invokeMethod(MethodInvocationHelper.java:124)
at org.testng.internal.Invoker.invokeMethod(Invoker.java:580)
at org.testng.internal.Invoker.invokeTestMethod(Invoker.java:716)
at org.testng.internal.TestMethodWithDataProviderMethodWorker.call(TestMethodWithDataProviderMethodWorker.java:71)
at org.testng.internal.TestMethodWithDataProviderMethodWorker.call(TestMethodWithDataProviderMethodWorker.java:14)
at java.util.concurrent.FutureTask.run(Unknown Source)
at java.util.concurrent.Executors$RunnableAdapter.call(Unknown Source)
at java.util.concurrent.FutureTask.run(Unknown Source)
at java.util.concurrent.ThreadPoolExecutor.runWorker(Unknown Source)
at java.util.concurrent.ThreadPoolExecutor$Worker.run(Unknown Source)
at java.lang.Thread.run(Unknown Source)
]]>
    </failure>
  </testcase> <!-- BR_TaxID -->
  <testcase name="BR_TaxID" time="181.701" classname="Mission_Critical.MC_PI_2"/>
  <testcase name="WIDM_Reset_Password_Secret_SamePassword_Error" classname="Mission_Critical.MC_PI_2">
    <skipped/>
  </testcase> <!-- WIDM_Reset_Password_Secret_SamePassword_Error -->
  <testcase name="WFCL_Registration_Email_Validation_Legacy" classname="Mission_Critical.MC_PI_2">
    <skipped/>
  </testcase> <!-- WFCL_Registration_Email_Validation_Legacy -->
  <testcase name="WFCL_Reset_Password_Email_Validation" classname="Mission_Critical.MC_PI_2">
    <skipped/>
  </testcase> <!-- WFCL_Reset_Password_Email_Validation -->
  <testcase name="WIDM_Email_BounceBack" classname="Mission_Critical.MC_PI_2">
    <skipped/>
  </testcase> <!-- WIDM_Email_BounceBack -->
  <testcase name="WFCL_Forgot_UserID_Email_Validation" classname="Mission_Critical.MC_PI_2">
    <skipped/>
  </testcase> <!-- WFCL_Forgot_UserID_Email_Validation -->
  <testcase name="WFCL_Reset_Password_Secret_SamePassword_Error" classname="Mission_Critical.MC_PI_2">
    <skipped/>
  </testcase> <!-- WFCL_Reset_Password_Secret_SamePassword_Error -->
  <testcase name="WFCL_Registration_Email_Validation" classname="Mission_Critical.MC_PI_2">
    <skipped/>
  </testcase> <!-- WFCL_Registration_Email_Validation -->
  <testcase name="WIDM_Forgot_UserID_Email_Validation" classname="Mission_Critical.MC_PI_2">
    <skipped/>
  </testcase> <!-- WIDM_Forgot_UserID_Email_Validation -->
</testsuite> <!-- Mission_Critical.MC_PI_2 -->
