<?xml version="1.0" encoding="UTF-8"?>
<!-- Generated by org.testng.reporters.JUnitReportReporter -->
<testsuite skipped="1" hostname="WTC-5159473-l2" name="Soap_Execution.WebServices" tests="2" failures="1" timestamp="24 May 2019 18:41:16 GMT" time="392.725" errors="0">
  <testcase name="WebServices_CreateMeterNumber_Single" time="392.725" classname="Soap_Execution.WebServices">
    <failure type="java.lang.AssertionError" message="
Expected: a string containing &quot;&lt;HighestSeverity&gt;SUCCESS&lt;/HighestSeverity&gt;&quot;
     but: was &quot;‹¤”ÁnÂ0†_q†”EÚX58¦2qÏR·dj›ÊÞ~	ëX»D»ÅN¾?m7b³~x½KVÛYR·XÚÇª¬yö�¿îœkf¬wX)ùm¶ªY* ,;†R\Ô¨2$èemvòáþ�5™Æ[§Ø”§¯ë.·ä˜áq¤mÂÂ°#C;õúSì�Ý[$ãâà$M×©€_R¬¬3¹Ñçƒgç?&gt;~lìž4FiØx…3&#039;ÅÜfqôx2ž
˜/È¬Š8þk$U&quot;K:	)àª”R¼‘ªYé=¡S¦Œ«î|ÏÎVH=™e%ÑŸ6ÿÁéy×76¥Ø&quot;±c§�Z£1Òc®‡ièXßõa)JÂ7óI±¬R…™Q.®¥}Ö»0u¤‹±w _Ñ®|~uó¿‡Üõ“7O�üÿÿÅ×–&quot;">
      <![CDATA[java.lang.AssertionError: 
Expected: a string containing "<HighestSeverity>SUCCESS</HighestSeverity>"
     but: was "‹¤”ÁnÂ0†_q†”EÚX58¦2qÏR·dj›ÊÞ~ëX»D»ÅN¾?m7b³~x½KVÛYR·XÚÇª¬yö�¿îœkf¬wX)ùm¶ªY* ,;†R\Ô¨2$èemvòáþ�5™Æ[§Ø”§¯ë.·ä˜áq¤mÂÂ°#C;õúSì�Ý[$ãâà$M×©€_R¬¬3¹Ñçƒgç?>~lìž4FiØx…3'ÅÜfqôx2ž
˜/È¬Š8þk$U"K:)àª”R¼‘ªYé=¡S¦Œ«î|ÏÎVH=™e%ÑŸ6ÿÁéy×76¥Ø"±c§�Z£1Òc®‡ièXßõa)JÂ7óI±¬R…™Q.®¥}Ö»0u¤‹±w _Ñ®|~uó¿‡Üõ“7O�üÿÿÅ×–"
at org.hamcrest.MatcherAssert.assertThat(MatcherAssert.java:20)
at org.junit.Assert.assertThat(Assert.java:956)
at org.junit.Assert.assertThat(Assert.java:923)
at Soap_Execution.WebServices.WebServices_CreateMeterNumber_Single(WebServices.java:71)
at sun.reflect.NativeMethodAccessorImpl.invoke0(Native Method)
at sun.reflect.NativeMethodAccessorImpl.invoke(Unknown Source)
at sun.reflect.DelegatingMethodAccessorImpl.invoke(Unknown Source)
at java.lang.reflect.Method.invoke(Unknown Source)
at org.testng.internal.MethodInvocationHelper.invokeMethod(MethodInvocationHelper.java:124)
at org.testng.internal.Invoker.invokeMethod(Invoker.java:580)
at org.testng.internal.Invoker.invokeTestMethod(Invoker.java:716)
at org.testng.internal.Invoker.invokeTestMethods(Invoker.java:988)
at org.testng.internal.TestMethodWorker.invokeTestMethods(TestMethodWorker.java:125)
at org.testng.internal.TestMethodWorker.run(TestMethodWorker.java:109)
at org.testng.TestRunner.privateRun(TestRunner.java:648)
at org.testng.TestRunner.run(TestRunner.java:505)
at org.testng.SuiteRunner.runTest(SuiteRunner.java:455)
at org.testng.SuiteRunner.runSequentially(SuiteRunner.java:450)
at org.testng.SuiteRunner.privateRun(SuiteRunner.java:415)
at org.testng.SuiteRunner.run(SuiteRunner.java:364)
at org.testng.SuiteRunnerWorker.runSuite(SuiteRunnerWorker.java:52)
at org.testng.SuiteRunnerWorker.run(SuiteRunnerWorker.java:84)
at org.testng.TestNG.runSuitesSequentially(TestNG.java:1208)
at org.testng.TestNG.runSuitesLocally(TestNG.java:1137)
at org.testng.TestNG.runSuites(TestNG.java:1049)
at org.testng.TestNG.run(TestNG.java:1017)
at org.testng.remote.AbstractRemoteTestNG.run(AbstractRemoteTestNG.java:114)
at org.testng.remote.RemoteTestNG.initAndRun(RemoteTestNG.java:251)
at org.testng.remote.RemoteTestNG.main(RemoteTestNG.java:77)
]]>
    </failure>
  </testcase> <!-- WebServices_CreateMeterNumber_Single -->
  <testcase name="WebServices_CreateMeterNumber" classname="Soap_Execution.WebServices">
    <skipped/>
  </testcase> <!-- WebServices_CreateMeterNumber -->
</testsuite> <!-- Soap_Execution.WebServices -->
